[0.007s] Invoking command in '/home/lend/work_place/Foxmax-intership/task1/ros2_homework_basic_ws/build/cone_map_visualization': AMENT_PREFIX_PATH=/home/lend/work_place/Foxmax-intership/task1/ros2_homework_basic_ws/install/fsd_common_msgs:${AMENT_PREFIX_PATH} CMAKE_PREFIX_PATH=/home/lend/work_place/Foxmax-intership/task1/ros2_homework_basic_ws/install/fsd_common_msgs:/opt/ros/humble LD_LIBRARY_PATH=/home/lend/work_place/Foxmax-intership/task1/ros2_homework_basic_ws/install/fsd_common_msgs/lib:${LD_LIBRARY_PATH} PYTHONPATH=/home/lend/work_place/Foxmax-intership/task1/ros2_homework_basic_ws/install/fsd_common_msgs/local/lib/python3.10/dist-packages:${PYTHONPATH} /usr/bin/cmake --build /home/lend/work_place/Foxmax-intership/task1/ros2_homework_basic_ws/build/cone_map_visualization -- -j32 -l32
[0.040s] [35m[1mConsolidate compiler generated dependencies of target map_visualizer[0m
[0.054s] [ 50%] [32mBuilding CXX object CMakeFiles/map_visualizer.dir/src/visualization.cpp.o[0m
[5.593s] [100%] [32m[1mLinking CXX executable map_visualizer[0m
[5.886s] [100%] Built target map_visualizer
[5.898s] Invoked command in '/home/lend/work_place/Foxmax-intership/task1/ros2_homework_basic_ws/build/cone_map_visualization' returned '0': AMENT_PREFIX_PATH=/home/lend/work_place/Foxmax-intership/task1/ros2_homework_basic_ws/install/fsd_common_msgs:${AMENT_PREFIX_PATH} CMAKE_PREFIX_PATH=/home/lend/work_place/Foxmax-intership/task1/ros2_homework_basic_ws/install/fsd_common_msgs:/opt/ros/humble LD_LIBRARY_PATH=/home/lend/work_place/Foxmax-intership/task1/ros2_homework_basic_ws/install/fsd_common_msgs/lib:${LD_LIBRARY_PATH} PYTHONPATH=/home/lend/work_place/Foxmax-intership/task1/ros2_homework_basic_ws/install/fsd_common_msgs/local/lib/python3.10/dist-packages:${PYTHONPATH} /usr/bin/cmake --build /home/lend/work_place/Foxmax-intership/task1/ros2_homework_basic_ws/build/cone_map_visualization -- -j32 -l32
[5.900s] Invoking command in '/home/lend/work_place/Foxmax-intership/task1/ros2_homework_basic_ws/build/cone_map_visualization': AMENT_PREFIX_PATH=/home/lend/work_place/Foxmax-intership/task1/ros2_homework_basic_ws/install/fsd_common_msgs:${AMENT_PREFIX_PATH} CMAKE_PREFIX_PATH=/home/lend/work_place/Foxmax-intership/task1/ros2_homework_basic_ws/install/fsd_common_msgs:/opt/ros/humble LD_LIBRARY_PATH=/home/lend/work_place/Foxmax-intership/task1/ros2_homework_basic_ws/install/fsd_common_msgs/lib:${LD_LIBRARY_PATH} PYTHONPATH=/home/lend/work_place/Foxmax-intership/task1/ros2_homework_basic_ws/install/fsd_common_msgs/local/lib/python3.10/dist-packages:${PYTHONPATH} /usr/bin/cmake --install /home/lend/work_place/Foxmax-intership/task1/ros2_homework_basic_ws/build/cone_map_visualization
[5.907s] -- Install configuration: ""
[5.907s] -- Installing: /home/lend/work_place/Foxmax-intership/task1/ros2_homework_basic_ws/install/cone_map_visualization/lib/cone_map_visualization/map_visualizer
[5.911s] -- Set runtime path of "/home/lend/work_place/Foxmax-intership/task1/ros2_homework_basic_ws/install/cone_map_visualization/lib/cone_map_visualization/map_visualizer" to ""
[5.911s] -- Up-to-date: /home/lend/work_place/Foxmax-intership/task1/ros2_homework_basic_ws/install/cone_map_visualization/share/cone_map_visualization/launch
[5.911s] -- Installing: /home/lend/work_place/Foxmax-intership/task1/ros2_homework_basic_ws/install/cone_map_visualization/share/cone_map_visualization/launch/launch.py
[5.911s] -- Up-to-date: /home/lend/work_place/Foxmax-intership/task1/ros2_homework_basic_ws/install/cone_map_visualization/share/ament_index/resource_index/package_run_dependencies/cone_map_visualization
[5.911s] -- Up-to-date: /home/lend/work_place/Foxmax-intership/task1/ros2_homework_basic_ws/install/cone_map_visualization/share/ament_index/resource_index/parent_prefix_path/cone_map_visualization
[5.911s] -- Up-to-date: /home/lend/work_place/Foxmax-intership/task1/ros2_homework_basic_ws/install/cone_map_visualization/share/cone_map_visualization/environment/ament_prefix_path.sh
[5.912s] -- Up-to-date: /home/lend/work_place/Foxmax-intership/task1/ros2_homework_basic_ws/install/cone_map_visualization/share/cone_map_visualization/environment/ament_prefix_path.dsv
[5.912s] -- Up-to-date: /home/lend/work_place/Foxmax-intership/task1/ros2_homework_basic_ws/install/cone_map_visualization/share/cone_map_visualization/environment/path.sh
[5.912s] -- Up-to-date: /home/lend/work_place/Foxmax-intership/task1/ros2_homework_basic_ws/install/cone_map_visualization/share/cone_map_visualization/environment/path.dsv
[5.912s] -- Up-to-date: /home/lend/work_place/Foxmax-intership/task1/ros2_homework_basic_ws/install/cone_map_visualization/share/cone_map_visualization/local_setup.bash
[5.912s] -- Up-to-date: /home/lend/work_place/Foxmax-intership/task1/ros2_homework_basic_ws/install/cone_map_visualization/share/cone_map_visualization/local_setup.sh
[5.912s] -- Up-to-date: /home/lend/work_place/Foxmax-intership/task1/ros2_homework_basic_ws/install/cone_map_visualization/share/cone_map_visualization/local_setup.zsh
[5.912s] -- Up-to-date: /home/lend/work_place/Foxmax-intership/task1/ros2_homework_basic_ws/install/cone_map_visualization/share/cone_map_visualization/local_setup.dsv
[5.912s] -- Installing: /home/lend/work_place/Foxmax-intership/task1/ros2_homework_basic_ws/install/cone_map_visualization/share/cone_map_visualization/package.dsv
[5.912s] -- Up-to-date: /home/lend/work_place/Foxmax-intership/task1/ros2_homework_basic_ws/install/cone_map_visualization/share/ament_index/resource_index/packages/cone_map_visualization
[5.912s] -- Up-to-date: /home/lend/work_place/Foxmax-intership/task1/ros2_homework_basic_ws/install/cone_map_visualization/share/cone_map_visualization/cmake/cone_map_visualizationConfig.cmake
[5.912s] -- Up-to-date: /home/lend/work_place/Foxmax-intership/task1/ros2_homework_basic_ws/install/cone_map_visualization/share/cone_map_visualization/cmake/cone_map_visualizationConfig-version.cmake
[5.912s] -- Up-to-date: /home/lend/work_place/Foxmax-intership/task1/ros2_homework_basic_ws/install/cone_map_visualization/share/cone_map_visualization/package.xml
[5.914s] Invoked command in '/home/lend/work_place/Foxmax-intership/task1/ros2_homework_basic_ws/build/cone_map_visualization' returned '0': AMENT_PREFIX_PATH=/home/lend/work_place/Foxmax-intership/task1/ros2_homework_basic_ws/install/fsd_common_msgs:${AMENT_PREFIX_PATH} CMAKE_PREFIX_PATH=/home/lend/work_place/Foxmax-intership/task1/ros2_homework_basic_ws/install/fsd_common_msgs:/opt/ros/humble LD_LIBRARY_PATH=/home/lend/work_place/Foxmax-intership/task1/ros2_homework_basic_ws/install/fsd_common_msgs/lib:${LD_LIBRARY_PATH} PYTHONPATH=/home/lend/work_place/Foxmax-intership/task1/ros2_homework_basic_ws/install/fsd_common_msgs/local/lib/python3.10/dist-packages:${PYTHONPATH} /usr/bin/cmake --install /home/lend/work_place/Foxmax-intership/task1/ros2_homework_basic_ws/build/cone_map_visualization
