[0.069s] DEBUG:colcon:Command line arguments: ['/usr/bin/colcon', 'build']
[0.069s] DEBUG:colcon:Parsed command line arguments: Namespace(log_base=None, log_level=None, verb_name='build', build_base='build', install_base='install', merge_install=False, symlink_install=False, test_result_base=None, continue_on_error=False, executor='parallel', parallel_workers=32, event_handlers=None, ignore_user_meta=False, metas=['./colcon.meta'], base_paths=['.'], packages_ignore=None, packages_ignore_regex=None, paths=None, packages_up_to=None, packages_up_to_regex=None, packages_above=None, packages_above_and_dependencies=None, packages_above_depth=None, packages_select_by_dep=None, packages_skip_by_dep=None, packages_skip_up_to=None, packages_select_build_failed=False, packages_skip_build_finished=False, packages_select_test_failures=False, packages_skip_test_passed=False, packages_select=None, packages_skip=None, packages_select_regex=None, packages_skip_regex=None, packages_start=None, packages_end=None, allow_overriding=[], cmake_args=None, cmake_target=None, cmake_target_skip_unavailable=False, cmake_clean_cache=False, cmake_clean_first=False, cmake_force_configure=False, ament_cmake_args=None, catkin_cmake_args=None, catkin_skip_building_tests=False, verb_parser=<colcon_defaults.argument_parser.defaults.DefaultArgumentsDecorator object at 0x73600a5231c0>, verb_extension=<colcon_core.verb.build.BuildVerb object at 0x73600a67c670>, main=<bound method BuildVerb.main of <colcon_core.verb.build.BuildVerb object at 0x73600a67c670>>)
[0.172s] Level 1:colcon.colcon_core.package_discovery:discover_packages(colcon_meta) check parameters
[0.172s] Level 1:colcon.colcon_core.package_discovery:discover_packages(recursive) check parameters
[0.172s] Level 1:colcon.colcon_core.package_discovery:discover_packages(ignore) check parameters
[0.172s] Level 1:colcon.colcon_core.package_discovery:discover_packages(path) check parameters
[0.172s] Level 1:colcon.colcon_core.package_discovery:discover_packages(colcon_meta) discover
[0.172s] Level 1:colcon.colcon_core.package_discovery:discover_packages(recursive) discover
[0.172s] INFO:colcon.colcon_core.package_discovery:Crawling recursively for packages in '/home/lend/work_place/Foxmax-intership/task1/ros2_homework_basic_ws'
[0.172s] Level 1:colcon.colcon_core.package_identification:_identify(.) by extensions ['ignore', 'ignore_ament_install']
[0.172s] Level 1:colcon.colcon_core.package_identification:_identify(.) by extension 'ignore'
[0.172s] Level 1:colcon.colcon_core.package_identification:_identify(.) by extension 'ignore_ament_install'
[0.173s] Level 1:colcon.colcon_core.package_identification:_identify(.) by extensions ['colcon_pkg']
[0.173s] Level 1:colcon.colcon_core.package_identification:_identify(.) by extension 'colcon_pkg'
[0.173s] Level 1:colcon.colcon_core.package_identification:_identify(.) by extensions ['colcon_meta']
[0.173s] Level 1:colcon.colcon_core.package_identification:_identify(.) by extension 'colcon_meta'
[0.173s] Level 1:colcon.colcon_core.package_identification:_identify(.) by extensions ['ros']
[0.173s] Level 1:colcon.colcon_core.package_identification:_identify(.) by extension 'ros'
[0.181s] Level 1:colcon.colcon_core.package_identification:_identify(.) by extensions ['cmake', 'python']
[0.181s] Level 1:colcon.colcon_core.package_identification:_identify(.) by extension 'cmake'
[0.181s] Level 1:colcon.colcon_core.package_identification:_identify(.) by extension 'python'
[0.181s] Level 1:colcon.colcon_core.package_identification:_identify(.) by extensions ['python_setup_py']
[0.181s] Level 1:colcon.colcon_core.package_identification:_identify(.) by extension 'python_setup_py'
[0.181s] Level 1:colcon.colcon_core.package_identification:_identify(build) by extensions ['ignore', 'ignore_ament_install']
[0.181s] Level 1:colcon.colcon_core.package_identification:_identify(build) by extension 'ignore'
[0.181s] Level 1:colcon.colcon_core.package_identification:_identify(build) ignored
[0.181s] Level 1:colcon.colcon_core.package_identification:_identify(install) by extensions ['ignore', 'ignore_ament_install']
[0.181s] Level 1:colcon.colcon_core.package_identification:_identify(install) by extension 'ignore'
[0.181s] Level 1:colcon.colcon_core.package_identification:_identify(install) ignored
[0.181s] Level 1:colcon.colcon_core.package_identification:_identify(log) by extensions ['ignore', 'ignore_ament_install']
[0.181s] Level 1:colcon.colcon_core.package_identification:_identify(log) by extension 'ignore'
[0.181s] Level 1:colcon.colcon_core.package_identification:_identify(log) ignored
[0.181s] Level 1:colcon.colcon_core.package_identification:_identify(src) by extensions ['ignore', 'ignore_ament_install']
[0.181s] Level 1:colcon.colcon_core.package_identification:_identify(src) by extension 'ignore'
[0.181s] Level 1:colcon.colcon_core.package_identification:_identify(src) by extension 'ignore_ament_install'
[0.181s] Level 1:colcon.colcon_core.package_identification:_identify(src) by extensions ['colcon_pkg']
[0.181s] Level 1:colcon.colcon_core.package_identification:_identify(src) by extension 'colcon_pkg'
[0.181s] Level 1:colcon.colcon_core.package_identification:_identify(src) by extensions ['colcon_meta']
[0.182s] Level 1:colcon.colcon_core.package_identification:_identify(src) by extension 'colcon_meta'
[0.182s] Level 1:colcon.colcon_core.package_identification:_identify(src) by extensions ['ros']
[0.182s] Level 1:colcon.colcon_core.package_identification:_identify(src) by extension 'ros'
[0.182s] Level 1:colcon.colcon_core.package_identification:_identify(src) by extensions ['cmake', 'python']
[0.182s] Level 1:colcon.colcon_core.package_identification:_identify(src) by extension 'cmake'
[0.182s] Level 1:colcon.colcon_core.package_identification:_identify(src) by extension 'python'
[0.182s] Level 1:colcon.colcon_core.package_identification:_identify(src) by extensions ['python_setup_py']
[0.182s] Level 1:colcon.colcon_core.package_identification:_identify(src) by extension 'python_setup_py'
[0.182s] Level 1:colcon.colcon_core.package_identification:_identify(src/build) by extensions ['ignore', 'ignore_ament_install']
[0.182s] Level 1:colcon.colcon_core.package_identification:_identify(src/build) by extension 'ignore'
[0.182s] Level 1:colcon.colcon_core.package_identification:_identify(src/build) ignored
[0.182s] Level 1:colcon.colcon_core.package_identification:_identify(src/cone_map_visualization) by extensions ['ignore', 'ignore_ament_install']
[0.182s] Level 1:colcon.colcon_core.package_identification:_identify(src/cone_map_visualization) by extension 'ignore'
[0.182s] Level 1:colcon.colcon_core.package_identification:_identify(src/cone_map_visualization) by extension 'ignore_ament_install'
[0.182s] Level 1:colcon.colcon_core.package_identification:_identify(src/cone_map_visualization) by extensions ['colcon_pkg']
[0.182s] Level 1:colcon.colcon_core.package_identification:_identify(src/cone_map_visualization) by extension 'colcon_pkg'
[0.182s] Level 1:colcon.colcon_core.package_identification:_identify(src/cone_map_visualization) by extensions ['colcon_meta']
[0.182s] Level 1:colcon.colcon_core.package_identification:_identify(src/cone_map_visualization) by extension 'colcon_meta'
[0.182s] Level 1:colcon.colcon_core.package_identification:_identify(src/cone_map_visualization) by extensions ['ros']
[0.182s] Level 1:colcon.colcon_core.package_identification:_identify(src/cone_map_visualization) by extension 'ros'
[0.184s] DEBUG:colcon.colcon_core.package_identification:Package 'src/cone_map_visualization' with type 'ros.ament_cmake' and name 'cone_map_visualization'
[0.184s] Level 1:colcon.colcon_core.package_identification:_identify(src/fsd_common_msgs) by extensions ['ignore', 'ignore_ament_install']
[0.184s] Level 1:colcon.colcon_core.package_identification:_identify(src/fsd_common_msgs) by extension 'ignore'
[0.184s] Level 1:colcon.colcon_core.package_identification:_identify(src/fsd_common_msgs) by extension 'ignore_ament_install'
[0.184s] Level 1:colcon.colcon_core.package_identification:_identify(src/fsd_common_msgs) by extensions ['colcon_pkg']
[0.184s] Level 1:colcon.colcon_core.package_identification:_identify(src/fsd_common_msgs) by extension 'colcon_pkg'
[0.184s] Level 1:colcon.colcon_core.package_identification:_identify(src/fsd_common_msgs) by extensions ['colcon_meta']
[0.184s] Level 1:colcon.colcon_core.package_identification:_identify(src/fsd_common_msgs) by extension 'colcon_meta'
[0.184s] Level 1:colcon.colcon_core.package_identification:_identify(src/fsd_common_msgs) by extensions ['ros']
[0.184s] Level 1:colcon.colcon_core.package_identification:_identify(src/fsd_common_msgs) by extension 'ros'
[0.185s] DEBUG:colcon.colcon_core.package_identification:Package 'src/fsd_common_msgs' with type 'ros.ament_cmake' and name 'fsd_common_msgs'
[0.185s] Level 1:colcon.colcon_core.package_identification:_identify(src/install) by extensions ['ignore', 'ignore_ament_install']
[0.185s] Level 1:colcon.colcon_core.package_identification:_identify(src/install) by extension 'ignore'
[0.185s] Level 1:colcon.colcon_core.package_identification:_identify(src/install) ignored
[0.185s] Level 1:colcon.colcon_core.package_identification:_identify(src/log) by extensions ['ignore', 'ignore_ament_install']
[0.185s] Level 1:colcon.colcon_core.package_identification:_identify(src/log) by extension 'ignore'
[0.185s] Level 1:colcon.colcon_core.package_identification:_identify(src/log) ignored
[0.185s] Level 1:colcon.colcon_core.package_identification:_identify(src/result) by extensions ['ignore', 'ignore_ament_install']
[0.185s] Level 1:colcon.colcon_core.package_identification:_identify(src/result) by extension 'ignore'
[0.185s] Level 1:colcon.colcon_core.package_identification:_identify(src/result) by extension 'ignore_ament_install'
[0.185s] Level 1:colcon.colcon_core.package_identification:_identify(src/result) by extensions ['colcon_pkg']
[0.185s] Level 1:colcon.colcon_core.package_identification:_identify(src/result) by extension 'colcon_pkg'
[0.185s] Level 1:colcon.colcon_core.package_identification:_identify(src/result) by extensions ['colcon_meta']
[0.185s] Level 1:colcon.colcon_core.package_identification:_identify(src/result) by extension 'colcon_meta'
[0.185s] Level 1:colcon.colcon_core.package_identification:_identify(src/result) by extensions ['ros']
[0.185s] Level 1:colcon.colcon_core.package_identification:_identify(src/result) by extension 'ros'
[0.185s] Level 1:colcon.colcon_core.package_identification:_identify(src/result) by extensions ['cmake', 'python']
[0.185s] Level 1:colcon.colcon_core.package_identification:_identify(src/result) by extension 'cmake'
[0.185s] Level 1:colcon.colcon_core.package_identification:_identify(src/result) by extension 'python'
[0.185s] Level 1:colcon.colcon_core.package_identification:_identify(src/result) by extensions ['python_setup_py']
[0.186s] Level 1:colcon.colcon_core.package_identification:_identify(src/result) by extension 'python_setup_py'
[0.186s] Level 1:colcon.colcon_core.package_identification:_identify(src/ros2_homework_basic_package) by extensions ['ignore', 'ignore_ament_install']
[0.186s] Level 1:colcon.colcon_core.package_identification:_identify(src/ros2_homework_basic_package) by extension 'ignore'
[0.186s] Level 1:colcon.colcon_core.package_identification:_identify(src/ros2_homework_basic_package) by extension 'ignore_ament_install'
[0.186s] Level 1:colcon.colcon_core.package_identification:_identify(src/ros2_homework_basic_package) by extensions ['colcon_pkg']
[0.186s] Level 1:colcon.colcon_core.package_identification:_identify(src/ros2_homework_basic_package) by extension 'colcon_pkg'
[0.186s] Level 1:colcon.colcon_core.package_identification:_identify(src/ros2_homework_basic_package) by extensions ['colcon_meta']
[0.186s] Level 1:colcon.colcon_core.package_identification:_identify(src/ros2_homework_basic_package) by extension 'colcon_meta'
[0.186s] Level 1:colcon.colcon_core.package_identification:_identify(src/ros2_homework_basic_package) by extensions ['ros']
[0.186s] Level 1:colcon.colcon_core.package_identification:_identify(src/ros2_homework_basic_package) by extension 'ros'
[0.186s] DEBUG:colcon.colcon_core.package_identification:Package 'src/ros2_homework_basic_package' with type 'ros.ament_cmake' and name 'ros2_homework_basic_package'
[0.186s] Level 1:colcon.colcon_core.package_discovery:discover_packages(recursive) using defaults
[0.186s] Level 1:colcon.colcon_core.package_discovery:discover_packages(ignore) discover
[0.186s] Level 1:colcon.colcon_core.package_discovery:discover_packages(ignore) using defaults
[0.186s] Level 1:colcon.colcon_core.package_discovery:discover_packages(path) discover
[0.186s] Level 1:colcon.colcon_core.package_discovery:discover_packages(path) using defaults
[0.200s] Level 1:colcon.colcon_core.package_discovery:discover_packages(prefix_path) check parameters
[0.200s] Level 1:colcon.colcon_core.package_discovery:discover_packages(prefix_path) discover
[0.201s] DEBUG:colcon.colcon_installed_package_information.package_discovery:Found 3 installed packages in /home/lend/work_place/Foxmax-intership/task1/ros2_homework_basic_ws/install
[0.202s] DEBUG:colcon.colcon_installed_package_information.package_discovery:Found 274 installed packages in /opt/ros/humble
[0.204s] Level 1:colcon.colcon_core.package_discovery:discover_packages(prefix_path) using defaults
[0.236s] Level 5:colcon.colcon_core.verb:set package 'fsd_common_msgs' build argument 'cmake_args' from command line to 'None'
[0.236s] Level 5:colcon.colcon_core.verb:set package 'fsd_common_msgs' build argument 'cmake_target' from command line to 'None'
[0.236s] Level 5:colcon.colcon_core.verb:set package 'fsd_common_msgs' build argument 'cmake_target_skip_unavailable' from command line to 'False'
[0.236s] Level 5:colcon.colcon_core.verb:set package 'fsd_common_msgs' build argument 'cmake_clean_cache' from command line to 'False'
[0.236s] Level 5:colcon.colcon_core.verb:set package 'fsd_common_msgs' build argument 'cmake_clean_first' from command line to 'False'
[0.236s] Level 5:colcon.colcon_core.verb:set package 'fsd_common_msgs' build argument 'cmake_force_configure' from command line to 'False'
[0.236s] Level 5:colcon.colcon_core.verb:set package 'fsd_common_msgs' build argument 'ament_cmake_args' from command line to 'None'
[0.236s] Level 5:colcon.colcon_core.verb:set package 'fsd_common_msgs' build argument 'catkin_cmake_args' from command line to 'None'
[0.236s] Level 5:colcon.colcon_core.verb:set package 'fsd_common_msgs' build argument 'catkin_skip_building_tests' from command line to 'False'
[0.236s] DEBUG:colcon.colcon_core.verb:Building package 'fsd_common_msgs' with the following arguments: {'ament_cmake_args': None, 'build_base': '/home/lend/work_place/Foxmax-intership/task1/ros2_homework_basic_ws/build/fsd_common_msgs', 'catkin_cmake_args': None, 'catkin_skip_building_tests': False, 'cmake_args': None, 'cmake_clean_cache': False, 'cmake_clean_first': False, 'cmake_force_configure': False, 'cmake_target': None, 'cmake_target_skip_unavailable': False, 'install_base': '/home/lend/work_place/Foxmax-intership/task1/ros2_homework_basic_ws/install/fsd_common_msgs', 'merge_install': False, 'path': '/home/lend/work_place/Foxmax-intership/task1/ros2_homework_basic_ws/src/fsd_common_msgs', 'symlink_install': False, 'test_result_base': None}
[0.236s] Level 5:colcon.colcon_core.verb:set package 'ros2_homework_basic_package' build argument 'cmake_args' from command line to 'None'
[0.236s] Level 5:colcon.colcon_core.verb:set package 'ros2_homework_basic_package' build argument 'cmake_target' from command line to 'None'
[0.236s] Level 5:colcon.colcon_core.verb:set package 'ros2_homework_basic_package' build argument 'cmake_target_skip_unavailable' from command line to 'False'
[0.236s] Level 5:colcon.colcon_core.verb:set package 'ros2_homework_basic_package' build argument 'cmake_clean_cache' from command line to 'False'
[0.236s] Level 5:colcon.colcon_core.verb:set package 'ros2_homework_basic_package' build argument 'cmake_clean_first' from command line to 'False'
[0.236s] Level 5:colcon.colcon_core.verb:set package 'ros2_homework_basic_package' build argument 'cmake_force_configure' from command line to 'False'
[0.236s] Level 5:colcon.colcon_core.verb:set package 'ros2_homework_basic_package' build argument 'ament_cmake_args' from command line to 'None'
[0.236s] Level 5:colcon.colcon_core.verb:set package 'ros2_homework_basic_package' build argument 'catkin_cmake_args' from command line to 'None'
[0.236s] Level 5:colcon.colcon_core.verb:set package 'ros2_homework_basic_package' build argument 'catkin_skip_building_tests' from command line to 'False'
[0.236s] DEBUG:colcon.colcon_core.verb:Building package 'ros2_homework_basic_package' with the following arguments: {'ament_cmake_args': None, 'build_base': '/home/lend/work_place/Foxmax-intership/task1/ros2_homework_basic_ws/build/ros2_homework_basic_package', 'catkin_cmake_args': None, 'catkin_skip_building_tests': False, 'cmake_args': None, 'cmake_clean_cache': False, 'cmake_clean_first': False, 'cmake_force_configure': False, 'cmake_target': None, 'cmake_target_skip_unavailable': False, 'install_base': '/home/lend/work_place/Foxmax-intership/task1/ros2_homework_basic_ws/install/ros2_homework_basic_package', 'merge_install': False, 'path': '/home/lend/work_place/Foxmax-intership/task1/ros2_homework_basic_ws/src/ros2_homework_basic_package', 'symlink_install': False, 'test_result_base': None}
[0.237s] Level 5:colcon.colcon_core.verb:set package 'cone_map_visualization' build argument 'cmake_args' from command line to 'None'
[0.237s] Level 5:colcon.colcon_core.verb:set package 'cone_map_visualization' build argument 'cmake_target' from command line to 'None'
[0.237s] Level 5:colcon.colcon_core.verb:set package 'cone_map_visualization' build argument 'cmake_target_skip_unavailable' from command line to 'False'
[0.237s] Level 5:colcon.colcon_core.verb:set package 'cone_map_visualization' build argument 'cmake_clean_cache' from command line to 'False'
[0.237s] Level 5:colcon.colcon_core.verb:set package 'cone_map_visualization' build argument 'cmake_clean_first' from command line to 'False'
[0.237s] Level 5:colcon.colcon_core.verb:set package 'cone_map_visualization' build argument 'cmake_force_configure' from command line to 'False'
[0.237s] Level 5:colcon.colcon_core.verb:set package 'cone_map_visualization' build argument 'ament_cmake_args' from command line to 'None'
[0.237s] Level 5:colcon.colcon_core.verb:set package 'cone_map_visualization' build argument 'catkin_cmake_args' from command line to 'None'
[0.237s] Level 5:colcon.colcon_core.verb:set package 'cone_map_visualization' build argument 'catkin_skip_building_tests' from command line to 'False'
[0.237s] DEBUG:colcon.colcon_core.verb:Building package 'cone_map_visualization' with the following arguments: {'ament_cmake_args': None, 'build_base': '/home/lend/work_place/Foxmax-intership/task1/ros2_homework_basic_ws/build/cone_map_visualization', 'catkin_cmake_args': None, 'catkin_skip_building_tests': False, 'cmake_args': None, 'cmake_clean_cache': False, 'cmake_clean_first': False, 'cmake_force_configure': False, 'cmake_target': None, 'cmake_target_skip_unavailable': False, 'install_base': '/home/lend/work_place/Foxmax-intership/task1/ros2_homework_basic_ws/install/cone_map_visualization', 'merge_install': False, 'path': '/home/lend/work_place/Foxmax-intership/task1/ros2_homework_basic_ws/src/cone_map_visualization', 'symlink_install': False, 'test_result_base': None}
[0.237s] INFO:colcon.colcon_core.executor:Executing jobs using 'parallel' executor
[0.238s] DEBUG:colcon.colcon_parallel_executor.executor.parallel:run_until_complete
[0.238s] INFO:colcon.colcon_ros.task.ament_cmake.build:Building ROS package in '/home/lend/work_place/Foxmax-intership/task1/ros2_homework_basic_ws/src/fsd_common_msgs' with build type 'ament_cmake'
[0.238s] INFO:colcon.colcon_cmake.task.cmake.build:Building CMake package in '/home/lend/work_place/Foxmax-intership/task1/ros2_homework_basic_ws/src/fsd_common_msgs'
[0.239s] INFO:colcon.colcon_core.plugin_system:Skipping extension 'colcon_core.shell.bat': Not used on non-Windows systems
[0.239s] INFO:colcon.colcon_core.shell:Skip shell extension 'powershell' for command environment: Not usable outside of PowerShell
[0.239s] DEBUG:colcon.colcon_core.shell:Skip shell extension 'dsv' for command environment
[0.242s] INFO:colcon.colcon_ros.task.ament_cmake.build:Building ROS package in '/home/lend/work_place/Foxmax-intership/task1/ros2_homework_basic_ws/src/ros2_homework_basic_package' with build type 'ament_cmake'
[0.242s] INFO:colcon.colcon_cmake.task.cmake.build:Building CMake package in '/home/lend/work_place/Foxmax-intership/task1/ros2_homework_basic_ws/src/ros2_homework_basic_package'
[0.242s] INFO:colcon.colcon_core.shell:Skip shell extension 'powershell' for command environment: Not usable outside of PowerShell
[0.242s] DEBUG:colcon.colcon_core.shell:Skip shell extension 'dsv' for command environment
[0.248s] DEBUG:colcon.colcon_core.event_handler.log_command:Invoking command in '/home/lend/work_place/Foxmax-intership/task1/ros2_homework_basic_ws/build/fsd_common_msgs': CMAKE_PREFIX_PATH=${CMAKE_PREFIX_PATH}:/opt/ros/humble /usr/bin/cmake --build /home/lend/work_place/Foxmax-intership/task1/ros2_homework_basic_ws/build/fsd_common_msgs -- -j32 -l32
[0.251s] DEBUG:colcon.colcon_core.event_handler.log_command:Invoking command in '/home/lend/work_place/Foxmax-intership/task1/ros2_homework_basic_ws/build/ros2_homework_basic_package': CMAKE_PREFIX_PATH=${CMAKE_PREFIX_PATH}:/opt/ros/humble /usr/bin/cmake --build /home/lend/work_place/Foxmax-intership/task1/ros2_homework_basic_ws/build/ros2_homework_basic_package -- -j32 -l32
[0.313s] DEBUG:colcon.colcon_core.event_handler.log_command:Invoked command in '/home/lend/work_place/Foxmax-intership/task1/ros2_homework_basic_ws/build/ros2_homework_basic_package' returned '0': CMAKE_PREFIX_PATH=${CMAKE_PREFIX_PATH}:/opt/ros/humble /usr/bin/cmake --build /home/lend/work_place/Foxmax-intership/task1/ros2_homework_basic_ws/build/ros2_homework_basic_package -- -j32 -l32
[0.322s] DEBUG:colcon.colcon_core.event_handler.log_command:Invoking command in '/home/lend/work_place/Foxmax-intership/task1/ros2_homework_basic_ws/build/ros2_homework_basic_package': CMAKE_PREFIX_PATH=${CMAKE_PREFIX_PATH}:/opt/ros/humble /usr/bin/cmake --install /home/lend/work_place/Foxmax-intership/task1/ros2_homework_basic_ws/build/ros2_homework_basic_package
[0.330s] Level 1:colcon.colcon_core.environment:create_environment_scripts_only(ros2_homework_basic_package)
[0.331s] DEBUG:colcon.colcon_core.event_handler.log_command:Invoked command in '/home/lend/work_place/Foxmax-intership/task1/ros2_homework_basic_ws/build/ros2_homework_basic_package' returned '0': CMAKE_PREFIX_PATH=${CMAKE_PREFIX_PATH}:/opt/ros/humble /usr/bin/cmake --install /home/lend/work_place/Foxmax-intership/task1/ros2_homework_basic_ws/build/ros2_homework_basic_package
[0.332s] Level 1:colcon.colcon_core.environment:checking '/home/lend/work_place/Foxmax-intership/task1/ros2_homework_basic_ws/install/ros2_homework_basic_package' for CMake module files
[0.333s] Level 1:colcon.colcon_core.environment:checking '/home/lend/work_place/Foxmax-intership/task1/ros2_homework_basic_ws/install/ros2_homework_basic_package' for CMake config files
[0.333s] Level 1:colcon.colcon_core.shell:create_environment_hook('ros2_homework_basic_package', 'cmake_prefix_path')
[0.333s] INFO:colcon.colcon_core.shell:Creating environment hook '/home/lend/work_place/Foxmax-intership/task1/ros2_homework_basic_ws/install/ros2_homework_basic_package/share/ros2_homework_basic_package/hook/cmake_prefix_path.ps1'
[0.333s] INFO:colcon.colcon_core.shell:Creating environment descriptor '/home/lend/work_place/Foxmax-intership/task1/ros2_homework_basic_ws/install/ros2_homework_basic_package/share/ros2_homework_basic_package/hook/cmake_prefix_path.dsv'
[0.334s] INFO:colcon.colcon_core.shell:Creating environment hook '/home/lend/work_place/Foxmax-intership/task1/ros2_homework_basic_ws/install/ros2_homework_basic_package/share/ros2_homework_basic_package/hook/cmake_prefix_path.sh'
[0.334s] Level 1:colcon.colcon_core.environment:checking '/home/lend/work_place/Foxmax-intership/task1/ros2_homework_basic_ws/install/ros2_homework_basic_package/lib'
[0.335s] Level 1:colcon.colcon_core.environment:checking '/home/lend/work_place/Foxmax-intership/task1/ros2_homework_basic_ws/install/ros2_homework_basic_package/bin'
[0.335s] Level 1:colcon.colcon_core.environment:checking '/home/lend/work_place/Foxmax-intership/task1/ros2_homework_basic_ws/install/ros2_homework_basic_package/lib/pkgconfig/ros2_homework_basic_package.pc'
[0.335s] Level 1:colcon.colcon_core.environment:checking '/home/lend/work_place/Foxmax-intership/task1/ros2_homework_basic_ws/install/ros2_homework_basic_package/lib/python3.10/site-packages'
[0.335s] Level 1:colcon.colcon_core.environment:checking '/home/lend/work_place/Foxmax-intership/task1/ros2_homework_basic_ws/install/ros2_homework_basic_package/bin'
[0.335s] INFO:colcon.colcon_core.shell:Creating package script '/home/lend/work_place/Foxmax-intership/task1/ros2_homework_basic_ws/install/ros2_homework_basic_package/share/ros2_homework_basic_package/package.ps1'
[0.337s] INFO:colcon.colcon_core.shell:Creating package descriptor '/home/lend/work_place/Foxmax-intership/task1/ros2_homework_basic_ws/install/ros2_homework_basic_package/share/ros2_homework_basic_package/package.dsv'
[0.338s] INFO:colcon.colcon_core.shell:Creating package script '/home/lend/work_place/Foxmax-intership/task1/ros2_homework_basic_ws/install/ros2_homework_basic_package/share/ros2_homework_basic_package/package.sh'
[0.338s] INFO:colcon.colcon_core.shell:Creating package script '/home/lend/work_place/Foxmax-intership/task1/ros2_homework_basic_ws/install/ros2_homework_basic_package/share/ros2_homework_basic_package/package.bash'
[0.339s] INFO:colcon.colcon_core.shell:Creating package script '/home/lend/work_place/Foxmax-intership/task1/ros2_homework_basic_ws/install/ros2_homework_basic_package/share/ros2_homework_basic_package/package.zsh'
[0.339s] Level 1:colcon.colcon_core.environment:create_file_with_runtime_dependencies(/home/lend/work_place/Foxmax-intership/task1/ros2_homework_basic_ws/install/ros2_homework_basic_package/share/colcon-core/packages/ros2_homework_basic_package)
[0.340s] Level 1:colcon.colcon_core.environment:create_environment_scripts_only(ros2_homework_basic_package)
[0.340s] Level 1:colcon.colcon_core.environment:checking '/home/lend/work_place/Foxmax-intership/task1/ros2_homework_basic_ws/install/ros2_homework_basic_package' for CMake module files
[0.340s] Level 1:colcon.colcon_core.environment:checking '/home/lend/work_place/Foxmax-intership/task1/ros2_homework_basic_ws/install/ros2_homework_basic_package' for CMake config files
[0.340s] Level 1:colcon.colcon_core.shell:create_environment_hook('ros2_homework_basic_package', 'cmake_prefix_path')
[0.340s] INFO:colcon.colcon_core.shell:Creating environment hook '/home/lend/work_place/Foxmax-intership/task1/ros2_homework_basic_ws/install/ros2_homework_basic_package/share/ros2_homework_basic_package/hook/cmake_prefix_path.ps1'
[0.341s] INFO:colcon.colcon_core.shell:Creating environment descriptor '/home/lend/work_place/Foxmax-intership/task1/ros2_homework_basic_ws/install/ros2_homework_basic_package/share/ros2_homework_basic_package/hook/cmake_prefix_path.dsv'
[0.341s] INFO:colcon.colcon_core.shell:Creating environment hook '/home/lend/work_place/Foxmax-intership/task1/ros2_homework_basic_ws/install/ros2_homework_basic_package/share/ros2_homework_basic_package/hook/cmake_prefix_path.sh'
[0.341s] Level 1:colcon.colcon_core.environment:checking '/home/lend/work_place/Foxmax-intership/task1/ros2_homework_basic_ws/install/ros2_homework_basic_package/lib'
[0.341s] Level 1:colcon.colcon_core.environment:checking '/home/lend/work_place/Foxmax-intership/task1/ros2_homework_basic_ws/install/ros2_homework_basic_package/bin'
[0.341s] Level 1:colcon.colcon_core.environment:checking '/home/lend/work_place/Foxmax-intership/task1/ros2_homework_basic_ws/install/ros2_homework_basic_package/lib/pkgconfig/ros2_homework_basic_package.pc'
[0.342s] Level 1:colcon.colcon_core.environment:checking '/home/lend/work_place/Foxmax-intership/task1/ros2_homework_basic_ws/install/ros2_homework_basic_package/lib/python3.10/site-packages'
[0.342s] Level 1:colcon.colcon_core.environment:checking '/home/lend/work_place/Foxmax-intership/task1/ros2_homework_basic_ws/install/ros2_homework_basic_package/bin'
[0.342s] INFO:colcon.colcon_core.shell:Creating package script '/home/lend/work_place/Foxmax-intership/task1/ros2_homework_basic_ws/install/ros2_homework_basic_package/share/ros2_homework_basic_package/package.ps1'
[0.342s] INFO:colcon.colcon_core.shell:Creating package descriptor '/home/lend/work_place/Foxmax-intership/task1/ros2_homework_basic_ws/install/ros2_homework_basic_package/share/ros2_homework_basic_package/package.dsv'
[0.343s] INFO:colcon.colcon_core.shell:Creating package script '/home/lend/work_place/Foxmax-intership/task1/ros2_homework_basic_ws/install/ros2_homework_basic_package/share/ros2_homework_basic_package/package.sh'
[0.343s] INFO:colcon.colcon_core.shell:Creating package script '/home/lend/work_place/Foxmax-intership/task1/ros2_homework_basic_ws/install/ros2_homework_basic_package/share/ros2_homework_basic_package/package.bash'
[0.343s] INFO:colcon.colcon_core.shell:Creating package script '/home/lend/work_place/Foxmax-intership/task1/ros2_homework_basic_ws/install/ros2_homework_basic_package/share/ros2_homework_basic_package/package.zsh'
[0.344s] Level 1:colcon.colcon_core.environment:create_file_with_runtime_dependencies(/home/lend/work_place/Foxmax-intership/task1/ros2_homework_basic_ws/install/ros2_homework_basic_package/share/colcon-core/packages/ros2_homework_basic_package)
[0.506s] DEBUG:colcon.colcon_core.event_handler.log_command:Invoked command in '/home/lend/work_place/Foxmax-intership/task1/ros2_homework_basic_ws/build/fsd_common_msgs' returned '0': CMAKE_PREFIX_PATH=${CMAKE_PREFIX_PATH}:/opt/ros/humble /usr/bin/cmake --build /home/lend/work_place/Foxmax-intership/task1/ros2_homework_basic_ws/build/fsd_common_msgs -- -j32 -l32
[0.507s] DEBUG:colcon.colcon_core.event_handler.log_command:Invoking command in '/home/lend/work_place/Foxmax-intership/task1/ros2_homework_basic_ws/build/fsd_common_msgs': CMAKE_PREFIX_PATH=${CMAKE_PREFIX_PATH}:/opt/ros/humble /usr/bin/cmake --install /home/lend/work_place/Foxmax-intership/task1/ros2_homework_basic_ws/build/fsd_common_msgs
[0.559s] Level 1:colcon.colcon_core.environment:create_environment_scripts_only(fsd_common_msgs)
[0.560s] Level 1:colcon.colcon_core.environment:checking '/home/lend/work_place/Foxmax-intership/task1/ros2_homework_basic_ws/install/fsd_common_msgs' for CMake module files
[0.560s] DEBUG:colcon.colcon_core.event_handler.log_command:Invoked command in '/home/lend/work_place/Foxmax-intership/task1/ros2_homework_basic_ws/build/fsd_common_msgs' returned '0': CMAKE_PREFIX_PATH=${CMAKE_PREFIX_PATH}:/opt/ros/humble /usr/bin/cmake --install /home/lend/work_place/Foxmax-intership/task1/ros2_homework_basic_ws/build/fsd_common_msgs
[0.560s] Level 1:colcon.colcon_core.environment:checking '/home/lend/work_place/Foxmax-intership/task1/ros2_homework_basic_ws/install/fsd_common_msgs' for CMake config files
[0.561s] Level 1:colcon.colcon_core.shell:create_environment_hook('fsd_common_msgs', 'cmake_prefix_path')
[0.561s] INFO:colcon.colcon_core.shell:Creating environment hook '/home/lend/work_place/Foxmax-intership/task1/ros2_homework_basic_ws/install/fsd_common_msgs/share/fsd_common_msgs/hook/cmake_prefix_path.ps1'
[0.561s] INFO:colcon.colcon_core.shell:Creating environment descriptor '/home/lend/work_place/Foxmax-intership/task1/ros2_homework_basic_ws/install/fsd_common_msgs/share/fsd_common_msgs/hook/cmake_prefix_path.dsv'
[0.562s] INFO:colcon.colcon_core.shell:Creating environment hook '/home/lend/work_place/Foxmax-intership/task1/ros2_homework_basic_ws/install/fsd_common_msgs/share/fsd_common_msgs/hook/cmake_prefix_path.sh'
[0.562s] Level 1:colcon.colcon_core.environment:checking '/home/lend/work_place/Foxmax-intership/task1/ros2_homework_basic_ws/install/fsd_common_msgs/lib'
[0.562s] Level 1:colcon.colcon_core.shell:create_environment_hook('fsd_common_msgs', 'ld_library_path_lib')
[0.562s] INFO:colcon.colcon_core.shell:Creating environment hook '/home/lend/work_place/Foxmax-intership/task1/ros2_homework_basic_ws/install/fsd_common_msgs/share/fsd_common_msgs/hook/ld_library_path_lib.ps1'
[0.562s] INFO:colcon.colcon_core.shell:Creating environment descriptor '/home/lend/work_place/Foxmax-intership/task1/ros2_homework_basic_ws/install/fsd_common_msgs/share/fsd_common_msgs/hook/ld_library_path_lib.dsv'
[0.563s] INFO:colcon.colcon_core.shell:Creating environment hook '/home/lend/work_place/Foxmax-intership/task1/ros2_homework_basic_ws/install/fsd_common_msgs/share/fsd_common_msgs/hook/ld_library_path_lib.sh'
[0.563s] Level 1:colcon.colcon_core.environment:checking '/home/lend/work_place/Foxmax-intership/task1/ros2_homework_basic_ws/install/fsd_common_msgs/bin'
[0.563s] Level 1:colcon.colcon_core.environment:checking '/home/lend/work_place/Foxmax-intership/task1/ros2_homework_basic_ws/install/fsd_common_msgs/lib/pkgconfig/fsd_common_msgs.pc'
[0.563s] Level 1:colcon.colcon_core.environment:checking '/home/lend/work_place/Foxmax-intership/task1/ros2_homework_basic_ws/install/fsd_common_msgs/lib/python3.10/site-packages'
[0.563s] Level 1:colcon.colcon_core.environment:checking '/home/lend/work_place/Foxmax-intership/task1/ros2_homework_basic_ws/install/fsd_common_msgs/bin'
[0.563s] INFO:colcon.colcon_core.shell:Creating package script '/home/lend/work_place/Foxmax-intership/task1/ros2_homework_basic_ws/install/fsd_common_msgs/share/fsd_common_msgs/package.ps1'
[0.564s] INFO:colcon.colcon_core.shell:Creating package descriptor '/home/lend/work_place/Foxmax-intership/task1/ros2_homework_basic_ws/install/fsd_common_msgs/share/fsd_common_msgs/package.dsv'
[0.564s] INFO:colcon.colcon_core.shell:Creating package script '/home/lend/work_place/Foxmax-intership/task1/ros2_homework_basic_ws/install/fsd_common_msgs/share/fsd_common_msgs/package.sh'
[0.564s] INFO:colcon.colcon_core.shell:Creating package script '/home/lend/work_place/Foxmax-intership/task1/ros2_homework_basic_ws/install/fsd_common_msgs/share/fsd_common_msgs/package.bash'
[0.564s] INFO:colcon.colcon_core.shell:Creating package script '/home/lend/work_place/Foxmax-intership/task1/ros2_homework_basic_ws/install/fsd_common_msgs/share/fsd_common_msgs/package.zsh'
[0.564s] Level 1:colcon.colcon_core.environment:create_file_with_runtime_dependencies(/home/lend/work_place/Foxmax-intership/task1/ros2_homework_basic_ws/install/fsd_common_msgs/share/colcon-core/packages/fsd_common_msgs)
[0.565s] Level 1:colcon.colcon_core.environment:create_environment_scripts_only(fsd_common_msgs)
[0.565s] Level 1:colcon.colcon_core.environment:checking '/home/lend/work_place/Foxmax-intership/task1/ros2_homework_basic_ws/install/fsd_common_msgs' for CMake module files
[0.565s] Level 1:colcon.colcon_core.environment:checking '/home/lend/work_place/Foxmax-intership/task1/ros2_homework_basic_ws/install/fsd_common_msgs' for CMake config files
[0.566s] Level 1:colcon.colcon_core.shell:create_environment_hook('fsd_common_msgs', 'cmake_prefix_path')
[0.566s] INFO:colcon.colcon_core.shell:Creating environment hook '/home/lend/work_place/Foxmax-intership/task1/ros2_homework_basic_ws/install/fsd_common_msgs/share/fsd_common_msgs/hook/cmake_prefix_path.ps1'
[0.589s] INFO:colcon.colcon_core.shell:Creating environment descriptor '/home/lend/work_place/Foxmax-intership/task1/ros2_homework_basic_ws/install/fsd_common_msgs/share/fsd_common_msgs/hook/cmake_prefix_path.dsv'
[0.590s] INFO:colcon.colcon_core.shell:Creating environment hook '/home/lend/work_place/Foxmax-intership/task1/ros2_homework_basic_ws/install/fsd_common_msgs/share/fsd_common_msgs/hook/cmake_prefix_path.sh'
[0.590s] Level 1:colcon.colcon_core.environment:checking '/home/lend/work_place/Foxmax-intership/task1/ros2_homework_basic_ws/install/fsd_common_msgs/lib'
[0.590s] Level 1:colcon.colcon_core.shell:create_environment_hook('fsd_common_msgs', 'ld_library_path_lib')
[0.590s] INFO:colcon.colcon_core.shell:Creating environment hook '/home/lend/work_place/Foxmax-intership/task1/ros2_homework_basic_ws/install/fsd_common_msgs/share/fsd_common_msgs/hook/ld_library_path_lib.ps1'
[0.590s] INFO:colcon.colcon_core.shell:Creating environment descriptor '/home/lend/work_place/Foxmax-intership/task1/ros2_homework_basic_ws/install/fsd_common_msgs/share/fsd_common_msgs/hook/ld_library_path_lib.dsv'
[0.590s] INFO:colcon.colcon_core.shell:Creating environment hook '/home/lend/work_place/Foxmax-intership/task1/ros2_homework_basic_ws/install/fsd_common_msgs/share/fsd_common_msgs/hook/ld_library_path_lib.sh'
[0.591s] Level 1:colcon.colcon_core.environment:checking '/home/lend/work_place/Foxmax-intership/task1/ros2_homework_basic_ws/install/fsd_common_msgs/bin'
[0.591s] Level 1:colcon.colcon_core.environment:checking '/home/lend/work_place/Foxmax-intership/task1/ros2_homework_basic_ws/install/fsd_common_msgs/lib/pkgconfig/fsd_common_msgs.pc'
[0.591s] Level 1:colcon.colcon_core.environment:checking '/home/lend/work_place/Foxmax-intership/task1/ros2_homework_basic_ws/install/fsd_common_msgs/lib/python3.10/site-packages'
[0.591s] Level 1:colcon.colcon_core.environment:checking '/home/lend/work_place/Foxmax-intership/task1/ros2_homework_basic_ws/install/fsd_common_msgs/bin'
[0.591s] INFO:colcon.colcon_core.shell:Creating package script '/home/lend/work_place/Foxmax-intership/task1/ros2_homework_basic_ws/install/fsd_common_msgs/share/fsd_common_msgs/package.ps1'
[0.591s] INFO:colcon.colcon_core.shell:Creating package descriptor '/home/lend/work_place/Foxmax-intership/task1/ros2_homework_basic_ws/install/fsd_common_msgs/share/fsd_common_msgs/package.dsv'
[0.592s] INFO:colcon.colcon_core.shell:Creating package script '/home/lend/work_place/Foxmax-intership/task1/ros2_homework_basic_ws/install/fsd_common_msgs/share/fsd_common_msgs/package.sh'
[0.592s] INFO:colcon.colcon_core.shell:Creating package script '/home/lend/work_place/Foxmax-intership/task1/ros2_homework_basic_ws/install/fsd_common_msgs/share/fsd_common_msgs/package.bash'
[0.592s] INFO:colcon.colcon_core.shell:Creating package script '/home/lend/work_place/Foxmax-intership/task1/ros2_homework_basic_ws/install/fsd_common_msgs/share/fsd_common_msgs/package.zsh'
[0.592s] Level 1:colcon.colcon_core.environment:create_file_with_runtime_dependencies(/home/lend/work_place/Foxmax-intership/task1/ros2_homework_basic_ws/install/fsd_common_msgs/share/colcon-core/packages/fsd_common_msgs)
[0.592s] INFO:colcon.colcon_ros.task.ament_cmake.build:Building ROS package in '/home/lend/work_place/Foxmax-intership/task1/ros2_homework_basic_ws/src/cone_map_visualization' with build type 'ament_cmake'
[0.592s] INFO:colcon.colcon_cmake.task.cmake.build:Building CMake package in '/home/lend/work_place/Foxmax-intership/task1/ros2_homework_basic_ws/src/cone_map_visualization'
[0.593s] INFO:colcon.colcon_core.shell:Skip shell extension 'powershell' for command environment: Not usable outside of PowerShell
[0.593s] DEBUG:colcon.colcon_core.shell:Skip shell extension 'dsv' for command environment
[0.600s] DEBUG:colcon.colcon_core.event_handler.log_command:Invoking command in '/home/lend/work_place/Foxmax-intership/task1/ros2_homework_basic_ws/build/cone_map_visualization': CMAKE_PREFIX_PATH=${CMAKE_PREFIX_PATH}:/opt/ros/humble /usr/bin/cmake /home/lend/work_place/Foxmax-intership/task1/ros2_homework_basic_ws/src/cone_map_visualization -DCMAKE_INSTALL_PREFIX=/home/lend/work_place/Foxmax-intership/task1/ros2_homework_basic_ws/install/cone_map_visualization
[0.943s] DEBUG:colcon.colcon_core.event_handler.log_command:Invoked command in '/home/lend/work_place/Foxmax-intership/task1/ros2_homework_basic_ws/build/cone_map_visualization' returned '0': CMAKE_PREFIX_PATH=${CMAKE_PREFIX_PATH}:/opt/ros/humble /usr/bin/cmake /home/lend/work_place/Foxmax-intership/task1/ros2_homework_basic_ws/src/cone_map_visualization -DCMAKE_INSTALL_PREFIX=/home/lend/work_place/Foxmax-intership/task1/ros2_homework_basic_ws/install/cone_map_visualization
[0.944s] DEBUG:colcon.colcon_core.event_handler.log_command:Invoking command in '/home/lend/work_place/Foxmax-intership/task1/ros2_homework_basic_ws/build/cone_map_visualization': CMAKE_PREFIX_PATH=${CMAKE_PREFIX_PATH}:/opt/ros/humble /usr/bin/cmake --build /home/lend/work_place/Foxmax-intership/task1/ros2_homework_basic_ws/build/cone_map_visualization -- -j32 -l32
[6.309s] DEBUG:colcon.colcon_core.event_handler.log_command:Invoked command in '/home/lend/work_place/Foxmax-intership/task1/ros2_homework_basic_ws/build/cone_map_visualization' returned '0': CMAKE_PREFIX_PATH=${CMAKE_PREFIX_PATH}:/opt/ros/humble /usr/bin/cmake --build /home/lend/work_place/Foxmax-intership/task1/ros2_homework_basic_ws/build/cone_map_visualization -- -j32 -l32
[6.310s] DEBUG:colcon.colcon_core.event_handler.log_command:Invoking command in '/home/lend/work_place/Foxmax-intership/task1/ros2_homework_basic_ws/build/cone_map_visualization': CMAKE_PREFIX_PATH=${CMAKE_PREFIX_PATH}:/opt/ros/humble /usr/bin/cmake --install /home/lend/work_place/Foxmax-intership/task1/ros2_homework_basic_ws/build/cone_map_visualization
[6.320s] DEBUG:colcon.colcon_core.event_handler.log_command:Invoked command in '/home/lend/work_place/Foxmax-intership/task1/ros2_homework_basic_ws/build/cone_map_visualization' returned '1': CMAKE_PREFIX_PATH=${CMAKE_PREFIX_PATH}:/opt/ros/humble /usr/bin/cmake --install /home/lend/work_place/Foxmax-intership/task1/ros2_homework_basic_ws/build/cone_map_visualization
[6.321s] Level 1:colcon.colcon_core.environment:create_environment_scripts_only(cone_map_visualization)
[6.321s] Level 1:colcon.colcon_core.environment:checking '/home/lend/work_place/Foxmax-intership/task1/ros2_homework_basic_ws/install/cone_map_visualization' for CMake module files
[6.321s] Level 1:colcon.colcon_core.environment:checking '/home/lend/work_place/Foxmax-intership/task1/ros2_homework_basic_ws/install/cone_map_visualization' for CMake config files
[6.321s] Level 1:colcon.colcon_core.environment:checking '/home/lend/work_place/Foxmax-intership/task1/ros2_homework_basic_ws/install/cone_map_visualization/lib'
[6.321s] Level 1:colcon.colcon_core.environment:checking '/home/lend/work_place/Foxmax-intership/task1/ros2_homework_basic_ws/install/cone_map_visualization/bin'
[6.321s] Level 1:colcon.colcon_core.environment:checking '/home/lend/work_place/Foxmax-intership/task1/ros2_homework_basic_ws/install/cone_map_visualization/lib/pkgconfig/cone_map_visualization.pc'
[6.321s] Level 1:colcon.colcon_core.environment:checking '/home/lend/work_place/Foxmax-intership/task1/ros2_homework_basic_ws/install/cone_map_visualization/lib/python3.10/site-packages'
[6.322s] Level 1:colcon.colcon_core.environment:checking '/home/lend/work_place/Foxmax-intership/task1/ros2_homework_basic_ws/install/cone_map_visualization/bin'
[6.322s] INFO:colcon.colcon_core.shell:Creating package script '/home/lend/work_place/Foxmax-intership/task1/ros2_homework_basic_ws/install/cone_map_visualization/share/cone_map_visualization/package.ps1'
[6.322s] INFO:colcon.colcon_core.shell:Creating package descriptor '/home/lend/work_place/Foxmax-intership/task1/ros2_homework_basic_ws/install/cone_map_visualization/share/cone_map_visualization/package.dsv'
[6.322s] INFO:colcon.colcon_core.shell:Creating package script '/home/lend/work_place/Foxmax-intership/task1/ros2_homework_basic_ws/install/cone_map_visualization/share/cone_map_visualization/package.sh'
[6.323s] INFO:colcon.colcon_core.shell:Creating package script '/home/lend/work_place/Foxmax-intership/task1/ros2_homework_basic_ws/install/cone_map_visualization/share/cone_map_visualization/package.bash'
[6.323s] INFO:colcon.colcon_core.shell:Creating package script '/home/lend/work_place/Foxmax-intership/task1/ros2_homework_basic_ws/install/cone_map_visualization/share/cone_map_visualization/package.zsh'
[6.323s] Level 1:colcon.colcon_core.environment:create_file_with_runtime_dependencies(/home/lend/work_place/Foxmax-intership/task1/ros2_homework_basic_ws/install/cone_map_visualization/share/colcon-core/packages/cone_map_visualization)
[6.333s] DEBUG:colcon.colcon_parallel_executor.executor.parallel:closing loop
[6.333s] DEBUG:colcon.colcon_parallel_executor.executor.parallel:loop closed
[6.333s] DEBUG:colcon.colcon_parallel_executor.executor.parallel:run_until_complete finished with '1'
[6.333s] DEBUG:colcon.colcon_core.event_reactor:joining thread
[6.337s] INFO:colcon.colcon_core.plugin_system:Skipping extension 'colcon_notification.desktop_notification.terminal_notifier': Not used on non-Darwin systems
[6.337s] INFO:colcon.colcon_core.plugin_system:Skipping extension 'colcon_notification.desktop_notification.win32': Not used on non-Windows systems
[6.337s] INFO:colcon.colcon_notification.desktop_notification:Sending desktop notification using 'notify2'
[6.343s] DEBUG:colcon.colcon_core.event_reactor:joined thread
[6.343s] INFO:colcon.colcon_core.shell:Creating prefix script '/home/lend/work_place/Foxmax-intership/task1/ros2_homework_basic_ws/install/local_setup.ps1'
[6.344s] INFO:colcon.colcon_core.shell:Creating prefix util module '/home/lend/work_place/Foxmax-intership/task1/ros2_homework_basic_ws/install/_local_setup_util_ps1.py'
[6.345s] INFO:colcon.colcon_core.shell:Creating prefix chain script '/home/lend/work_place/Foxmax-intership/task1/ros2_homework_basic_ws/install/setup.ps1'
[6.345s] INFO:colcon.colcon_core.shell:Creating prefix script '/home/lend/work_place/Foxmax-intership/task1/ros2_homework_basic_ws/install/local_setup.sh'
[6.346s] INFO:colcon.colcon_core.shell:Creating prefix util module '/home/lend/work_place/Foxmax-intership/task1/ros2_homework_basic_ws/install/_local_setup_util_sh.py'
[6.346s] INFO:colcon.colcon_core.shell:Creating prefix chain script '/home/lend/work_place/Foxmax-intership/task1/ros2_homework_basic_ws/install/setup.sh'
[6.346s] INFO:colcon.colcon_core.shell:Creating prefix script '/home/lend/work_place/Foxmax-intership/task1/ros2_homework_basic_ws/install/local_setup.bash'
[6.347s] INFO:colcon.colcon_core.shell:Creating prefix chain script '/home/lend/work_place/Foxmax-intership/task1/ros2_homework_basic_ws/install/setup.bash'
[6.347s] INFO:colcon.colcon_core.shell:Creating prefix script '/home/lend/work_place/Foxmax-intership/task1/ros2_homework_basic_ws/install/local_setup.zsh'
[6.347s] INFO:colcon.colcon_core.shell:Creating prefix chain script '/home/lend/work_place/Foxmax-intership/task1/ros2_homework_basic_ws/install/setup.zsh'
