[0.071s] DEBUG:colcon:Command line arguments: ['/usr/bin/colcon', 'build']
[0.071s] DEBUG:colcon:Parsed command line arguments: Namespace(log_base=None, log_level=None, verb_name='build', build_base='build', install_base='install', merge_install=False, symlink_install=False, test_result_base=None, continue_on_error=False, executor='parallel', parallel_workers=32, event_handlers=None, ignore_user_meta=False, metas=['./colcon.meta'], base_paths=['.'], packages_ignore=None, packages_ignore_regex=None, paths=None, packages_up_to=None, packages_up_to_regex=None, packages_above=None, packages_above_and_dependencies=None, packages_above_depth=None, packages_select_by_dep=None, packages_skip_by_dep=None, packages_skip_up_to=None, packages_select_build_failed=False, packages_skip_build_finished=False, packages_select_test_failures=False, packages_skip_test_passed=False, packages_select=None, packages_skip=None, packages_select_regex=None, packages_skip_regex=None, packages_start=None, packages_end=None, allow_overriding=[], cmake_args=None, cmake_target=None, cmake_target_skip_unavailable=False, cmake_clean_cache=False, cmake_clean_first=False, cmake_force_configure=False, ament_cmake_args=None, catkin_cmake_args=None, catkin_skip_building_tests=False, verb_parser=<colcon_defaults.argument_parser.defaults.DefaultArgumentsDecorator object at 0x794110f131c0>, verb_extension=<colcon_core.verb.build.BuildVerb object at 0x794111080670>, main=<bound method BuildVerb.main of <colcon_core.verb.build.BuildVerb object at 0x794111080670>>)
[0.184s] Level 1:colcon.colcon_core.package_discovery:discover_packages(colcon_meta) check parameters
[0.185s] Level 1:colcon.colcon_core.package_discovery:discover_packages(recursive) check parameters
[0.185s] Level 1:colcon.colcon_core.package_discovery:discover_packages(ignore) check parameters
[0.185s] Level 1:colcon.colcon_core.package_discovery:discover_packages(path) check parameters
[0.185s] Level 1:colcon.colcon_core.package_discovery:discover_packages(colcon_meta) discover
[0.185s] Level 1:colcon.colcon_core.package_discovery:discover_packages(recursive) discover
[0.185s] INFO:colcon.colcon_core.package_discovery:Crawling recursively for packages in '/home/lend/work_place/Foxmax-intership/task1/ros2_homework_basic_ws'
[0.185s] Level 1:colcon.colcon_core.package_identification:_identify(.) by extensions ['ignore', 'ignore_ament_install']
[0.185s] Level 1:colcon.colcon_core.package_identification:_identify(.) by extension 'ignore'
[0.185s] Level 1:colcon.colcon_core.package_identification:_identify(.) by extension 'ignore_ament_install'
[0.185s] Level 1:colcon.colcon_core.package_identification:_identify(.) by extensions ['colcon_pkg']
[0.185s] Level 1:colcon.colcon_core.package_identification:_identify(.) by extension 'colcon_pkg'
[0.185s] Level 1:colcon.colcon_core.package_identification:_identify(.) by extensions ['colcon_meta']
[0.185s] Level 1:colcon.colcon_core.package_identification:_identify(.) by extension 'colcon_meta'
[0.185s] Level 1:colcon.colcon_core.package_identification:_identify(.) by extensions ['ros']
[0.185s] Level 1:colcon.colcon_core.package_identification:_identify(.) by extension 'ros'
[0.193s] Level 1:colcon.colcon_core.package_identification:_identify(.) by extensions ['cmake', 'python']
[0.193s] Level 1:colcon.colcon_core.package_identification:_identify(.) by extension 'cmake'
[0.193s] Level 1:colcon.colcon_core.package_identification:_identify(.) by extension 'python'
[0.193s] Level 1:colcon.colcon_core.package_identification:_identify(.) by extensions ['python_setup_py']
[0.193s] Level 1:colcon.colcon_core.package_identification:_identify(.) by extension 'python_setup_py'
[0.194s] Level 1:colcon.colcon_core.package_identification:_identify(build) by extensions ['ignore', 'ignore_ament_install']
[0.194s] Level 1:colcon.colcon_core.package_identification:_identify(build) by extension 'ignore'
[0.194s] Level 1:colcon.colcon_core.package_identification:_identify(build) ignored
[0.194s] Level 1:colcon.colcon_core.package_identification:_identify(install) by extensions ['ignore', 'ignore_ament_install']
[0.194s] Level 1:colcon.colcon_core.package_identification:_identify(install) by extension 'ignore'
[0.194s] Level 1:colcon.colcon_core.package_identification:_identify(install) ignored
[0.194s] Level 1:colcon.colcon_core.package_identification:_identify(log) by extensions ['ignore', 'ignore_ament_install']
[0.194s] Level 1:colcon.colcon_core.package_identification:_identify(log) by extension 'ignore'
[0.194s] Level 1:colcon.colcon_core.package_identification:_identify(log) ignored
[0.194s] Level 1:colcon.colcon_core.package_identification:_identify(src) by extensions ['ignore', 'ignore_ament_install']
[0.194s] Level 1:colcon.colcon_core.package_identification:_identify(src) by extension 'ignore'
[0.194s] Level 1:colcon.colcon_core.package_identification:_identify(src) by extension 'ignore_ament_install'
[0.194s] Level 1:colcon.colcon_core.package_identification:_identify(src) by extensions ['colcon_pkg']
[0.194s] Level 1:colcon.colcon_core.package_identification:_identify(src) by extension 'colcon_pkg'
[0.194s] Level 1:colcon.colcon_core.package_identification:_identify(src) by extensions ['colcon_meta']
[0.194s] Level 1:colcon.colcon_core.package_identification:_identify(src) by extension 'colcon_meta'
[0.194s] Level 1:colcon.colcon_core.package_identification:_identify(src) by extensions ['ros']
[0.194s] Level 1:colcon.colcon_core.package_identification:_identify(src) by extension 'ros'
[0.194s] Level 1:colcon.colcon_core.package_identification:_identify(src) by extensions ['cmake', 'python']
[0.194s] Level 1:colcon.colcon_core.package_identification:_identify(src) by extension 'cmake'
[0.194s] Level 1:colcon.colcon_core.package_identification:_identify(src) by extension 'python'
[0.194s] Level 1:colcon.colcon_core.package_identification:_identify(src) by extensions ['python_setup_py']
[0.194s] Level 1:colcon.colcon_core.package_identification:_identify(src) by extension 'python_setup_py'
[0.194s] Level 1:colcon.colcon_core.package_identification:_identify(src/build) by extensions ['ignore', 'ignore_ament_install']
[0.194s] Level 1:colcon.colcon_core.package_identification:_identify(src/build) by extension 'ignore'
[0.195s] Level 1:colcon.colcon_core.package_identification:_identify(src/build) ignored
[0.195s] Level 1:colcon.colcon_core.package_identification:_identify(src/cone_map_visualization) by extensions ['ignore', 'ignore_ament_install']
[0.195s] Level 1:colcon.colcon_core.package_identification:_identify(src/cone_map_visualization) by extension 'ignore'
[0.195s] Level 1:colcon.colcon_core.package_identification:_identify(src/cone_map_visualization) by extension 'ignore_ament_install'
[0.195s] Level 1:colcon.colcon_core.package_identification:_identify(src/cone_map_visualization) by extensions ['colcon_pkg']
[0.195s] Level 1:colcon.colcon_core.package_identification:_identify(src/cone_map_visualization) by extension 'colcon_pkg'
[0.195s] Level 1:colcon.colcon_core.package_identification:_identify(src/cone_map_visualization) by extensions ['colcon_meta']
[0.195s] Level 1:colcon.colcon_core.package_identification:_identify(src/cone_map_visualization) by extension 'colcon_meta'
[0.195s] Level 1:colcon.colcon_core.package_identification:_identify(src/cone_map_visualization) by extensions ['ros']
[0.195s] Level 1:colcon.colcon_core.package_identification:_identify(src/cone_map_visualization) by extension 'ros'
[0.197s] DEBUG:colcon.colcon_core.package_identification:Package 'src/cone_map_visualization' with type 'ros.ament_cmake' and name 'cone_map_visualization'
[0.197s] Level 1:colcon.colcon_core.package_identification:_identify(src/fsd_common_msgs) by extensions ['ignore', 'ignore_ament_install']
[0.197s] Level 1:colcon.colcon_core.package_identification:_identify(src/fsd_common_msgs) by extension 'ignore'
[0.197s] Level 1:colcon.colcon_core.package_identification:_identify(src/fsd_common_msgs) by extension 'ignore_ament_install'
[0.197s] Level 1:colcon.colcon_core.package_identification:_identify(src/fsd_common_msgs) by extensions ['colcon_pkg']
[0.197s] Level 1:colcon.colcon_core.package_identification:_identify(src/fsd_common_msgs) by extension 'colcon_pkg'
[0.197s] Level 1:colcon.colcon_core.package_identification:_identify(src/fsd_common_msgs) by extensions ['colcon_meta']
[0.197s] Level 1:colcon.colcon_core.package_identification:_identify(src/fsd_common_msgs) by extension 'colcon_meta'
[0.197s] Level 1:colcon.colcon_core.package_identification:_identify(src/fsd_common_msgs) by extensions ['ros']
[0.197s] Level 1:colcon.colcon_core.package_identification:_identify(src/fsd_common_msgs) by extension 'ros'
[0.197s] DEBUG:colcon.colcon_core.package_identification:Package 'src/fsd_common_msgs' with type 'ros.ament_cmake' and name 'fsd_common_msgs'
[0.198s] Level 1:colcon.colcon_core.package_identification:_identify(src/install) by extensions ['ignore', 'ignore_ament_install']
[0.198s] Level 1:colcon.colcon_core.package_identification:_identify(src/install) by extension 'ignore'
[0.198s] Level 1:colcon.colcon_core.package_identification:_identify(src/install) ignored
[0.198s] Level 1:colcon.colcon_core.package_identification:_identify(src/log) by extensions ['ignore', 'ignore_ament_install']
[0.198s] Level 1:colcon.colcon_core.package_identification:_identify(src/log) by extension 'ignore'
[0.198s] Level 1:colcon.colcon_core.package_identification:_identify(src/log) ignored
[0.198s] Level 1:colcon.colcon_core.package_identification:_identify(src/result) by extensions ['ignore', 'ignore_ament_install']
[0.198s] Level 1:colcon.colcon_core.package_identification:_identify(src/result) by extension 'ignore'
[0.198s] Level 1:colcon.colcon_core.package_identification:_identify(src/result) by extension 'ignore_ament_install'
[0.198s] Level 1:colcon.colcon_core.package_identification:_identify(src/result) by extensions ['colcon_pkg']
[0.198s] Level 1:colcon.colcon_core.package_identification:_identify(src/result) by extension 'colcon_pkg'
[0.198s] Level 1:colcon.colcon_core.package_identification:_identify(src/result) by extensions ['colcon_meta']
[0.198s] Level 1:colcon.colcon_core.package_identification:_identify(src/result) by extension 'colcon_meta'
[0.198s] Level 1:colcon.colcon_core.package_identification:_identify(src/result) by extensions ['ros']
[0.198s] Level 1:colcon.colcon_core.package_identification:_identify(src/result) by extension 'ros'
[0.198s] Level 1:colcon.colcon_core.package_identification:_identify(src/result) by extensions ['cmake', 'python']
[0.198s] Level 1:colcon.colcon_core.package_identification:_identify(src/result) by extension 'cmake'
[0.198s] Level 1:colcon.colcon_core.package_identification:_identify(src/result) by extension 'python'
[0.198s] Level 1:colcon.colcon_core.package_identification:_identify(src/result) by extensions ['python_setup_py']
[0.198s] Level 1:colcon.colcon_core.package_identification:_identify(src/result) by extension 'python_setup_py'
[0.198s] Level 1:colcon.colcon_core.package_identification:_identify(src/ros2_homework_basic_package) by extensions ['ignore', 'ignore_ament_install']
[0.198s] Level 1:colcon.colcon_core.package_identification:_identify(src/ros2_homework_basic_package) by extension 'ignore'
[0.198s] Level 1:colcon.colcon_core.package_identification:_identify(src/ros2_homework_basic_package) by extension 'ignore_ament_install'
[0.198s] Level 1:colcon.colcon_core.package_identification:_identify(src/ros2_homework_basic_package) by extensions ['colcon_pkg']
[0.198s] Level 1:colcon.colcon_core.package_identification:_identify(src/ros2_homework_basic_package) by extension 'colcon_pkg'
[0.198s] Level 1:colcon.colcon_core.package_identification:_identify(src/ros2_homework_basic_package) by extensions ['colcon_meta']
[0.198s] Level 1:colcon.colcon_core.package_identification:_identify(src/ros2_homework_basic_package) by extension 'colcon_meta'
[0.198s] Level 1:colcon.colcon_core.package_identification:_identify(src/ros2_homework_basic_package) by extensions ['ros']
[0.198s] Level 1:colcon.colcon_core.package_identification:_identify(src/ros2_homework_basic_package) by extension 'ros'
[0.199s] DEBUG:colcon.colcon_core.package_identification:Package 'src/ros2_homework_basic_package' with type 'ros.ament_cmake' and name 'ros2_homework_basic_package'
[0.199s] Level 1:colcon.colcon_core.package_discovery:discover_packages(recursive) using defaults
[0.199s] Level 1:colcon.colcon_core.package_discovery:discover_packages(ignore) discover
[0.199s] Level 1:colcon.colcon_core.package_discovery:discover_packages(ignore) using defaults
[0.199s] Level 1:colcon.colcon_core.package_discovery:discover_packages(path) discover
[0.199s] Level 1:colcon.colcon_core.package_discovery:discover_packages(path) using defaults
[0.213s] Level 1:colcon.colcon_core.package_discovery:discover_packages(prefix_path) check parameters
[0.213s] Level 1:colcon.colcon_core.package_discovery:discover_packages(prefix_path) discover
[0.215s] DEBUG:colcon.colcon_installed_package_information.package_discovery:Found 3 installed packages in /home/lend/work_place/Foxmax-intership/task1/ros2_homework_basic_ws/install
[0.216s] DEBUG:colcon.colcon_installed_package_information.package_discovery:Found 274 installed packages in /opt/ros/humble
[0.218s] Level 1:colcon.colcon_core.package_discovery:discover_packages(prefix_path) using defaults
[0.255s] Level 5:colcon.colcon_core.verb:set package 'fsd_common_msgs' build argument 'cmake_args' from command line to 'None'
[0.255s] Level 5:colcon.colcon_core.verb:set package 'fsd_common_msgs' build argument 'cmake_target' from command line to 'None'
[0.255s] Level 5:colcon.colcon_core.verb:set package 'fsd_common_msgs' build argument 'cmake_target_skip_unavailable' from command line to 'False'
[0.255s] Level 5:colcon.colcon_core.verb:set package 'fsd_common_msgs' build argument 'cmake_clean_cache' from command line to 'False'
[0.255s] Level 5:colcon.colcon_core.verb:set package 'fsd_common_msgs' build argument 'cmake_clean_first' from command line to 'False'
[0.255s] Level 5:colcon.colcon_core.verb:set package 'fsd_common_msgs' build argument 'cmake_force_configure' from command line to 'False'
[0.255s] Level 5:colcon.colcon_core.verb:set package 'fsd_common_msgs' build argument 'ament_cmake_args' from command line to 'None'
[0.256s] Level 5:colcon.colcon_core.verb:set package 'fsd_common_msgs' build argument 'catkin_cmake_args' from command line to 'None'
[0.256s] Level 5:colcon.colcon_core.verb:set package 'fsd_common_msgs' build argument 'catkin_skip_building_tests' from command line to 'False'
[0.256s] DEBUG:colcon.colcon_core.verb:Building package 'fsd_common_msgs' with the following arguments: {'ament_cmake_args': None, 'build_base': '/home/lend/work_place/Foxmax-intership/task1/ros2_homework_basic_ws/build/fsd_common_msgs', 'catkin_cmake_args': None, 'catkin_skip_building_tests': False, 'cmake_args': None, 'cmake_clean_cache': False, 'cmake_clean_first': False, 'cmake_force_configure': False, 'cmake_target': None, 'cmake_target_skip_unavailable': False, 'install_base': '/home/lend/work_place/Foxmax-intership/task1/ros2_homework_basic_ws/install/fsd_common_msgs', 'merge_install': False, 'path': '/home/lend/work_place/Foxmax-intership/task1/ros2_homework_basic_ws/src/fsd_common_msgs', 'symlink_install': False, 'test_result_base': None}
[0.256s] Level 5:colcon.colcon_core.verb:set package 'ros2_homework_basic_package' build argument 'cmake_args' from command line to 'None'
[0.256s] Level 5:colcon.colcon_core.verb:set package 'ros2_homework_basic_package' build argument 'cmake_target' from command line to 'None'
[0.256s] Level 5:colcon.colcon_core.verb:set package 'ros2_homework_basic_package' build argument 'cmake_target_skip_unavailable' from command line to 'False'
[0.256s] Level 5:colcon.colcon_core.verb:set package 'ros2_homework_basic_package' build argument 'cmake_clean_cache' from command line to 'False'
[0.256s] Level 5:colcon.colcon_core.verb:set package 'ros2_homework_basic_package' build argument 'cmake_clean_first' from command line to 'False'
[0.256s] Level 5:colcon.colcon_core.verb:set package 'ros2_homework_basic_package' build argument 'cmake_force_configure' from command line to 'False'
[0.256s] Level 5:colcon.colcon_core.verb:set package 'ros2_homework_basic_package' build argument 'ament_cmake_args' from command line to 'None'
[0.256s] Level 5:colcon.colcon_core.verb:set package 'ros2_homework_basic_package' build argument 'catkin_cmake_args' from command line to 'None'
[0.256s] Level 5:colcon.colcon_core.verb:set package 'ros2_homework_basic_package' build argument 'catkin_skip_building_tests' from command line to 'False'
[0.256s] DEBUG:colcon.colcon_core.verb:Building package 'ros2_homework_basic_package' with the following arguments: {'ament_cmake_args': None, 'build_base': '/home/lend/work_place/Foxmax-intership/task1/ros2_homework_basic_ws/build/ros2_homework_basic_package', 'catkin_cmake_args': None, 'catkin_skip_building_tests': False, 'cmake_args': None, 'cmake_clean_cache': False, 'cmake_clean_first': False, 'cmake_force_configure': False, 'cmake_target': None, 'cmake_target_skip_unavailable': False, 'install_base': '/home/lend/work_place/Foxmax-intership/task1/ros2_homework_basic_ws/install/ros2_homework_basic_package', 'merge_install': False, 'path': '/home/lend/work_place/Foxmax-intership/task1/ros2_homework_basic_ws/src/ros2_homework_basic_package', 'symlink_install': False, 'test_result_base': None}
[0.256s] Level 5:colcon.colcon_core.verb:set package 'cone_map_visualization' build argument 'cmake_args' from command line to 'None'
[0.256s] Level 5:colcon.colcon_core.verb:set package 'cone_map_visualization' build argument 'cmake_target' from command line to 'None'
[0.256s] Level 5:colcon.colcon_core.verb:set package 'cone_map_visualization' build argument 'cmake_target_skip_unavailable' from command line to 'False'
[0.256s] Level 5:colcon.colcon_core.verb:set package 'cone_map_visualization' build argument 'cmake_clean_cache' from command line to 'False'
[0.256s] Level 5:colcon.colcon_core.verb:set package 'cone_map_visualization' build argument 'cmake_clean_first' from command line to 'False'
[0.256s] Level 5:colcon.colcon_core.verb:set package 'cone_map_visualization' build argument 'cmake_force_configure' from command line to 'False'
[0.256s] Level 5:colcon.colcon_core.verb:set package 'cone_map_visualization' build argument 'ament_cmake_args' from command line to 'None'
[0.256s] Level 5:colcon.colcon_core.verb:set package 'cone_map_visualization' build argument 'catkin_cmake_args' from command line to 'None'
[0.256s] Level 5:colcon.colcon_core.verb:set package 'cone_map_visualization' build argument 'catkin_skip_building_tests' from command line to 'False'
[0.256s] DEBUG:colcon.colcon_core.verb:Building package 'cone_map_visualization' with the following arguments: {'ament_cmake_args': None, 'build_base': '/home/lend/work_place/Foxmax-intership/task1/ros2_homework_basic_ws/build/cone_map_visualization', 'catkin_cmake_args': None, 'catkin_skip_building_tests': False, 'cmake_args': None, 'cmake_clean_cache': False, 'cmake_clean_first': False, 'cmake_force_configure': False, 'cmake_target': None, 'cmake_target_skip_unavailable': False, 'install_base': '/home/lend/work_place/Foxmax-intership/task1/ros2_homework_basic_ws/install/cone_map_visualization', 'merge_install': False, 'path': '/home/lend/work_place/Foxmax-intership/task1/ros2_homework_basic_ws/src/cone_map_visualization', 'symlink_install': False, 'test_result_base': None}
[0.256s] INFO:colcon.colcon_core.executor:Executing jobs using 'parallel' executor
[0.257s] DEBUG:colcon.colcon_parallel_executor.executor.parallel:run_until_complete
[0.258s] INFO:colcon.colcon_ros.task.ament_cmake.build:Building ROS package in '/home/lend/work_place/Foxmax-intership/task1/ros2_homework_basic_ws/src/fsd_common_msgs' with build type 'ament_cmake'
[0.258s] INFO:colcon.colcon_cmake.task.cmake.build:Building CMake package in '/home/lend/work_place/Foxmax-intership/task1/ros2_homework_basic_ws/src/fsd_common_msgs'
[0.259s] INFO:colcon.colcon_core.plugin_system:Skipping extension 'colcon_core.shell.bat': Not used on non-Windows systems
[0.259s] INFO:colcon.colcon_core.shell:Skip shell extension 'powershell' for command environment: Not usable outside of PowerShell
[0.259s] DEBUG:colcon.colcon_core.shell:Skip shell extension 'dsv' for command environment
[0.262s] INFO:colcon.colcon_ros.task.ament_cmake.build:Building ROS package in '/home/lend/work_place/Foxmax-intership/task1/ros2_homework_basic_ws/src/ros2_homework_basic_package' with build type 'ament_cmake'
[0.263s] INFO:colcon.colcon_cmake.task.cmake.build:Building CMake package in '/home/lend/work_place/Foxmax-intership/task1/ros2_homework_basic_ws/src/ros2_homework_basic_package'
[0.263s] INFO:colcon.colcon_core.shell:Skip shell extension 'powershell' for command environment: Not usable outside of PowerShell
[0.263s] DEBUG:colcon.colcon_core.shell:Skip shell extension 'dsv' for command environment
[0.270s] DEBUG:colcon.colcon_core.event_handler.log_command:Invoking command in '/home/lend/work_place/Foxmax-intership/task1/ros2_homework_basic_ws/build/fsd_common_msgs': CMAKE_PREFIX_PATH=${CMAKE_PREFIX_PATH}:/opt/ros/humble /usr/bin/cmake --build /home/lend/work_place/Foxmax-intership/task1/ros2_homework_basic_ws/build/fsd_common_msgs -- -j32 -l32
[0.273s] DEBUG:colcon.colcon_core.event_handler.log_command:Invoking command in '/home/lend/work_place/Foxmax-intership/task1/ros2_homework_basic_ws/build/ros2_homework_basic_package': CMAKE_PREFIX_PATH=${CMAKE_PREFIX_PATH}:/opt/ros/humble /usr/bin/cmake --build /home/lend/work_place/Foxmax-intership/task1/ros2_homework_basic_ws/build/ros2_homework_basic_package -- -j32 -l32
[0.338s] DEBUG:colcon.colcon_core.event_handler.log_command:Invoked command in '/home/lend/work_place/Foxmax-intership/task1/ros2_homework_basic_ws/build/ros2_homework_basic_package' returned '0': CMAKE_PREFIX_PATH=${CMAKE_PREFIX_PATH}:/opt/ros/humble /usr/bin/cmake --build /home/lend/work_place/Foxmax-intership/task1/ros2_homework_basic_ws/build/ros2_homework_basic_package -- -j32 -l32
[0.349s] DEBUG:colcon.colcon_core.event_handler.log_command:Invoking command in '/home/lend/work_place/Foxmax-intership/task1/ros2_homework_basic_ws/build/ros2_homework_basic_package': CMAKE_PREFIX_PATH=${CMAKE_PREFIX_PATH}:/opt/ros/humble /usr/bin/cmake --install /home/lend/work_place/Foxmax-intership/task1/ros2_homework_basic_ws/build/ros2_homework_basic_package
[0.358s] Level 1:colcon.colcon_core.environment:create_environment_scripts_only(ros2_homework_basic_package)
[0.359s] DEBUG:colcon.colcon_core.event_handler.log_command:Invoked command in '/home/lend/work_place/Foxmax-intership/task1/ros2_homework_basic_ws/build/ros2_homework_basic_package' returned '0': CMAKE_PREFIX_PATH=${CMAKE_PREFIX_PATH}:/opt/ros/humble /usr/bin/cmake --install /home/lend/work_place/Foxmax-intership/task1/ros2_homework_basic_ws/build/ros2_homework_basic_package
[0.361s] Level 1:colcon.colcon_core.environment:checking '/home/lend/work_place/Foxmax-intership/task1/ros2_homework_basic_ws/install/ros2_homework_basic_package' for CMake module files
[0.361s] Level 1:colcon.colcon_core.environment:checking '/home/lend/work_place/Foxmax-intership/task1/ros2_homework_basic_ws/install/ros2_homework_basic_package' for CMake config files
[0.361s] Level 1:colcon.colcon_core.shell:create_environment_hook('ros2_homework_basic_package', 'cmake_prefix_path')
[0.362s] INFO:colcon.colcon_core.shell:Creating environment hook '/home/lend/work_place/Foxmax-intership/task1/ros2_homework_basic_ws/install/ros2_homework_basic_package/share/ros2_homework_basic_package/hook/cmake_prefix_path.ps1'
[0.363s] INFO:colcon.colcon_core.shell:Creating environment descriptor '/home/lend/work_place/Foxmax-intership/task1/ros2_homework_basic_ws/install/ros2_homework_basic_package/share/ros2_homework_basic_package/hook/cmake_prefix_path.dsv'
[0.363s] INFO:colcon.colcon_core.shell:Creating environment hook '/home/lend/work_place/Foxmax-intership/task1/ros2_homework_basic_ws/install/ros2_homework_basic_package/share/ros2_homework_basic_package/hook/cmake_prefix_path.sh'
[0.364s] Level 1:colcon.colcon_core.environment:checking '/home/lend/work_place/Foxmax-intership/task1/ros2_homework_basic_ws/install/ros2_homework_basic_package/lib'
[0.364s] Level 1:colcon.colcon_core.environment:checking '/home/lend/work_place/Foxmax-intership/task1/ros2_homework_basic_ws/install/ros2_homework_basic_package/bin'
[0.364s] Level 1:colcon.colcon_core.environment:checking '/home/lend/work_place/Foxmax-intership/task1/ros2_homework_basic_ws/install/ros2_homework_basic_package/lib/pkgconfig/ros2_homework_basic_package.pc'
[0.365s] Level 1:colcon.colcon_core.environment:checking '/home/lend/work_place/Foxmax-intership/task1/ros2_homework_basic_ws/install/ros2_homework_basic_package/lib/python3.10/site-packages'
[0.365s] Level 1:colcon.colcon_core.environment:checking '/home/lend/work_place/Foxmax-intership/task1/ros2_homework_basic_ws/install/ros2_homework_basic_package/bin'
[0.365s] INFO:colcon.colcon_core.shell:Creating package script '/home/lend/work_place/Foxmax-intership/task1/ros2_homework_basic_ws/install/ros2_homework_basic_package/share/ros2_homework_basic_package/package.ps1'
[0.367s] INFO:colcon.colcon_core.shell:Creating package descriptor '/home/lend/work_place/Foxmax-intership/task1/ros2_homework_basic_ws/install/ros2_homework_basic_package/share/ros2_homework_basic_package/package.dsv'
[0.368s] INFO:colcon.colcon_core.shell:Creating package script '/home/lend/work_place/Foxmax-intership/task1/ros2_homework_basic_ws/install/ros2_homework_basic_package/share/ros2_homework_basic_package/package.sh'
[0.368s] INFO:colcon.colcon_core.shell:Creating package script '/home/lend/work_place/Foxmax-intership/task1/ros2_homework_basic_ws/install/ros2_homework_basic_package/share/ros2_homework_basic_package/package.bash'
[0.369s] INFO:colcon.colcon_core.shell:Creating package script '/home/lend/work_place/Foxmax-intership/task1/ros2_homework_basic_ws/install/ros2_homework_basic_package/share/ros2_homework_basic_package/package.zsh'
[0.370s] Level 1:colcon.colcon_core.environment:create_file_with_runtime_dependencies(/home/lend/work_place/Foxmax-intership/task1/ros2_homework_basic_ws/install/ros2_homework_basic_package/share/colcon-core/packages/ros2_homework_basic_package)
[0.371s] Level 1:colcon.colcon_core.environment:create_environment_scripts_only(ros2_homework_basic_package)
[0.371s] Level 1:colcon.colcon_core.environment:checking '/home/lend/work_place/Foxmax-intership/task1/ros2_homework_basic_ws/install/ros2_homework_basic_package' for CMake module files
[0.371s] Level 1:colcon.colcon_core.environment:checking '/home/lend/work_place/Foxmax-intership/task1/ros2_homework_basic_ws/install/ros2_homework_basic_package' for CMake config files
[0.371s] Level 1:colcon.colcon_core.shell:create_environment_hook('ros2_homework_basic_package', 'cmake_prefix_path')
[0.372s] INFO:colcon.colcon_core.shell:Creating environment hook '/home/lend/work_place/Foxmax-intership/task1/ros2_homework_basic_ws/install/ros2_homework_basic_package/share/ros2_homework_basic_package/hook/cmake_prefix_path.ps1'
[0.372s] INFO:colcon.colcon_core.shell:Creating environment descriptor '/home/lend/work_place/Foxmax-intership/task1/ros2_homework_basic_ws/install/ros2_homework_basic_package/share/ros2_homework_basic_package/hook/cmake_prefix_path.dsv'
[0.372s] INFO:colcon.colcon_core.shell:Creating environment hook '/home/lend/work_place/Foxmax-intership/task1/ros2_homework_basic_ws/install/ros2_homework_basic_package/share/ros2_homework_basic_package/hook/cmake_prefix_path.sh'
[0.373s] Level 1:colcon.colcon_core.environment:checking '/home/lend/work_place/Foxmax-intership/task1/ros2_homework_basic_ws/install/ros2_homework_basic_package/lib'
[0.373s] Level 1:colcon.colcon_core.environment:checking '/home/lend/work_place/Foxmax-intership/task1/ros2_homework_basic_ws/install/ros2_homework_basic_package/bin'
[0.373s] Level 1:colcon.colcon_core.environment:checking '/home/lend/work_place/Foxmax-intership/task1/ros2_homework_basic_ws/install/ros2_homework_basic_package/lib/pkgconfig/ros2_homework_basic_package.pc'
[0.373s] Level 1:colcon.colcon_core.environment:checking '/home/lend/work_place/Foxmax-intership/task1/ros2_homework_basic_ws/install/ros2_homework_basic_package/lib/python3.10/site-packages'
[0.373s] Level 1:colcon.colcon_core.environment:checking '/home/lend/work_place/Foxmax-intership/task1/ros2_homework_basic_ws/install/ros2_homework_basic_package/bin'
[0.373s] INFO:colcon.colcon_core.shell:Creating package script '/home/lend/work_place/Foxmax-intership/task1/ros2_homework_basic_ws/install/ros2_homework_basic_package/share/ros2_homework_basic_package/package.ps1'
[0.374s] INFO:colcon.colcon_core.shell:Creating package descriptor '/home/lend/work_place/Foxmax-intership/task1/ros2_homework_basic_ws/install/ros2_homework_basic_package/share/ros2_homework_basic_package/package.dsv'
[0.374s] INFO:colcon.colcon_core.shell:Creating package script '/home/lend/work_place/Foxmax-intership/task1/ros2_homework_basic_ws/install/ros2_homework_basic_package/share/ros2_homework_basic_package/package.sh'
[0.374s] INFO:colcon.colcon_core.shell:Creating package script '/home/lend/work_place/Foxmax-intership/task1/ros2_homework_basic_ws/install/ros2_homework_basic_package/share/ros2_homework_basic_package/package.bash'
[0.375s] INFO:colcon.colcon_core.shell:Creating package script '/home/lend/work_place/Foxmax-intership/task1/ros2_homework_basic_ws/install/ros2_homework_basic_package/share/ros2_homework_basic_package/package.zsh'
[0.375s] Level 1:colcon.colcon_core.environment:create_file_with_runtime_dependencies(/home/lend/work_place/Foxmax-intership/task1/ros2_homework_basic_ws/install/ros2_homework_basic_package/share/colcon-core/packages/ros2_homework_basic_package)
[0.585s] DEBUG:colcon.colcon_core.event_handler.log_command:Invoked command in '/home/lend/work_place/Foxmax-intership/task1/ros2_homework_basic_ws/build/fsd_common_msgs' returned '0': CMAKE_PREFIX_PATH=${CMAKE_PREFIX_PATH}:/opt/ros/humble /usr/bin/cmake --build /home/lend/work_place/Foxmax-intership/task1/ros2_homework_basic_ws/build/fsd_common_msgs -- -j32 -l32
[0.586s] DEBUG:colcon.colcon_core.event_handler.log_command:Invoking command in '/home/lend/work_place/Foxmax-intership/task1/ros2_homework_basic_ws/build/fsd_common_msgs': CMAKE_PREFIX_PATH=${CMAKE_PREFIX_PATH}:/opt/ros/humble /usr/bin/cmake --install /home/lend/work_place/Foxmax-intership/task1/ros2_homework_basic_ws/build/fsd_common_msgs
[0.644s] Level 1:colcon.colcon_core.environment:create_environment_scripts_only(fsd_common_msgs)
[0.644s] Level 1:colcon.colcon_core.environment:checking '/home/lend/work_place/Foxmax-intership/task1/ros2_homework_basic_ws/install/fsd_common_msgs' for CMake module files
[0.645s] DEBUG:colcon.colcon_core.event_handler.log_command:Invoked command in '/home/lend/work_place/Foxmax-intership/task1/ros2_homework_basic_ws/build/fsd_common_msgs' returned '0': CMAKE_PREFIX_PATH=${CMAKE_PREFIX_PATH}:/opt/ros/humble /usr/bin/cmake --install /home/lend/work_place/Foxmax-intership/task1/ros2_homework_basic_ws/build/fsd_common_msgs
[0.645s] Level 1:colcon.colcon_core.environment:checking '/home/lend/work_place/Foxmax-intership/task1/ros2_homework_basic_ws/install/fsd_common_msgs' for CMake config files
[0.646s] Level 1:colcon.colcon_core.shell:create_environment_hook('fsd_common_msgs', 'cmake_prefix_path')
[0.646s] INFO:colcon.colcon_core.shell:Creating environment hook '/home/lend/work_place/Foxmax-intership/task1/ros2_homework_basic_ws/install/fsd_common_msgs/share/fsd_common_msgs/hook/cmake_prefix_path.ps1'
[0.646s] INFO:colcon.colcon_core.shell:Creating environment descriptor '/home/lend/work_place/Foxmax-intership/task1/ros2_homework_basic_ws/install/fsd_common_msgs/share/fsd_common_msgs/hook/cmake_prefix_path.dsv'
[0.646s] INFO:colcon.colcon_core.shell:Creating environment hook '/home/lend/work_place/Foxmax-intership/task1/ros2_homework_basic_ws/install/fsd_common_msgs/share/fsd_common_msgs/hook/cmake_prefix_path.sh'
[0.646s] Level 1:colcon.colcon_core.environment:checking '/home/lend/work_place/Foxmax-intership/task1/ros2_homework_basic_ws/install/fsd_common_msgs/lib'
[0.647s] Level 1:colcon.colcon_core.shell:create_environment_hook('fsd_common_msgs', 'ld_library_path_lib')
[0.647s] INFO:colcon.colcon_core.shell:Creating environment hook '/home/lend/work_place/Foxmax-intership/task1/ros2_homework_basic_ws/install/fsd_common_msgs/share/fsd_common_msgs/hook/ld_library_path_lib.ps1'
[0.647s] INFO:colcon.colcon_core.shell:Creating environment descriptor '/home/lend/work_place/Foxmax-intership/task1/ros2_homework_basic_ws/install/fsd_common_msgs/share/fsd_common_msgs/hook/ld_library_path_lib.dsv'
[0.647s] INFO:colcon.colcon_core.shell:Creating environment hook '/home/lend/work_place/Foxmax-intership/task1/ros2_homework_basic_ws/install/fsd_common_msgs/share/fsd_common_msgs/hook/ld_library_path_lib.sh'
[0.647s] Level 1:colcon.colcon_core.environment:checking '/home/lend/work_place/Foxmax-intership/task1/ros2_homework_basic_ws/install/fsd_common_msgs/bin'
[0.647s] Level 1:colcon.colcon_core.environment:checking '/home/lend/work_place/Foxmax-intership/task1/ros2_homework_basic_ws/install/fsd_common_msgs/lib/pkgconfig/fsd_common_msgs.pc'
[0.647s] Level 1:colcon.colcon_core.environment:checking '/home/lend/work_place/Foxmax-intership/task1/ros2_homework_basic_ws/install/fsd_common_msgs/lib/python3.10/site-packages'
[0.648s] Level 1:colcon.colcon_core.environment:checking '/home/lend/work_place/Foxmax-intership/task1/ros2_homework_basic_ws/install/fsd_common_msgs/bin'
[0.648s] INFO:colcon.colcon_core.shell:Creating package script '/home/lend/work_place/Foxmax-intership/task1/ros2_homework_basic_ws/install/fsd_common_msgs/share/fsd_common_msgs/package.ps1'
[0.648s] INFO:colcon.colcon_core.shell:Creating package descriptor '/home/lend/work_place/Foxmax-intership/task1/ros2_homework_basic_ws/install/fsd_common_msgs/share/fsd_common_msgs/package.dsv'
[0.648s] INFO:colcon.colcon_core.shell:Creating package script '/home/lend/work_place/Foxmax-intership/task1/ros2_homework_basic_ws/install/fsd_common_msgs/share/fsd_common_msgs/package.sh'
[0.649s] INFO:colcon.colcon_core.shell:Creating package script '/home/lend/work_place/Foxmax-intership/task1/ros2_homework_basic_ws/install/fsd_common_msgs/share/fsd_common_msgs/package.bash'
[0.649s] INFO:colcon.colcon_core.shell:Creating package script '/home/lend/work_place/Foxmax-intership/task1/ros2_homework_basic_ws/install/fsd_common_msgs/share/fsd_common_msgs/package.zsh'
[0.649s] Level 1:colcon.colcon_core.environment:create_file_with_runtime_dependencies(/home/lend/work_place/Foxmax-intership/task1/ros2_homework_basic_ws/install/fsd_common_msgs/share/colcon-core/packages/fsd_common_msgs)
[0.649s] Level 1:colcon.colcon_core.environment:create_environment_scripts_only(fsd_common_msgs)
[0.649s] Level 1:colcon.colcon_core.environment:checking '/home/lend/work_place/Foxmax-intership/task1/ros2_homework_basic_ws/install/fsd_common_msgs' for CMake module files
[0.650s] Level 1:colcon.colcon_core.environment:checking '/home/lend/work_place/Foxmax-intership/task1/ros2_homework_basic_ws/install/fsd_common_msgs' for CMake config files
[0.650s] Level 1:colcon.colcon_core.shell:create_environment_hook('fsd_common_msgs', 'cmake_prefix_path')
[0.650s] INFO:colcon.colcon_core.shell:Creating environment hook '/home/lend/work_place/Foxmax-intership/task1/ros2_homework_basic_ws/install/fsd_common_msgs/share/fsd_common_msgs/hook/cmake_prefix_path.ps1'
[0.675s] INFO:colcon.colcon_core.shell:Creating environment descriptor '/home/lend/work_place/Foxmax-intership/task1/ros2_homework_basic_ws/install/fsd_common_msgs/share/fsd_common_msgs/hook/cmake_prefix_path.dsv'
[0.675s] INFO:colcon.colcon_core.shell:Creating environment hook '/home/lend/work_place/Foxmax-intership/task1/ros2_homework_basic_ws/install/fsd_common_msgs/share/fsd_common_msgs/hook/cmake_prefix_path.sh'
[0.675s] Level 1:colcon.colcon_core.environment:checking '/home/lend/work_place/Foxmax-intership/task1/ros2_homework_basic_ws/install/fsd_common_msgs/lib'
[0.675s] Level 1:colcon.colcon_core.shell:create_environment_hook('fsd_common_msgs', 'ld_library_path_lib')
[0.675s] INFO:colcon.colcon_core.shell:Creating environment hook '/home/lend/work_place/Foxmax-intership/task1/ros2_homework_basic_ws/install/fsd_common_msgs/share/fsd_common_msgs/hook/ld_library_path_lib.ps1'
[0.676s] INFO:colcon.colcon_core.shell:Creating environment descriptor '/home/lend/work_place/Foxmax-intership/task1/ros2_homework_basic_ws/install/fsd_common_msgs/share/fsd_common_msgs/hook/ld_library_path_lib.dsv'
[0.676s] INFO:colcon.colcon_core.shell:Creating environment hook '/home/lend/work_place/Foxmax-intership/task1/ros2_homework_basic_ws/install/fsd_common_msgs/share/fsd_common_msgs/hook/ld_library_path_lib.sh'
[0.676s] Level 1:colcon.colcon_core.environment:checking '/home/lend/work_place/Foxmax-intership/task1/ros2_homework_basic_ws/install/fsd_common_msgs/bin'
[0.676s] Level 1:colcon.colcon_core.environment:checking '/home/lend/work_place/Foxmax-intership/task1/ros2_homework_basic_ws/install/fsd_common_msgs/lib/pkgconfig/fsd_common_msgs.pc'
[0.676s] Level 1:colcon.colcon_core.environment:checking '/home/lend/work_place/Foxmax-intership/task1/ros2_homework_basic_ws/install/fsd_common_msgs/lib/python3.10/site-packages'
[0.677s] Level 1:colcon.colcon_core.environment:checking '/home/lend/work_place/Foxmax-intership/task1/ros2_homework_basic_ws/install/fsd_common_msgs/bin'
[0.677s] INFO:colcon.colcon_core.shell:Creating package script '/home/lend/work_place/Foxmax-intership/task1/ros2_homework_basic_ws/install/fsd_common_msgs/share/fsd_common_msgs/package.ps1'
[0.677s] INFO:colcon.colcon_core.shell:Creating package descriptor '/home/lend/work_place/Foxmax-intership/task1/ros2_homework_basic_ws/install/fsd_common_msgs/share/fsd_common_msgs/package.dsv'
[0.678s] INFO:colcon.colcon_core.shell:Creating package script '/home/lend/work_place/Foxmax-intership/task1/ros2_homework_basic_ws/install/fsd_common_msgs/share/fsd_common_msgs/package.sh'
[0.678s] INFO:colcon.colcon_core.shell:Creating package script '/home/lend/work_place/Foxmax-intership/task1/ros2_homework_basic_ws/install/fsd_common_msgs/share/fsd_common_msgs/package.bash'
[0.678s] INFO:colcon.colcon_core.shell:Creating package script '/home/lend/work_place/Foxmax-intership/task1/ros2_homework_basic_ws/install/fsd_common_msgs/share/fsd_common_msgs/package.zsh'
[0.678s] Level 1:colcon.colcon_core.environment:create_file_with_runtime_dependencies(/home/lend/work_place/Foxmax-intership/task1/ros2_homework_basic_ws/install/fsd_common_msgs/share/colcon-core/packages/fsd_common_msgs)
[0.679s] INFO:colcon.colcon_ros.task.ament_cmake.build:Building ROS package in '/home/lend/work_place/Foxmax-intership/task1/ros2_homework_basic_ws/src/cone_map_visualization' with build type 'ament_cmake'
[0.679s] INFO:colcon.colcon_cmake.task.cmake.build:Building CMake package in '/home/lend/work_place/Foxmax-intership/task1/ros2_homework_basic_ws/src/cone_map_visualization'
[0.679s] INFO:colcon.colcon_core.shell:Skip shell extension 'powershell' for command environment: Not usable outside of PowerShell
[0.679s] DEBUG:colcon.colcon_core.shell:Skip shell extension 'dsv' for command environment
[0.686s] DEBUG:colcon.colcon_core.event_handler.log_command:Invoking command in '/home/lend/work_place/Foxmax-intership/task1/ros2_homework_basic_ws/build/cone_map_visualization': CMAKE_PREFIX_PATH=/home/lend/work_place/Foxmax-intership/task1/ros2_homework_basic_ws/install/fsd_common_msgs:/home/lend/work_place/Foxmax-intership/task1/ros2_homework_basic_ws/install/cone_map_visualization:/home/lend/work_place/Foxmax-intership/task1/ros2_homework_basic_ws/install/ros2_homework_basic_package:/opt/ros/humble /usr/bin/cmake --build /home/lend/work_place/Foxmax-intership/task1/ros2_homework_basic_ws/build/cone_map_visualization -- -j32 -l32
[7.520s] DEBUG:colcon.colcon_core.event_handler.log_command:Invoked command in '/home/lend/work_place/Foxmax-intership/task1/ros2_homework_basic_ws/build/cone_map_visualization' returned '0': CMAKE_PREFIX_PATH=/home/lend/work_place/Foxmax-intership/task1/ros2_homework_basic_ws/install/fsd_common_msgs:/home/lend/work_place/Foxmax-intership/task1/ros2_homework_basic_ws/install/cone_map_visualization:/home/lend/work_place/Foxmax-intership/task1/ros2_homework_basic_ws/install/ros2_homework_basic_package:/opt/ros/humble /usr/bin/cmake --build /home/lend/work_place/Foxmax-intership/task1/ros2_homework_basic_ws/build/cone_map_visualization -- -j32 -l32
[7.522s] DEBUG:colcon.colcon_core.event_handler.log_command:Invoking command in '/home/lend/work_place/Foxmax-intership/task1/ros2_homework_basic_ws/build/cone_map_visualization': CMAKE_PREFIX_PATH=/home/lend/work_place/Foxmax-intership/task1/ros2_homework_basic_ws/install/fsd_common_msgs:/home/lend/work_place/Foxmax-intership/task1/ros2_homework_basic_ws/install/cone_map_visualization:/home/lend/work_place/Foxmax-intership/task1/ros2_homework_basic_ws/install/ros2_homework_basic_package:/opt/ros/humble /usr/bin/cmake --install /home/lend/work_place/Foxmax-intership/task1/ros2_homework_basic_ws/build/cone_map_visualization
[7.533s] Level 1:colcon.colcon_core.environment:create_environment_scripts_only(cone_map_visualization)
[7.534s] Level 1:colcon.colcon_core.environment:checking '/home/lend/work_place/Foxmax-intership/task1/ros2_homework_basic_ws/install/cone_map_visualization' for CMake module files
[7.534s] DEBUG:colcon.colcon_core.event_handler.log_command:Invoked command in '/home/lend/work_place/Foxmax-intership/task1/ros2_homework_basic_ws/build/cone_map_visualization' returned '0': CMAKE_PREFIX_PATH=/home/lend/work_place/Foxmax-intership/task1/ros2_homework_basic_ws/install/fsd_common_msgs:/home/lend/work_place/Foxmax-intership/task1/ros2_homework_basic_ws/install/cone_map_visualization:/home/lend/work_place/Foxmax-intership/task1/ros2_homework_basic_ws/install/ros2_homework_basic_package:/opt/ros/humble /usr/bin/cmake --install /home/lend/work_place/Foxmax-intership/task1/ros2_homework_basic_ws/build/cone_map_visualization
[7.534s] Level 1:colcon.colcon_core.environment:checking '/home/lend/work_place/Foxmax-intership/task1/ros2_homework_basic_ws/install/cone_map_visualization' for CMake config files
[7.534s] Level 1:colcon.colcon_core.shell:create_environment_hook('cone_map_visualization', 'cmake_prefix_path')
[7.534s] INFO:colcon.colcon_core.shell:Creating environment hook '/home/lend/work_place/Foxmax-intership/task1/ros2_homework_basic_ws/install/cone_map_visualization/share/cone_map_visualization/hook/cmake_prefix_path.ps1'
[7.535s] INFO:colcon.colcon_core.shell:Creating environment descriptor '/home/lend/work_place/Foxmax-intership/task1/ros2_homework_basic_ws/install/cone_map_visualization/share/cone_map_visualization/hook/cmake_prefix_path.dsv'
[7.535s] INFO:colcon.colcon_core.shell:Creating environment hook '/home/lend/work_place/Foxmax-intership/task1/ros2_homework_basic_ws/install/cone_map_visualization/share/cone_map_visualization/hook/cmake_prefix_path.sh'
[7.535s] Level 1:colcon.colcon_core.environment:checking '/home/lend/work_place/Foxmax-intership/task1/ros2_homework_basic_ws/install/cone_map_visualization/lib'
[7.535s] Level 1:colcon.colcon_core.environment:checking '/home/lend/work_place/Foxmax-intership/task1/ros2_homework_basic_ws/install/cone_map_visualization/bin'
[7.535s] Level 1:colcon.colcon_core.environment:checking '/home/lend/work_place/Foxmax-intership/task1/ros2_homework_basic_ws/install/cone_map_visualization/lib/pkgconfig/cone_map_visualization.pc'
[7.536s] Level 1:colcon.colcon_core.environment:checking '/home/lend/work_place/Foxmax-intership/task1/ros2_homework_basic_ws/install/cone_map_visualization/lib/python3.10/site-packages'
[7.536s] Level 1:colcon.colcon_core.environment:checking '/home/lend/work_place/Foxmax-intership/task1/ros2_homework_basic_ws/install/cone_map_visualization/bin'
[7.536s] INFO:colcon.colcon_core.shell:Creating package script '/home/lend/work_place/Foxmax-intership/task1/ros2_homework_basic_ws/install/cone_map_visualization/share/cone_map_visualization/package.ps1'
[7.536s] INFO:colcon.colcon_core.shell:Creating package descriptor '/home/lend/work_place/Foxmax-intership/task1/ros2_homework_basic_ws/install/cone_map_visualization/share/cone_map_visualization/package.dsv'
[7.536s] INFO:colcon.colcon_core.shell:Creating package script '/home/lend/work_place/Foxmax-intership/task1/ros2_homework_basic_ws/install/cone_map_visualization/share/cone_map_visualization/package.sh'
[7.537s] INFO:colcon.colcon_core.shell:Creating package script '/home/lend/work_place/Foxmax-intership/task1/ros2_homework_basic_ws/install/cone_map_visualization/share/cone_map_visualization/package.bash'
[7.537s] INFO:colcon.colcon_core.shell:Creating package script '/home/lend/work_place/Foxmax-intership/task1/ros2_homework_basic_ws/install/cone_map_visualization/share/cone_map_visualization/package.zsh'
[7.564s] Level 1:colcon.colcon_core.environment:create_file_with_runtime_dependencies(/home/lend/work_place/Foxmax-intership/task1/ros2_homework_basic_ws/install/cone_map_visualization/share/colcon-core/packages/cone_map_visualization)
[7.564s] Level 1:colcon.colcon_core.environment:create_environment_scripts_only(cone_map_visualization)
[7.564s] Level 1:colcon.colcon_core.environment:checking '/home/lend/work_place/Foxmax-intership/task1/ros2_homework_basic_ws/install/cone_map_visualization' for CMake module files
[7.565s] Level 1:colcon.colcon_core.environment:checking '/home/lend/work_place/Foxmax-intership/task1/ros2_homework_basic_ws/install/cone_map_visualization' for CMake config files
[7.565s] Level 1:colcon.colcon_core.shell:create_environment_hook('cone_map_visualization', 'cmake_prefix_path')
[7.565s] INFO:colcon.colcon_core.shell:Creating environment hook '/home/lend/work_place/Foxmax-intership/task1/ros2_homework_basic_ws/install/cone_map_visualization/share/cone_map_visualization/hook/cmake_prefix_path.ps1'
[7.565s] INFO:colcon.colcon_core.shell:Creating environment descriptor '/home/lend/work_place/Foxmax-intership/task1/ros2_homework_basic_ws/install/cone_map_visualization/share/cone_map_visualization/hook/cmake_prefix_path.dsv'
[7.565s] INFO:colcon.colcon_core.shell:Creating environment hook '/home/lend/work_place/Foxmax-intership/task1/ros2_homework_basic_ws/install/cone_map_visualization/share/cone_map_visualization/hook/cmake_prefix_path.sh'
[7.566s] Level 1:colcon.colcon_core.environment:checking '/home/lend/work_place/Foxmax-intership/task1/ros2_homework_basic_ws/install/cone_map_visualization/lib'
[7.566s] Level 1:colcon.colcon_core.environment:checking '/home/lend/work_place/Foxmax-intership/task1/ros2_homework_basic_ws/install/cone_map_visualization/bin'
[7.566s] Level 1:colcon.colcon_core.environment:checking '/home/lend/work_place/Foxmax-intership/task1/ros2_homework_basic_ws/install/cone_map_visualization/lib/pkgconfig/cone_map_visualization.pc'
[7.566s] Level 1:colcon.colcon_core.environment:checking '/home/lend/work_place/Foxmax-intership/task1/ros2_homework_basic_ws/install/cone_map_visualization/lib/python3.10/site-packages'
[7.566s] Level 1:colcon.colcon_core.environment:checking '/home/lend/work_place/Foxmax-intership/task1/ros2_homework_basic_ws/install/cone_map_visualization/bin'
[7.566s] INFO:colcon.colcon_core.shell:Creating package script '/home/lend/work_place/Foxmax-intership/task1/ros2_homework_basic_ws/install/cone_map_visualization/share/cone_map_visualization/package.ps1'
[7.566s] INFO:colcon.colcon_core.shell:Creating package descriptor '/home/lend/work_place/Foxmax-intership/task1/ros2_homework_basic_ws/install/cone_map_visualization/share/cone_map_visualization/package.dsv'
[7.567s] INFO:colcon.colcon_core.shell:Creating package script '/home/lend/work_place/Foxmax-intership/task1/ros2_homework_basic_ws/install/cone_map_visualization/share/cone_map_visualization/package.sh'
[7.567s] INFO:colcon.colcon_core.shell:Creating package script '/home/lend/work_place/Foxmax-intership/task1/ros2_homework_basic_ws/install/cone_map_visualization/share/cone_map_visualization/package.bash'
[7.567s] INFO:colcon.colcon_core.shell:Creating package script '/home/lend/work_place/Foxmax-intership/task1/ros2_homework_basic_ws/install/cone_map_visualization/share/cone_map_visualization/package.zsh'
[7.567s] Level 1:colcon.colcon_core.environment:create_file_with_runtime_dependencies(/home/lend/work_place/Foxmax-intership/task1/ros2_homework_basic_ws/install/cone_map_visualization/share/colcon-core/packages/cone_map_visualization)
[7.568s] DEBUG:colcon.colcon_parallel_executor.executor.parallel:closing loop
[7.568s] DEBUG:colcon.colcon_parallel_executor.executor.parallel:loop closed
[7.568s] DEBUG:colcon.colcon_parallel_executor.executor.parallel:run_until_complete finished with '0'
[7.568s] DEBUG:colcon.colcon_core.event_reactor:joining thread
[7.573s] INFO:colcon.colcon_core.plugin_system:Skipping extension 'colcon_notification.desktop_notification.terminal_notifier': Not used on non-Darwin systems
[7.573s] INFO:colcon.colcon_core.plugin_system:Skipping extension 'colcon_notification.desktop_notification.win32': Not used on non-Windows systems
[7.573s] INFO:colcon.colcon_notification.desktop_notification:Sending desktop notification using 'notify2'
[7.581s] DEBUG:colcon.colcon_core.event_reactor:joined thread
[7.581s] INFO:colcon.colcon_core.shell:Creating prefix script '/home/lend/work_place/Foxmax-intership/task1/ros2_homework_basic_ws/install/local_setup.ps1'
[7.582s] INFO:colcon.colcon_core.shell:Creating prefix util module '/home/lend/work_place/Foxmax-intership/task1/ros2_homework_basic_ws/install/_local_setup_util_ps1.py'
[7.583s] INFO:colcon.colcon_core.shell:Creating prefix chain script '/home/lend/work_place/Foxmax-intership/task1/ros2_homework_basic_ws/install/setup.ps1'
[7.584s] INFO:colcon.colcon_core.shell:Creating prefix script '/home/lend/work_place/Foxmax-intership/task1/ros2_homework_basic_ws/install/local_setup.sh'
[7.584s] INFO:colcon.colcon_core.shell:Creating prefix util module '/home/lend/work_place/Foxmax-intership/task1/ros2_homework_basic_ws/install/_local_setup_util_sh.py'
[7.584s] INFO:colcon.colcon_core.shell:Creating prefix chain script '/home/lend/work_place/Foxmax-intership/task1/ros2_homework_basic_ws/install/setup.sh'
[7.585s] INFO:colcon.colcon_core.shell:Creating prefix script '/home/lend/work_place/Foxmax-intership/task1/ros2_homework_basic_ws/install/local_setup.bash'
[7.585s] INFO:colcon.colcon_core.shell:Creating prefix chain script '/home/lend/work_place/Foxmax-intership/task1/ros2_homework_basic_ws/install/setup.bash'
[7.586s] INFO:colcon.colcon_core.shell:Creating prefix script '/home/lend/work_place/Foxmax-intership/task1/ros2_homework_basic_ws/install/local_setup.zsh'
[7.586s] INFO:colcon.colcon_core.shell:Creating prefix chain script '/home/lend/work_place/Foxmax-intership/task1/ros2_homework_basic_ws/install/setup.zsh'
