-- The C compiler identification is GNU 11.4.0
-- The CXX compiler identification is GNU 11.4.0
-- Detecting C compiler ABI info
-- Detecting C compiler ABI info - done
-- Check for working C compiler: /usr/bin/cc - skipped
-- Detecting C compile features
-- Detecting C compile features - done
-- Detecting CXX compiler ABI info
-- Detecting CXX compiler ABI info - done
-- Check for working CXX compiler: /usr/bin/c++ - skipped
-- Detecting CXX compile features
-- Detecting CXX compile features - done
-- Found ament_cmake: 1.3.14 (/opt/ros/humble/share/ament_cmake/cmake)
-- Found Python3: /usr/bin/python3 (found version "3.10.12") found components: Interpreter 
-- Found rclcpp: 16.0.19 (/opt/ros/humble/share/rclcpp/cmake)
-- Found rosidl_generator_c: 3.1.8 (/opt/ros/humble/share/rosidl_generator_c/cmake)
-- Found rosidl_adapter: 3.1.8 (/opt/ros/humble/share/rosidl_adapter/cmake)
-- Found rosidl_generator_cpp: 3.1.8 (/opt/ros/humble/share/rosidl_generator_cpp/cmake)
-- Using all available rosidl_typesupport_c: rosidl_typesupport_fastrtps_c;rosidl_typesupport_introspection_c
-- Using all available rosidl_typesupport_cpp: rosidl_typesupport_fastrtps_cpp;rosidl_typesupport_introspection_cpp
-- Found rmw_implementation_cmake: 6.1.2 (/opt/ros/humble/share/rmw_implementation_cmake/cmake)
-- Found rmw_fastrtps_cpp: 6.2.10 (/opt/ros/humble/share/rmw_fastrtps_cpp/cmake)
-- Found OpenSSL: /usr/lib/x86_64-linux-gnu/libcrypto.so (found version "3.0.2")  
-- Found FastRTPS: /opt/ros/humble/include  
-- Using RMW implementation 'rmw_fastrtps_cpp' as default
-- Looking for pthread.h
-- Looking for pthread.h - found
-- Performing Test CMAKE_HAVE_LIBC_PTHREAD
-- Performing Test CMAKE_HAVE_LIBC_PTHREAD - Success
-- Found Threads: TRUE  
-- Found fsd_common_msgs: 0.0.0 (/home/lend/work_place/Foxmax-intership/task1/ros2_homework_basic_ws/src/install/fsd_common_msgs/share/fsd_common_msgs/cmake)
-- Found visualization_msgs: 4.9.1 (/opt/ros/humble/share/visualization_msgs/cmake)
-- Found ament_lint_auto: 0.12.15 (/opt/ros/humble/share/ament_lint_auto/cmake)
-- Added test 'cppcheck' to perform static code analysis on C / C++ code
-- Configured cppcheck include dirs: 
-- Configured cppcheck exclude dirs and/or files: 
-- Added test 'flake8' to check Python code syntax and style conventions
-- Added test 'lint_cmake' to check CMake code style
-- Added test 'pep257' to check Python code against some of the docstring style conventions in PEP 257
-- Added test 'uncrustify' to check C / C++ code style
-- Configured uncrustify additional arguments: 
-- Added test 'xmllint' to check XML markup files
-- Configuring done
-- Generating done
-- Build files have been written to: /home/lend/work_place/Foxmax-intership/task1/ros2_homework_basic_ws/src/build/cone_map_visualization
[ 50%] [32mBuilding CXX object CMakeFiles/map_visualizer.dir/src/visualization.cpp.o[0m
[100%] [32m[1mLinking CXX executable map_visualizer[0m
[100%] Built target map_visualizer
-- Install configuration: ""
-- Installing: /home/lend/work_place/Foxmax-intership/task1/ros2_homework_basic_ws/src/install/cone_map_visualization/lib/cone_map_visualization/map_visualizer
-- Set runtime path of "/home/lend/work_place/Foxmax-intership/task1/ros2_homework_basic_ws/src/install/cone_map_visualization/lib/cone_map_visualization/map_visualizer" to ""
-- Installing: /home/lend/work_place/Foxmax-intership/task1/ros2_homework_basic_ws/src/install/cone_map_visualization/share/cone_map_visualization/launch
-- Installing: /home/lend/work_place/Foxmax-intership/task1/ros2_homework_basic_ws/src/install/cone_map_visualization/share/cone_map_visualization/launch/launch.py
-- Installing: /home/lend/work_place/Foxmax-intership/task1/ros2_homework_basic_ws/src/install/cone_map_visualization/share/ament_index/resource_index/package_run_dependencies/cone_map_visualization
-- Installing: /home/lend/work_place/Foxmax-intership/task1/ros2_homework_basic_ws/src/install/cone_map_visualization/share/ament_index/resource_index/parent_prefix_path/cone_map_visualization
-- Installing: /home/lend/work_place/Foxmax-intership/task1/ros2_homework_basic_ws/src/install/cone_map_visualization/share/cone_map_visualization/environment/ament_prefix_path.sh
-- Installing: /home/lend/work_place/Foxmax-intership/task1/ros2_homework_basic_ws/src/install/cone_map_visualization/share/cone_map_visualization/environment/ament_prefix_path.dsv
-- Installing: /home/lend/work_place/Foxmax-intership/task1/ros2_homework_basic_ws/src/install/cone_map_visualization/share/cone_map_visualization/environment/path.sh
-- Installing: /home/lend/work_place/Foxmax-intership/task1/ros2_homework_basic_ws/src/install/cone_map_visualization/share/cone_map_visualization/environment/path.dsv
-- Installing: /home/lend/work_place/Foxmax-intership/task1/ros2_homework_basic_ws/src/install/cone_map_visualization/share/cone_map_visualization/local_setup.bash
-- Installing: /home/lend/work_place/Foxmax-intership/task1/ros2_homework_basic_ws/src/install/cone_map_visualization/share/cone_map_visualization/local_setup.sh
-- Installing: /home/lend/work_place/Foxmax-intership/task1/ros2_homework_basic_ws/src/install/cone_map_visualization/share/cone_map_visualization/local_setup.zsh
-- Installing: /home/lend/work_place/Foxmax-intership/task1/ros2_homework_basic_ws/src/install/cone_map_visualization/share/cone_map_visualization/local_setup.dsv
-- Installing: /home/lend/work_place/Foxmax-intership/task1/ros2_homework_basic_ws/src/install/cone_map_visualization/share/cone_map_visualization/package.dsv
-- Installing: /home/lend/work_place/Foxmax-intership/task1/ros2_homework_basic_ws/src/install/cone_map_visualization/share/ament_index/resource_index/packages/cone_map_visualization
-- Installing: /home/lend/work_place/Foxmax-intership/task1/ros2_homework_basic_ws/src/install/cone_map_visualization/share/cone_map_visualization/cmake/cone_map_visualizationConfig.cmake
-- Installing: /home/lend/work_place/Foxmax-intership/task1/ros2_homework_basic_ws/src/install/cone_map_visualization/share/cone_map_visualization/cmake/cone_map_visualizationConfig-version.cmake
-- Installing: /home/lend/work_place/Foxmax-intership/task1/ros2_homework_basic_ws/src/install/cone_map_visualization/share/cone_map_visualization/package.xml
