[0.006s] Invoking command in '/home/lend/work_place/Foxmax-intership/task1/ros2_homework_basic_ws/src/build/cone_map_visualization': AMENT_PREFIX_PATH=/home/lend/work_place/Foxmax-intership/task1/ros2_homework_basic_ws/src/install/fsd_common_msgs:${AMENT_PREFIX_PATH} CMAKE_PREFIX_PATH=/home/lend/work_place/Foxmax-intership/task1/ros2_homework_basic_ws/src/install/fsd_common_msgs:/opt/ros/humble LD_LIBRARY_PATH=/home/lend/work_place/Foxmax-intership/task1/ros2_homework_basic_ws/src/install/fsd_common_msgs/lib:${LD_LIBRARY_PATH} PYTHONPATH=/home/lend/work_place/Foxmax-intership/task1/ros2_homework_basic_ws/src/install/fsd_common_msgs/local/lib/python3.10/dist-packages:${PYTHONPATH} /usr/bin/cmake /home/lend/work_place/Foxmax-intership/task1/ros2_homework_basic_ws/src/cone_map_visualization -DCMAKE_INSTALL_PREFIX=/home/lend/work_place/Foxmax-intership/task1/ros2_homework_basic_ws/src/install/cone_map_visualization
[0.046s] -- The C compiler identification is GNU 11.4.0
[0.094s] -- The CXX compiler identification is GNU 11.4.0
[0.100s] -- Detecting C compiler ABI info
[0.177s] -- Detecting C compiler ABI info - done
[0.181s] -- Check for working C compiler: /usr/bin/cc - skipped
[0.182s] -- Detecting C compile features
[0.182s] -- Detecting C compile features - done
[0.184s] -- Detecting CXX compiler ABI info
[0.255s] -- Detecting CXX compiler ABI info - done
[0.259s] -- Check for working CXX compiler: /usr/bin/c++ - skipped
[0.259s] -- Detecting CXX compile features
[0.259s] -- Detecting CXX compile features - done
[0.261s] -- Found ament_cmake: 1.3.14 (/opt/ros/humble/share/ament_cmake/cmake)
[0.354s] -- Found Python3: /usr/bin/python3 (found version "3.10.12") found components: Interpreter 
[0.406s] -- Found rclcpp: 16.0.19 (/opt/ros/humble/share/rclcpp/cmake)
[0.431s] -- Found rosidl_generator_c: 3.1.8 (/opt/ros/humble/share/rosidl_generator_c/cmake)
[0.434s] -- Found rosidl_adapter: 3.1.8 (/opt/ros/humble/share/rosidl_adapter/cmake)
[0.438s] -- Found rosidl_generator_cpp: 3.1.8 (/opt/ros/humble/share/rosidl_generator_cpp/cmake)
[0.445s] -- Using all available rosidl_typesupport_c: rosidl_typesupport_fastrtps_c;rosidl_typesupport_introspection_c
[0.453s] -- Using all available rosidl_typesupport_cpp: rosidl_typesupport_fastrtps_cpp;rosidl_typesupport_introspection_cpp
[0.479s] -- Found rmw_implementation_cmake: 6.1.2 (/opt/ros/humble/share/rmw_implementation_cmake/cmake)
[0.480s] -- Found rmw_fastrtps_cpp: 6.2.10 (/opt/ros/humble/share/rmw_fastrtps_cpp/cmake)
[0.546s] -- Found OpenSSL: /usr/lib/x86_64-linux-gnu/libcrypto.so (found version "3.0.2")  
[0.565s] -- Found FastRTPS: /opt/ros/humble/include  
[0.592s] -- Using RMW implementation 'rmw_fastrtps_cpp' as default
[0.597s] -- Looking for pthread.h
[0.647s] -- Looking for pthread.h - found
[0.648s] -- Performing Test CMAKE_HAVE_LIBC_PTHREAD
[0.700s] -- Performing Test CMAKE_HAVE_LIBC_PTHREAD - Success
[0.700s] -- Found Threads: TRUE  
[0.734s] -- Found fsd_common_msgs: 0.0.0 (/home/lend/work_place/Foxmax-intership/task1/ros2_homework_basic_ws/src/install/fsd_common_msgs/share/fsd_common_msgs/cmake)
[0.777s] -- Found visualization_msgs: 4.9.1 (/opt/ros/humble/share/visualization_msgs/cmake)
[0.805s] -- Found ament_lint_auto: 0.12.15 (/opt/ros/humble/share/ament_lint_auto/cmake)
[0.850s] -- Added test 'cppcheck' to perform static code analysis on C / C++ code
[0.851s] -- Configured cppcheck include dirs: 
[0.851s] -- Configured cppcheck exclude dirs and/or files: 
[0.851s] -- Added test 'flake8' to check Python code syntax and style conventions
[0.851s] -- Added test 'lint_cmake' to check CMake code style
[0.851s] -- Added test 'pep257' to check Python code against some of the docstring style conventions in PEP 257
[0.852s] -- Added test 'uncrustify' to check C / C++ code style
[0.852s] -- Configured uncrustify additional arguments: 
[0.852s] -- Added test 'xmllint' to check XML markup files
[0.853s] -- Configuring done
[0.862s] -- Generating done
[0.865s] -- Build files have been written to: /home/lend/work_place/Foxmax-intership/task1/ros2_homework_basic_ws/src/build/cone_map_visualization
[0.877s] Invoked command in '/home/lend/work_place/Foxmax-intership/task1/ros2_homework_basic_ws/src/build/cone_map_visualization' returned '0': AMENT_PREFIX_PATH=/home/lend/work_place/Foxmax-intership/task1/ros2_homework_basic_ws/src/install/fsd_common_msgs:${AMENT_PREFIX_PATH} CMAKE_PREFIX_PATH=/home/lend/work_place/Foxmax-intership/task1/ros2_homework_basic_ws/src/install/fsd_common_msgs:/opt/ros/humble LD_LIBRARY_PATH=/home/lend/work_place/Foxmax-intership/task1/ros2_homework_basic_ws/src/install/fsd_common_msgs/lib:${LD_LIBRARY_PATH} PYTHONPATH=/home/lend/work_place/Foxmax-intership/task1/ros2_homework_basic_ws/src/install/fsd_common_msgs/local/lib/python3.10/dist-packages:${PYTHONPATH} /usr/bin/cmake /home/lend/work_place/Foxmax-intership/task1/ros2_homework_basic_ws/src/cone_map_visualization -DCMAKE_INSTALL_PREFIX=/home/lend/work_place/Foxmax-intership/task1/ros2_homework_basic_ws/src/install/cone_map_visualization
[0.878s] Invoking command in '/home/lend/work_place/Foxmax-intership/task1/ros2_homework_basic_ws/src/build/cone_map_visualization': AMENT_PREFIX_PATH=/home/lend/work_place/Foxmax-intership/task1/ros2_homework_basic_ws/src/install/fsd_common_msgs:${AMENT_PREFIX_PATH} CMAKE_PREFIX_PATH=/home/lend/work_place/Foxmax-intership/task1/ros2_homework_basic_ws/src/install/fsd_common_msgs:/opt/ros/humble LD_LIBRARY_PATH=/home/lend/work_place/Foxmax-intership/task1/ros2_homework_basic_ws/src/install/fsd_common_msgs/lib:${LD_LIBRARY_PATH} PYTHONPATH=/home/lend/work_place/Foxmax-intership/task1/ros2_homework_basic_ws/src/install/fsd_common_msgs/local/lib/python3.10/dist-packages:${PYTHONPATH} /usr/bin/cmake --build /home/lend/work_place/Foxmax-intership/task1/ros2_homework_basic_ws/src/build/cone_map_visualization -- -j32 -l32
[0.922s] [ 50%] [32mBuilding CXX object CMakeFiles/map_visualizer.dir/src/visualization.cpp.o[0m
[6.260s] [100%] [32m[1mLinking CXX executable map_visualizer[0m
[6.523s] [100%] Built target map_visualizer
[6.533s] Invoked command in '/home/lend/work_place/Foxmax-intership/task1/ros2_homework_basic_ws/src/build/cone_map_visualization' returned '0': AMENT_PREFIX_PATH=/home/lend/work_place/Foxmax-intership/task1/ros2_homework_basic_ws/src/install/fsd_common_msgs:${AMENT_PREFIX_PATH} CMAKE_PREFIX_PATH=/home/lend/work_place/Foxmax-intership/task1/ros2_homework_basic_ws/src/install/fsd_common_msgs:/opt/ros/humble LD_LIBRARY_PATH=/home/lend/work_place/Foxmax-intership/task1/ros2_homework_basic_ws/src/install/fsd_common_msgs/lib:${LD_LIBRARY_PATH} PYTHONPATH=/home/lend/work_place/Foxmax-intership/task1/ros2_homework_basic_ws/src/install/fsd_common_msgs/local/lib/python3.10/dist-packages:${PYTHONPATH} /usr/bin/cmake --build /home/lend/work_place/Foxmax-intership/task1/ros2_homework_basic_ws/src/build/cone_map_visualization -- -j32 -l32
[6.534s] Invoking command in '/home/lend/work_place/Foxmax-intership/task1/ros2_homework_basic_ws/src/build/cone_map_visualization': AMENT_PREFIX_PATH=/home/lend/work_place/Foxmax-intership/task1/ros2_homework_basic_ws/src/install/fsd_common_msgs:${AMENT_PREFIX_PATH} CMAKE_PREFIX_PATH=/home/lend/work_place/Foxmax-intership/task1/ros2_homework_basic_ws/src/install/fsd_common_msgs:/opt/ros/humble LD_LIBRARY_PATH=/home/lend/work_place/Foxmax-intership/task1/ros2_homework_basic_ws/src/install/fsd_common_msgs/lib:${LD_LIBRARY_PATH} PYTHONPATH=/home/lend/work_place/Foxmax-intership/task1/ros2_homework_basic_ws/src/install/fsd_common_msgs/local/lib/python3.10/dist-packages:${PYTHONPATH} /usr/bin/cmake --install /home/lend/work_place/Foxmax-intership/task1/ros2_homework_basic_ws/src/build/cone_map_visualization
[6.539s] -- Install configuration: ""
[6.539s] -- Installing: /home/lend/work_place/Foxmax-intership/task1/ros2_homework_basic_ws/src/install/cone_map_visualization/lib/cone_map_visualization/map_visualizer
[6.544s] -- Set runtime path of "/home/lend/work_place/Foxmax-intership/task1/ros2_homework_basic_ws/src/install/cone_map_visualization/lib/cone_map_visualization/map_visualizer" to ""
[6.544s] -- Installing: /home/lend/work_place/Foxmax-intership/task1/ros2_homework_basic_ws/src/install/cone_map_visualization/share/cone_map_visualization/launch
[6.544s] -- Installing: /home/lend/work_place/Foxmax-intership/task1/ros2_homework_basic_ws/src/install/cone_map_visualization/share/cone_map_visualization/launch/launch.py
[6.544s] -- Installing: /home/lend/work_place/Foxmax-intership/task1/ros2_homework_basic_ws/src/install/cone_map_visualization/share/ament_index/resource_index/package_run_dependencies/cone_map_visualization
[6.544s] -- Installing: /home/lend/work_place/Foxmax-intership/task1/ros2_homework_basic_ws/src/install/cone_map_visualization/share/ament_index/resource_index/parent_prefix_path/cone_map_visualization
[6.545s] -- Installing: /home/lend/work_place/Foxmax-intership/task1/ros2_homework_basic_ws/src/install/cone_map_visualization/share/cone_map_visualization/environment/ament_prefix_path.sh
[6.545s] -- Installing: /home/lend/work_place/Foxmax-intership/task1/ros2_homework_basic_ws/src/install/cone_map_visualization/share/cone_map_visualization/environment/ament_prefix_path.dsv
[6.545s] -- Installing: /home/lend/work_place/Foxmax-intership/task1/ros2_homework_basic_ws/src/install/cone_map_visualization/share/cone_map_visualization/environment/path.sh
[6.545s] -- Installing: /home/lend/work_place/Foxmax-intership/task1/ros2_homework_basic_ws/src/install/cone_map_visualization/share/cone_map_visualization/environment/path.dsv
[6.545s] -- Installing: /home/lend/work_place/Foxmax-intership/task1/ros2_homework_basic_ws/src/install/cone_map_visualization/share/cone_map_visualization/local_setup.bash
[6.545s] -- Installing: /home/lend/work_place/Foxmax-intership/task1/ros2_homework_basic_ws/src/install/cone_map_visualization/share/cone_map_visualization/local_setup.sh
[6.545s] -- Installing: /home/lend/work_place/Foxmax-intership/task1/ros2_homework_basic_ws/src/install/cone_map_visualization/share/cone_map_visualization/local_setup.zsh
[6.545s] -- Installing: /home/lend/work_place/Foxmax-intership/task1/ros2_homework_basic_ws/src/install/cone_map_visualization/share/cone_map_visualization/local_setup.dsv
[6.545s] -- Installing: /home/lend/work_place/Foxmax-intership/task1/ros2_homework_basic_ws/src/install/cone_map_visualization/share/cone_map_visualization/package.dsv
[6.546s] -- Installing: /home/lend/work_place/Foxmax-intership/task1/ros2_homework_basic_ws/src/install/cone_map_visualization/share/ament_index/resource_index/packages/cone_map_visualization
[6.546s] -- Installing: /home/lend/work_place/Foxmax-intership/task1/ros2_homework_basic_ws/src/install/cone_map_visualization/share/cone_map_visualization/cmake/cone_map_visualizationConfig.cmake
[6.546s] -- Installing: /home/lend/work_place/Foxmax-intership/task1/ros2_homework_basic_ws/src/install/cone_map_visualization/share/cone_map_visualization/cmake/cone_map_visualizationConfig-version.cmake
[6.546s] -- Installing: /home/lend/work_place/Foxmax-intership/task1/ros2_homework_basic_ws/src/install/cone_map_visualization/share/cone_map_visualization/package.xml
[6.548s] Invoked command in '/home/lend/work_place/Foxmax-intership/task1/ros2_homework_basic_ws/src/build/cone_map_visualization' returned '0': AMENT_PREFIX_PATH=/home/lend/work_place/Foxmax-intership/task1/ros2_homework_basic_ws/src/install/fsd_common_msgs:${AMENT_PREFIX_PATH} CMAKE_PREFIX_PATH=/home/lend/work_place/Foxmax-intership/task1/ros2_homework_basic_ws/src/install/fsd_common_msgs:/opt/ros/humble LD_LIBRARY_PATH=/home/lend/work_place/Foxmax-intership/task1/ros2_homework_basic_ws/src/install/fsd_common_msgs/lib:${LD_LIBRARY_PATH} PYTHONPATH=/home/lend/work_place/Foxmax-intership/task1/ros2_homework_basic_ws/src/install/fsd_common_msgs/local/lib/python3.10/dist-packages:${PYTHONPATH} /usr/bin/cmake --install /home/lend/work_place/Foxmax-intership/task1/ros2_homework_basic_ws/src/build/cone_map_visualization
