[ 50%] [32mBuilding CXX object CMakeFiles/map_visualizer.dir/src/visualization.cpp.o[0m
[100%] [32m[1mLinking CXX executable map_visualizer[0m
[100%] Built target map_visualizer
-- Install configuration: ""
-- Installing: /home/lend/work_place/Foxmax-intership/task1/ros2_homework_basic_ws/install/cone_map_visualization/lib/cone_map_visualization/map_visualizer
-- Set runtime path of "/home/lend/work_place/Foxmax-intership/task1/ros2_homework_basic_ws/install/cone_map_visualization/lib/cone_map_visualization/map_visualizer" to ""
-- Up-to-date: /home/lend/work_place/Foxmax-intership/task1/ros2_homework_basic_ws/install/cone_map_visualization/share/cone_map_visualization/launch
-- Installing: /home/lend/work_place/Foxmax-intership/task1/ros2_homework_basic_ws/install/cone_map_visualization/share/cone_map_visualization/launch/launch.py
-- Up-to-date: /home/lend/work_place/Foxmax-intership/task1/ros2_homework_basic_ws/install/cone_map_visualization/share/ament_index/resource_index/package_run_dependencies/cone_map_visualization
-- Up-to-date: /home/lend/work_place/Foxmax-intership/task1/ros2_homework_basic_ws/install/cone_map_visualization/share/ament_index/resource_index/parent_prefix_path/cone_map_visualization
-- Up-to-date: /home/lend/work_place/Foxmax-intership/task1/ros2_homework_basic_ws/install/cone_map_visualization/share/cone_map_visualization/environment/ament_prefix_path.sh
-- Up-to-date: /home/lend/work_place/Foxmax-intership/task1/ros2_homework_basic_ws/install/cone_map_visualization/share/cone_map_visualization/environment/ament_prefix_path.dsv
-- Up-to-date: /home/lend/work_place/Foxmax-intership/task1/ros2_homework_basic_ws/install/cone_map_visualization/share/cone_map_visualization/environment/path.sh
-- Up-to-date: /home/lend/work_place/Foxmax-intership/task1/ros2_homework_basic_ws/install/cone_map_visualization/share/cone_map_visualization/environment/path.dsv
-- Up-to-date: /home/lend/work_place/Foxmax-intership/task1/ros2_homework_basic_ws/install/cone_map_visualization/share/cone_map_visualization/local_setup.bash
-- Up-to-date: /home/lend/work_place/Foxmax-intership/task1/ros2_homework_basic_ws/install/cone_map_visualization/share/cone_map_visualization/local_setup.sh
-- Up-to-date: /home/lend/work_place/Foxmax-intership/task1/ros2_homework_basic_ws/install/cone_map_visualization/share/cone_map_visualization/local_setup.zsh
-- Up-to-date: /home/lend/work_place/Foxmax-intership/task1/ros2_homework_basic_ws/install/cone_map_visualization/share/cone_map_visualization/local_setup.dsv
-- Installing: /home/lend/work_place/Foxmax-intership/task1/ros2_homework_basic_ws/install/cone_map_visualization/share/cone_map_visualization/package.dsv
-- Up-to-date: /home/lend/work_place/Foxmax-intership/task1/ros2_homework_basic_ws/install/cone_map_visualization/share/ament_index/resource_index/packages/cone_map_visualization
-- Up-to-date: /home/lend/work_place/Foxmax-intership/task1/ros2_homework_basic_ws/install/cone_map_visualization/share/cone_map_visualization/cmake/cone_map_visualizationConfig.cmake
-- Up-to-date: /home/lend/work_place/Foxmax-intership/task1/ros2_homework_basic_ws/install/cone_map_visualization/share/cone_map_visualization/cmake/cone_map_visualizationConfig-version.cmake
-- Up-to-date: /home/lend/work_place/Foxmax-intership/task1/ros2_homework_basic_ws/install/cone_map_visualization/share/cone_map_visualization/package.xml
