[0.006s] Invoking command in '/home/lend/work_place/Foxmax-intership/task1/ros2_homework_basic_ws/build/cone_map_visualization': CMAKE_PREFIX_PATH=/home/lend/work_place/Foxmax-intership/task1/ros2_homework_basic_ws/install/fsd_common_msgs:/home/lend/work_place/Foxmax-intership/task1/ros2_homework_basic_ws/install/cone_map_visualization:/home/lend/work_place/Foxmax-intership/task1/ros2_homework_basic_ws/install/ros2_homework_basic_package:/opt/ros/humble /usr/bin/cmake --build /home/lend/work_place/Foxmax-intership/task1/ros2_homework_basic_ws/build/cone_map_visualization -- -j32 -l32
[0.048s] [ 50%] [32mBuilding CXX object CMakeFiles/map_visualizer.dir/src/visualization.cpp.o[0m
[6.548s] [100%] [32m[1mLinking CXX executable map_visualizer[0m
[6.826s] [100%] Built target map_visualizer
[6.840s] Invoked command in '/home/lend/work_place/Foxmax-intership/task1/ros2_homework_basic_ws/build/cone_map_visualization' returned '0': CMAKE_PREFIX_PATH=/home/lend/work_place/Foxmax-intership/task1/ros2_homework_basic_ws/install/fsd_common_msgs:/home/lend/work_place/Foxmax-intership/task1/ros2_homework_basic_ws/install/cone_map_visualization:/home/lend/work_place/Foxmax-intership/task1/ros2_homework_basic_ws/install/ros2_homework_basic_package:/opt/ros/humble /usr/bin/cmake --build /home/lend/work_place/Foxmax-intership/task1/ros2_homework_basic_ws/build/cone_map_visualization -- -j32 -l32
[6.842s] Invoking command in '/home/lend/work_place/Foxmax-intership/task1/ros2_homework_basic_ws/build/cone_map_visualization': CMAKE_PREFIX_PATH=/home/lend/work_place/Foxmax-intership/task1/ros2_homework_basic_ws/install/fsd_common_msgs:/home/lend/work_place/Foxmax-intership/task1/ros2_homework_basic_ws/install/cone_map_visualization:/home/lend/work_place/Foxmax-intership/task1/ros2_homework_basic_ws/install/ros2_homework_basic_package:/opt/ros/humble /usr/bin/cmake --install /home/lend/work_place/Foxmax-intership/task1/ros2_homework_basic_ws/build/cone_map_visualization
[6.847s] -- Install configuration: ""
[6.847s] -- Installing: /home/lend/work_place/Foxmax-intership/task1/ros2_homework_basic_ws/install/cone_map_visualization/lib/cone_map_visualization/map_visualizer
[6.851s] -- Set runtime path of "/home/lend/work_place/Foxmax-intership/task1/ros2_homework_basic_ws/install/cone_map_visualization/lib/cone_map_visualization/map_visualizer" to ""
[6.851s] -- Up-to-date: /home/lend/work_place/Foxmax-intership/task1/ros2_homework_basic_ws/install/cone_map_visualization/share/cone_map_visualization/launch
[6.851s] -- Installing: /home/lend/work_place/Foxmax-intership/task1/ros2_homework_basic_ws/install/cone_map_visualization/share/cone_map_visualization/launch/launch.py
[6.852s] -- Up-to-date: /home/lend/work_place/Foxmax-intership/task1/ros2_homework_basic_ws/install/cone_map_visualization/share/ament_index/resource_index/package_run_dependencies/cone_map_visualization
[6.852s] -- Up-to-date: /home/lend/work_place/Foxmax-intership/task1/ros2_homework_basic_ws/install/cone_map_visualization/share/ament_index/resource_index/parent_prefix_path/cone_map_visualization
[6.852s] -- Up-to-date: /home/lend/work_place/Foxmax-intership/task1/ros2_homework_basic_ws/install/cone_map_visualization/share/cone_map_visualization/environment/ament_prefix_path.sh
[6.852s] -- Up-to-date: /home/lend/work_place/Foxmax-intership/task1/ros2_homework_basic_ws/install/cone_map_visualization/share/cone_map_visualization/environment/ament_prefix_path.dsv
[6.852s] -- Up-to-date: /home/lend/work_place/Foxmax-intership/task1/ros2_homework_basic_ws/install/cone_map_visualization/share/cone_map_visualization/environment/path.sh
[6.852s] -- Up-to-date: /home/lend/work_place/Foxmax-intership/task1/ros2_homework_basic_ws/install/cone_map_visualization/share/cone_map_visualization/environment/path.dsv
[6.852s] -- Up-to-date: /home/lend/work_place/Foxmax-intership/task1/ros2_homework_basic_ws/install/cone_map_visualization/share/cone_map_visualization/local_setup.bash
[6.852s] -- Up-to-date: /home/lend/work_place/Foxmax-intership/task1/ros2_homework_basic_ws/install/cone_map_visualization/share/cone_map_visualization/local_setup.sh
[6.852s] -- Up-to-date: /home/lend/work_place/Foxmax-intership/task1/ros2_homework_basic_ws/install/cone_map_visualization/share/cone_map_visualization/local_setup.zsh
[6.852s] -- Up-to-date: /home/lend/work_place/Foxmax-intership/task1/ros2_homework_basic_ws/install/cone_map_visualization/share/cone_map_visualization/local_setup.dsv
[6.852s] -- Installing: /home/lend/work_place/Foxmax-intership/task1/ros2_homework_basic_ws/install/cone_map_visualization/share/cone_map_visualization/package.dsv
[6.852s] -- Up-to-date: /home/lend/work_place/Foxmax-intership/task1/ros2_homework_basic_ws/install/cone_map_visualization/share/ament_index/resource_index/packages/cone_map_visualization
[6.852s] -- Up-to-date: /home/lend/work_place/Foxmax-intership/task1/ros2_homework_basic_ws/install/cone_map_visualization/share/cone_map_visualization/cmake/cone_map_visualizationConfig.cmake
[6.852s] -- Up-to-date: /home/lend/work_place/Foxmax-intership/task1/ros2_homework_basic_ws/install/cone_map_visualization/share/cone_map_visualization/cmake/cone_map_visualizationConfig-version.cmake
[6.852s] -- Up-to-date: /home/lend/work_place/Foxmax-intership/task1/ros2_homework_basic_ws/install/cone_map_visualization/share/cone_map_visualization/package.xml
[6.854s] Invoked command in '/home/lend/work_place/Foxmax-intership/task1/ros2_homework_basic_ws/build/cone_map_visualization' returned '0': CMAKE_PREFIX_PATH=/home/lend/work_place/Foxmax-intership/task1/ros2_homework_basic_ws/install/fsd_common_msgs:/home/lend/work_place/Foxmax-intership/task1/ros2_homework_basic_ws/install/cone_map_visualization:/home/lend/work_place/Foxmax-intership/task1/ros2_homework_basic_ws/install/ros2_homework_basic_package:/opt/ros/humble /usr/bin/cmake --install /home/lend/work_place/Foxmax-intership/task1/ros2_homework_basic_ws/build/cone_map_visualization
