[0.008s] Invoking command in '/home/lend/work_place/Foxmax-intership/task1/ros2_homework_basic_ws/src/build/ros2_homework_basic_package': CMAKE_PREFIX_PATH=/opt/ros/humble /usr/bin/cmake /home/lend/work_place/Foxmax-intership/task1/ros2_homework_basic_ws/src/ros2_homework_basic_package -DCMAKE_INSTALL_PREFIX=/home/lend/work_place/Foxmax-intership/task1/ros2_homework_basic_ws/src/install/ros2_homework_basic_package
[0.062s] -- The C compiler identification is GNU 11.4.0
[0.124s] -- The CXX compiler identification is GNU 11.4.0
[0.135s] -- Detecting C compiler ABI info
[0.195s] -- Detecting C compiler ABI info - done
[0.200s] -- Check for working C compiler: /usr/bin/cc - skipped
[0.201s] -- Detecting C compile features
[0.201s] -- Detecting C compile features - done
[0.204s] -- Detecting CXX compiler ABI info
[0.272s] -- Detecting CXX compiler ABI info - done
[0.277s] -- Check for working CXX compiler: /usr/bin/c++ - skipped
[0.277s] -- Detecting CXX compile features
[0.277s] -- Detecting CXX compile features - done
[0.281s] -- Found ament_cmake: 1.3.14 (/opt/ros/humble/share/ament_cmake/cmake)
[0.375s] -- Found Python3: /usr/bin/python3 (found version "3.10.12") found components: Interpreter 
[0.447s] -- Found rclcpp: 16.0.19 (/opt/ros/humble/share/rclcpp/cmake)
[0.483s] -- Found rosidl_generator_c: 3.1.8 (/opt/ros/humble/share/rosidl_generator_c/cmake)
[0.487s] -- Found rosidl_adapter: 3.1.8 (/opt/ros/humble/share/rosidl_adapter/cmake)
[0.495s] -- Found rosidl_generator_cpp: 3.1.8 (/opt/ros/humble/share/rosidl_generator_cpp/cmake)
[0.504s] -- Using all available rosidl_typesupport_c: rosidl_typesupport_fastrtps_c;rosidl_typesupport_introspection_c
[0.518s] -- Using all available rosidl_typesupport_cpp: rosidl_typesupport_fastrtps_cpp;rosidl_typesupport_introspection_cpp
[0.553s] -- Found rmw_implementation_cmake: 6.1.2 (/opt/ros/humble/share/rmw_implementation_cmake/cmake)
[0.555s] -- Found rmw_fastrtps_cpp: 6.2.10 (/opt/ros/humble/share/rmw_fastrtps_cpp/cmake)
[0.621s] -- Found OpenSSL: /usr/lib/x86_64-linux-gnu/libcrypto.so (found version "3.0.2")  
[0.641s] -- Found FastRTPS: /opt/ros/humble/include  
[0.669s] -- Using RMW implementation 'rmw_fastrtps_cpp' as default
[0.676s] -- Looking for pthread.h
[0.733s] -- Looking for pthread.h - found
[0.733s] -- Performing Test CMAKE_HAVE_LIBC_PTHREAD
[0.785s] -- Performing Test CMAKE_HAVE_LIBC_PTHREAD - Success
[0.786s] -- Found Threads: TRUE  
[0.824s] -- Found geometry_msgs: 4.9.1 (/opt/ros/humble/share/geometry_msgs/cmake)
[0.834s] -- Found turtlesim: 1.4.3 (/opt/ros/humble/share/turtlesim/cmake)
[0.865s] -- Found ament_lint_auto: 0.12.15 (/opt/ros/humble/share/ament_lint_auto/cmake)
[0.918s] -- Added test 'cppcheck' to perform static code analysis on C / C++ code
[0.918s] -- Configured cppcheck include dirs: 
[0.918s] -- Configured cppcheck exclude dirs and/or files: 
[0.918s] -- Added test 'flake8' to check Python code syntax and style conventions
[0.918s] -- Added test 'lint_cmake' to check CMake code style
[0.919s] -- Added test 'pep257' to check Python code against some of the docstring style conventions in PEP 257
[0.919s] -- Added test 'uncrustify' to check C / C++ code style
[0.919s] -- Configured uncrustify additional arguments: 
[0.920s] -- Added test 'xmllint' to check XML markup files
[0.921s] -- Configuring done
[0.929s] -- Generating done
[0.932s] -- Build files have been written to: /home/lend/work_place/Foxmax-intership/task1/ros2_homework_basic_ws/src/build/ros2_homework_basic_package
[0.939s] Invoked command in '/home/lend/work_place/Foxmax-intership/task1/ros2_homework_basic_ws/src/build/ros2_homework_basic_package' returned '0': CMAKE_PREFIX_PATH=/opt/ros/humble /usr/bin/cmake /home/lend/work_place/Foxmax-intership/task1/ros2_homework_basic_ws/src/ros2_homework_basic_package -DCMAKE_INSTALL_PREFIX=/home/lend/work_place/Foxmax-intership/task1/ros2_homework_basic_ws/src/install/ros2_homework_basic_package
[0.940s] Invoking command in '/home/lend/work_place/Foxmax-intership/task1/ros2_homework_basic_ws/src/build/ros2_homework_basic_package': CMAKE_PREFIX_PATH=/opt/ros/humble /usr/bin/cmake --build /home/lend/work_place/Foxmax-intership/task1/ros2_homework_basic_ws/src/build/ros2_homework_basic_package -- -j32 -l32
[0.976s] [ 50%] [32mBuilding CXX object CMakeFiles/turtle_8.dir/src/turtle_8.cpp.o[0m
[3.622s] [100%] [32m[1mLinking CXX executable turtle_8[0m
[3.754s] [100%] Built target turtle_8
[3.814s] Invoked command in '/home/lend/work_place/Foxmax-intership/task1/ros2_homework_basic_ws/src/build/ros2_homework_basic_package' returned '0': CMAKE_PREFIX_PATH=/opt/ros/humble /usr/bin/cmake --build /home/lend/work_place/Foxmax-intership/task1/ros2_homework_basic_ws/src/build/ros2_homework_basic_package -- -j32 -l32
[3.815s] Invoking command in '/home/lend/work_place/Foxmax-intership/task1/ros2_homework_basic_ws/src/build/ros2_homework_basic_package': CMAKE_PREFIX_PATH=/opt/ros/humble /usr/bin/cmake --install /home/lend/work_place/Foxmax-intership/task1/ros2_homework_basic_ws/src/build/ros2_homework_basic_package
[3.820s] -- Install configuration: ""
[3.820s] -- Installing: /home/lend/work_place/Foxmax-intership/task1/ros2_homework_basic_ws/src/install/ros2_homework_basic_package/lib/ros2_homework_basic_package/turtle_8
[3.822s] -- Set runtime path of "/home/lend/work_place/Foxmax-intership/task1/ros2_homework_basic_ws/src/install/ros2_homework_basic_package/lib/ros2_homework_basic_package/turtle_8" to ""
[3.822s] -- Installing: /home/lend/work_place/Foxmax-intership/task1/ros2_homework_basic_ws/src/install/ros2_homework_basic_package/share/ament_index/resource_index/package_run_dependencies/ros2_homework_basic_package
[3.822s] -- Installing: /home/lend/work_place/Foxmax-intership/task1/ros2_homework_basic_ws/src/install/ros2_homework_basic_package/share/ament_index/resource_index/parent_prefix_path/ros2_homework_basic_package
[3.822s] -- Installing: /home/lend/work_place/Foxmax-intership/task1/ros2_homework_basic_ws/src/install/ros2_homework_basic_package/share/ros2_homework_basic_package/environment/ament_prefix_path.sh
[3.823s] -- Installing: /home/lend/work_place/Foxmax-intership/task1/ros2_homework_basic_ws/src/install/ros2_homework_basic_package/share/ros2_homework_basic_package/environment/ament_prefix_path.dsv
[3.823s] -- Installing: /home/lend/work_place/Foxmax-intership/task1/ros2_homework_basic_ws/src/install/ros2_homework_basic_package/share/ros2_homework_basic_package/environment/path.sh
[3.823s] -- Installing: /home/lend/work_place/Foxmax-intership/task1/ros2_homework_basic_ws/src/install/ros2_homework_basic_package/share/ros2_homework_basic_package/environment/path.dsv
[3.823s] -- Installing: /home/lend/work_place/Foxmax-intership/task1/ros2_homework_basic_ws/src/install/ros2_homework_basic_package/share/ros2_homework_basic_package/local_setup.bash
[3.823s] -- Installing: /home/lend/work_place/Foxmax-intership/task1/ros2_homework_basic_ws/src/install/ros2_homework_basic_package/share/ros2_homework_basic_package/local_setup.sh
[3.823s] -- Installing: /home/lend/work_place/Foxmax-intership/task1/ros2_homework_basic_ws/src/install/ros2_homework_basic_package/share/ros2_homework_basic_package/local_setup.zsh
[3.823s] -- Installing: /home/lend/work_place/Foxmax-intership/task1/ros2_homework_basic_ws/src/install/ros2_homework_basic_package/share/ros2_homework_basic_package/local_setup.dsv
[3.823s] -- Installing: /home/lend/work_place/Foxmax-intership/task1/ros2_homework_basic_ws/src/install/ros2_homework_basic_package/share/ros2_homework_basic_package/package.dsv
[3.824s] -- Installing: /home/lend/work_place/Foxmax-intership/task1/ros2_homework_basic_ws/src/install/ros2_homework_basic_package/share/ament_index/resource_index/packages/ros2_homework_basic_package
[3.824s] -- Installing: /home/lend/work_place/Foxmax-intership/task1/ros2_homework_basic_ws/src/install/ros2_homework_basic_package/share/ros2_homework_basic_package/cmake/ros2_homework_basic_packageConfig.cmake
[3.824s] -- Installing: /home/lend/work_place/Foxmax-intership/task1/ros2_homework_basic_ws/src/install/ros2_homework_basic_package/share/ros2_homework_basic_package/cmake/ros2_homework_basic_packageConfig-version.cmake
[3.824s] -- Installing: /home/lend/work_place/Foxmax-intership/task1/ros2_homework_basic_ws/src/install/ros2_homework_basic_package/share/ros2_homework_basic_package/package.xml
[3.826s] Invoked command in '/home/lend/work_place/Foxmax-intership/task1/ros2_homework_basic_ws/src/build/ros2_homework_basic_package' returned '0': CMAKE_PREFIX_PATH=/opt/ros/humble /usr/bin/cmake --install /home/lend/work_place/Foxmax-intership/task1/ros2_homework_basic_ws/src/build/ros2_homework_basic_package
