[0.007s] Invoking command in '/home/lend/work_place/Foxmax-intership/task1/ros2_homework_basic_ws/build/cone_map_visualization': CMAKE_PREFIX_PATH=${CMAKE_PREFIX_PATH}:/opt/ros/humble /usr/bin/cmake /home/lend/work_place/Foxmax-intership/task1/ros2_homework_basic_ws/src/cone_map_visualization -DCMAKE_INSTALL_PREFIX=/home/lend/work_place/Foxmax-intership/task1/ros2_homework_basic_ws/install/cone_map_visualization
[0.014s] -- Found ament_cmake: 1.3.14 (/opt/ros/humble/share/ament_cmake/cmake)
[0.093s] -- Found rclcpp: 16.0.19 (/opt/ros/humble/share/rclcpp/cmake)
[0.109s] -- Found rosidl_generator_c: 3.1.8 (/opt/ros/humble/share/rosidl_generator_c/cmake)
[0.111s] -- Found rosidl_adapter: 3.1.8 (/opt/ros/humble/share/rosidl_adapter/cmake)
[0.114s] -- Found rosidl_generator_cpp: 3.1.8 (/opt/ros/humble/share/rosidl_generator_cpp/cmake)
[0.119s] -- Using all available rosidl_typesupport_c: rosidl_typesupport_fastrtps_c;rosidl_typesupport_introspection_c
[0.127s] -- Using all available rosidl_typesupport_cpp: rosidl_typesupport_fastrtps_cpp;rosidl_typesupport_introspection_cpp
[0.145s] -- Found rmw_implementation_cmake: 6.1.2 (/opt/ros/humble/share/rmw_implementation_cmake/cmake)
[0.146s] -- Found rmw_fastrtps_cpp: 6.2.10 (/opt/ros/humble/share/rmw_fastrtps_cpp/cmake)
[0.213s] -- Using RMW implementation 'rmw_fastrtps_cpp' as default
[0.239s] -- Found fsd_common_msgs: 0.0.0 (/home/lend/work_place/Foxmax-intership/task1/ros2_homework_basic_ws/install/fsd_common_msgs/share/fsd_common_msgs/cmake)
[0.272s] -- Found visualization_msgs: 4.9.1 (/opt/ros/humble/share/visualization_msgs/cmake)
[0.293s] -- Found ament_lint_auto: 0.12.15 (/opt/ros/humble/share/ament_lint_auto/cmake)
[0.332s] -- Added test 'cppcheck' to perform static code analysis on C / C++ code
[0.332s] -- Configured cppcheck include dirs: 
[0.332s] -- Configured cppcheck exclude dirs and/or files: 
[0.332s] -- Added test 'flake8' to check Python code syntax and style conventions
[0.332s] -- Added test 'lint_cmake' to check CMake code style
[0.333s] -- Added test 'pep257' to check Python code against some of the docstring style conventions in PEP 257
[0.333s] -- Added test 'uncrustify' to check C / C++ code style
[0.333s] -- Configured uncrustify additional arguments: 
[0.333s] -- Added test 'xmllint' to check XML markup files
[0.334s] -- Configuring done
[0.342s] -- Generating done
[0.344s] -- Build files have been written to: /home/lend/work_place/Foxmax-intership/task1/ros2_homework_basic_ws/build/cone_map_visualization
[0.350s] Invoked command in '/home/lend/work_place/Foxmax-intership/task1/ros2_homework_basic_ws/build/cone_map_visualization' returned '0': CMAKE_PREFIX_PATH=${CMAKE_PREFIX_PATH}:/opt/ros/humble /usr/bin/cmake /home/lend/work_place/Foxmax-intership/task1/ros2_homework_basic_ws/src/cone_map_visualization -DCMAKE_INSTALL_PREFIX=/home/lend/work_place/Foxmax-intership/task1/ros2_homework_basic_ws/install/cone_map_visualization
[0.351s] Invoking command in '/home/lend/work_place/Foxmax-intership/task1/ros2_homework_basic_ws/build/cone_map_visualization': CMAKE_PREFIX_PATH=${CMAKE_PREFIX_PATH}:/opt/ros/humble /usr/bin/cmake --build /home/lend/work_place/Foxmax-intership/task1/ros2_homework_basic_ws/build/cone_map_visualization -- -j32 -l32
[0.388s] [ 50%] [32mBuilding CXX object CMakeFiles/map_visualizer.dir/src/visualization.cpp.o[0m
[5.417s] [100%] [32m[1mLinking CXX executable map_visualizer[0m
[5.688s] [100%] Built target map_visualizer
[5.716s] Invoked command in '/home/lend/work_place/Foxmax-intership/task1/ros2_homework_basic_ws/build/cone_map_visualization' returned '0': CMAKE_PREFIX_PATH=${CMAKE_PREFIX_PATH}:/opt/ros/humble /usr/bin/cmake --build /home/lend/work_place/Foxmax-intership/task1/ros2_homework_basic_ws/build/cone_map_visualization -- -j32 -l32
[5.717s] Invoking command in '/home/lend/work_place/Foxmax-intership/task1/ros2_homework_basic_ws/build/cone_map_visualization': CMAKE_PREFIX_PATH=${CMAKE_PREFIX_PATH}:/opt/ros/humble /usr/bin/cmake --install /home/lend/work_place/Foxmax-intership/task1/ros2_homework_basic_ws/build/cone_map_visualization
[5.723s] -- Install configuration: ""
[5.723s] -- Installing: /home/lend/work_place/Foxmax-intership/task1/ros2_homework_basic_ws/install/cone_map_visualization/lib/cone_map_visualization/map_visualizer
[5.726s] -- Set runtime path of "/home/lend/work_place/Foxmax-intership/task1/ros2_homework_basic_ws/install/cone_map_visualization/lib/cone_map_visualization/map_visualizer" to ""
[5.726s] [31mCMake Error at cmake_install.cmake:66 (file):
[5.726s]   file INSTALL cannot find
[5.726s]   "/home/lend/work_place/Foxmax-intership/task1/ros2_homework_basic_ws/src/cone_map_visualization/launch":
[5.726s]   No such file or directory.
[5.726s] 
[5.726s] [0m
[5.727s] Invoked command in '/home/lend/work_place/Foxmax-intership/task1/ros2_homework_basic_ws/build/cone_map_visualization' returned '1': CMAKE_PREFIX_PATH=${CMAKE_PREFIX_PATH}:/opt/ros/humble /usr/bin/cmake --install /home/lend/work_place/Foxmax-intership/task1/ros2_homework_basic_ws/build/cone_map_visualization
