[0.085s] DEBUG:colcon:Command line arguments: ['/usr/bin/colcon', 'build']
[0.085s] DEBUG:colcon:Parsed command line arguments: Namespace(log_base=None, log_level=None, verb_name='build', build_base='build', install_base='install', merge_install=False, symlink_install=False, test_result_base=None, continue_on_error=False, executor='parallel', parallel_workers=32, event_handlers=None, ignore_user_meta=False, metas=['./colcon.meta'], base_paths=['.'], packages_ignore=None, packages_ignore_regex=None, paths=None, packages_up_to=None, packages_up_to_regex=None, packages_above=None, packages_above_and_dependencies=None, packages_above_depth=None, packages_select_by_dep=None, packages_skip_by_dep=None, packages_skip_up_to=None, packages_select_build_failed=False, packages_skip_build_finished=False, packages_select_test_failures=False, packages_skip_test_passed=False, packages_select=None, packages_skip=None, packages_select_regex=None, packages_skip_regex=None, packages_start=None, packages_end=None, allow_overriding=[], cmake_args=None, cmake_target=None, cmake_target_skip_unavailable=False, cmake_clean_cache=False, cmake_clean_first=False, cmake_force_configure=False, ament_cmake_args=None, catkin_cmake_args=None, catkin_skip_building_tests=False, verb_parser=<colcon_defaults.argument_parser.defaults.DefaultArgumentsDecorator object at 0x79045992ef80>, verb_extension=<colcon_core.verb.build.BuildVerb object at 0x790459a7c430>, main=<bound method BuildVerb.main of <colcon_core.verb.build.BuildVerb object at 0x790459a7c430>>)
[0.188s] Level 1:colcon.colcon_core.package_discovery:discover_packages(colcon_meta) check parameters
[0.189s] Level 1:colcon.colcon_core.package_discovery:discover_packages(recursive) check parameters
[0.189s] Level 1:colcon.colcon_core.package_discovery:discover_packages(ignore) check parameters
[0.189s] Level 1:colcon.colcon_core.package_discovery:discover_packages(path) check parameters
[0.189s] Level 1:colcon.colcon_core.package_discovery:discover_packages(colcon_meta) discover
[0.189s] Level 1:colcon.colcon_core.package_discovery:discover_packages(recursive) discover
[0.189s] INFO:colcon.colcon_core.package_discovery:Crawling recursively for packages in '/home/lend/work_place/Foxmax-intership/task1/ros2_homework_basic_ws/src'
[0.189s] Level 1:colcon.colcon_core.package_identification:_identify(.) by extensions ['ignore', 'ignore_ament_install']
[0.189s] Level 1:colcon.colcon_core.package_identification:_identify(.) by extension 'ignore'
[0.189s] Level 1:colcon.colcon_core.package_identification:_identify(.) by extension 'ignore_ament_install'
[0.189s] Level 1:colcon.colcon_core.package_identification:_identify(.) by extensions ['colcon_pkg']
[0.189s] Level 1:colcon.colcon_core.package_identification:_identify(.) by extension 'colcon_pkg'
[0.189s] Level 1:colcon.colcon_core.package_identification:_identify(.) by extensions ['colcon_meta']
[0.189s] Level 1:colcon.colcon_core.package_identification:_identify(.) by extension 'colcon_meta'
[0.189s] Level 1:colcon.colcon_core.package_identification:_identify(.) by extensions ['ros']
[0.189s] Level 1:colcon.colcon_core.package_identification:_identify(.) by extension 'ros'
[0.200s] Level 1:colcon.colcon_core.package_identification:_identify(.) by extensions ['cmake', 'python']
[0.200s] Level 1:colcon.colcon_core.package_identification:_identify(.) by extension 'cmake'
[0.200s] Level 1:colcon.colcon_core.package_identification:_identify(.) by extension 'python'
[0.200s] Level 1:colcon.colcon_core.package_identification:_identify(.) by extensions ['python_setup_py']
[0.200s] Level 1:colcon.colcon_core.package_identification:_identify(.) by extension 'python_setup_py'
[0.200s] Level 1:colcon.colcon_core.package_identification:_identify(build) by extensions ['ignore', 'ignore_ament_install']
[0.200s] Level 1:colcon.colcon_core.package_identification:_identify(build) by extension 'ignore'
[0.200s] Level 1:colcon.colcon_core.package_identification:_identify(build) ignored
[0.200s] Level 1:colcon.colcon_core.package_identification:_identify(cone_map_visualization) by extensions ['ignore', 'ignore_ament_install']
[0.200s] Level 1:colcon.colcon_core.package_identification:_identify(cone_map_visualization) by extension 'ignore'
[0.200s] Level 1:colcon.colcon_core.package_identification:_identify(cone_map_visualization) by extension 'ignore_ament_install'
[0.200s] Level 1:colcon.colcon_core.package_identification:_identify(cone_map_visualization) by extensions ['colcon_pkg']
[0.200s] Level 1:colcon.colcon_core.package_identification:_identify(cone_map_visualization) by extension 'colcon_pkg'
[0.200s] Level 1:colcon.colcon_core.package_identification:_identify(cone_map_visualization) by extensions ['colcon_meta']
[0.200s] Level 1:colcon.colcon_core.package_identification:_identify(cone_map_visualization) by extension 'colcon_meta'
[0.201s] Level 1:colcon.colcon_core.package_identification:_identify(cone_map_visualization) by extensions ['ros']
[0.201s] Level 1:colcon.colcon_core.package_identification:_identify(cone_map_visualization) by extension 'ros'
[0.203s] DEBUG:colcon.colcon_core.package_identification:Package 'cone_map_visualization' with type 'ros.ament_cmake' and name 'cone_map_visualization'
[0.203s] Level 1:colcon.colcon_core.package_identification:_identify(fsd_common_msgs) by extensions ['ignore', 'ignore_ament_install']
[0.203s] Level 1:colcon.colcon_core.package_identification:_identify(fsd_common_msgs) by extension 'ignore'
[0.203s] Level 1:colcon.colcon_core.package_identification:_identify(fsd_common_msgs) by extension 'ignore_ament_install'
[0.203s] Level 1:colcon.colcon_core.package_identification:_identify(fsd_common_msgs) by extensions ['colcon_pkg']
[0.203s] Level 1:colcon.colcon_core.package_identification:_identify(fsd_common_msgs) by extension 'colcon_pkg'
[0.203s] Level 1:colcon.colcon_core.package_identification:_identify(fsd_common_msgs) by extensions ['colcon_meta']
[0.203s] Level 1:colcon.colcon_core.package_identification:_identify(fsd_common_msgs) by extension 'colcon_meta'
[0.203s] Level 1:colcon.colcon_core.package_identification:_identify(fsd_common_msgs) by extensions ['ros']
[0.203s] Level 1:colcon.colcon_core.package_identification:_identify(fsd_common_msgs) by extension 'ros'
[0.204s] DEBUG:colcon.colcon_core.package_identification:Package 'fsd_common_msgs' with type 'ros.ament_cmake' and name 'fsd_common_msgs'
[0.204s] Level 1:colcon.colcon_core.package_identification:_identify(install) by extensions ['ignore', 'ignore_ament_install']
[0.204s] Level 1:colcon.colcon_core.package_identification:_identify(install) by extension 'ignore'
[0.204s] Level 1:colcon.colcon_core.package_identification:_identify(install) ignored
[0.204s] Level 1:colcon.colcon_core.package_identification:_identify(log) by extensions ['ignore', 'ignore_ament_install']
[0.204s] Level 1:colcon.colcon_core.package_identification:_identify(log) by extension 'ignore'
[0.204s] Level 1:colcon.colcon_core.package_identification:_identify(log) ignored
[0.204s] Level 1:colcon.colcon_core.package_identification:_identify(result) by extensions ['ignore', 'ignore_ament_install']
[0.204s] Level 1:colcon.colcon_core.package_identification:_identify(result) by extension 'ignore'
[0.204s] Level 1:colcon.colcon_core.package_identification:_identify(result) by extension 'ignore_ament_install'
[0.204s] Level 1:colcon.colcon_core.package_identification:_identify(result) by extensions ['colcon_pkg']
[0.204s] Level 1:colcon.colcon_core.package_identification:_identify(result) by extension 'colcon_pkg'
[0.204s] Level 1:colcon.colcon_core.package_identification:_identify(result) by extensions ['colcon_meta']
[0.204s] Level 1:colcon.colcon_core.package_identification:_identify(result) by extension 'colcon_meta'
[0.204s] Level 1:colcon.colcon_core.package_identification:_identify(result) by extensions ['ros']
[0.204s] Level 1:colcon.colcon_core.package_identification:_identify(result) by extension 'ros'
[0.204s] Level 1:colcon.colcon_core.package_identification:_identify(result) by extensions ['cmake', 'python']
[0.204s] Level 1:colcon.colcon_core.package_identification:_identify(result) by extension 'cmake'
[0.204s] Level 1:colcon.colcon_core.package_identification:_identify(result) by extension 'python'
[0.204s] Level 1:colcon.colcon_core.package_identification:_identify(result) by extensions ['python_setup_py']
[0.204s] Level 1:colcon.colcon_core.package_identification:_identify(result) by extension 'python_setup_py'
[0.204s] Level 1:colcon.colcon_core.package_identification:_identify(ros2_homework_basic_package) by extensions ['ignore', 'ignore_ament_install']
[0.204s] Level 1:colcon.colcon_core.package_identification:_identify(ros2_homework_basic_package) by extension 'ignore'
[0.204s] Level 1:colcon.colcon_core.package_identification:_identify(ros2_homework_basic_package) by extension 'ignore_ament_install'
[0.204s] Level 1:colcon.colcon_core.package_identification:_identify(ros2_homework_basic_package) by extensions ['colcon_pkg']
[0.204s] Level 1:colcon.colcon_core.package_identification:_identify(ros2_homework_basic_package) by extension 'colcon_pkg'
[0.204s] Level 1:colcon.colcon_core.package_identification:_identify(ros2_homework_basic_package) by extensions ['colcon_meta']
[0.204s] Level 1:colcon.colcon_core.package_identification:_identify(ros2_homework_basic_package) by extension 'colcon_meta'
[0.204s] Level 1:colcon.colcon_core.package_identification:_identify(ros2_homework_basic_package) by extensions ['ros']
[0.204s] Level 1:colcon.colcon_core.package_identification:_identify(ros2_homework_basic_package) by extension 'ros'
[0.205s] DEBUG:colcon.colcon_core.package_identification:Package 'ros2_homework_basic_package' with type 'ros.ament_cmake' and name 'ros2_homework_basic_package'
[0.205s] Level 1:colcon.colcon_core.package_discovery:discover_packages(recursive) using defaults
[0.205s] Level 1:colcon.colcon_core.package_discovery:discover_packages(ignore) discover
[0.205s] Level 1:colcon.colcon_core.package_discovery:discover_packages(ignore) using defaults
[0.205s] Level 1:colcon.colcon_core.package_discovery:discover_packages(path) discover
[0.205s] Level 1:colcon.colcon_core.package_discovery:discover_packages(path) using defaults
[0.222s] Level 1:colcon.colcon_core.package_discovery:discover_packages(prefix_path) check parameters
[0.222s] Level 1:colcon.colcon_core.package_discovery:discover_packages(prefix_path) discover
[0.224s] DEBUG:colcon.colcon_installed_package_information.package_discovery:Found 274 installed packages in /opt/ros/humble
[0.226s] Level 1:colcon.colcon_core.package_discovery:discover_packages(prefix_path) using defaults
[0.258s] Level 5:colcon.colcon_core.verb:set package 'fsd_common_msgs' build argument 'cmake_args' from command line to 'None'
[0.258s] Level 5:colcon.colcon_core.verb:set package 'fsd_common_msgs' build argument 'cmake_target' from command line to 'None'
[0.258s] Level 5:colcon.colcon_core.verb:set package 'fsd_common_msgs' build argument 'cmake_target_skip_unavailable' from command line to 'False'
[0.258s] Level 5:colcon.colcon_core.verb:set package 'fsd_common_msgs' build argument 'cmake_clean_cache' from command line to 'False'
[0.258s] Level 5:colcon.colcon_core.verb:set package 'fsd_common_msgs' build argument 'cmake_clean_first' from command line to 'False'
[0.258s] Level 5:colcon.colcon_core.verb:set package 'fsd_common_msgs' build argument 'cmake_force_configure' from command line to 'False'
[0.258s] Level 5:colcon.colcon_core.verb:set package 'fsd_common_msgs' build argument 'ament_cmake_args' from command line to 'None'
[0.258s] Level 5:colcon.colcon_core.verb:set package 'fsd_common_msgs' build argument 'catkin_cmake_args' from command line to 'None'
[0.258s] Level 5:colcon.colcon_core.verb:set package 'fsd_common_msgs' build argument 'catkin_skip_building_tests' from command line to 'False'
[0.258s] DEBUG:colcon.colcon_core.verb:Building package 'fsd_common_msgs' with the following arguments: {'ament_cmake_args': None, 'build_base': '/home/lend/work_place/Foxmax-intership/task1/ros2_homework_basic_ws/src/build/fsd_common_msgs', 'catkin_cmake_args': None, 'catkin_skip_building_tests': False, 'cmake_args': None, 'cmake_clean_cache': False, 'cmake_clean_first': False, 'cmake_force_configure': False, 'cmake_target': None, 'cmake_target_skip_unavailable': False, 'install_base': '/home/lend/work_place/Foxmax-intership/task1/ros2_homework_basic_ws/src/install/fsd_common_msgs', 'merge_install': False, 'path': '/home/lend/work_place/Foxmax-intership/task1/ros2_homework_basic_ws/src/fsd_common_msgs', 'symlink_install': False, 'test_result_base': None}
[0.258s] Level 5:colcon.colcon_core.verb:set package 'ros2_homework_basic_package' build argument 'cmake_args' from command line to 'None'
[0.258s] Level 5:colcon.colcon_core.verb:set package 'ros2_homework_basic_package' build argument 'cmake_target' from command line to 'None'
[0.258s] Level 5:colcon.colcon_core.verb:set package 'ros2_homework_basic_package' build argument 'cmake_target_skip_unavailable' from command line to 'False'
[0.258s] Level 5:colcon.colcon_core.verb:set package 'ros2_homework_basic_package' build argument 'cmake_clean_cache' from command line to 'False'
[0.258s] Level 5:colcon.colcon_core.verb:set package 'ros2_homework_basic_package' build argument 'cmake_clean_first' from command line to 'False'
[0.258s] Level 5:colcon.colcon_core.verb:set package 'ros2_homework_basic_package' build argument 'cmake_force_configure' from command line to 'False'
[0.258s] Level 5:colcon.colcon_core.verb:set package 'ros2_homework_basic_package' build argument 'ament_cmake_args' from command line to 'None'
[0.258s] Level 5:colcon.colcon_core.verb:set package 'ros2_homework_basic_package' build argument 'catkin_cmake_args' from command line to 'None'
[0.258s] Level 5:colcon.colcon_core.verb:set package 'ros2_homework_basic_package' build argument 'catkin_skip_building_tests' from command line to 'False'
[0.258s] DEBUG:colcon.colcon_core.verb:Building package 'ros2_homework_basic_package' with the following arguments: {'ament_cmake_args': None, 'build_base': '/home/lend/work_place/Foxmax-intership/task1/ros2_homework_basic_ws/src/build/ros2_homework_basic_package', 'catkin_cmake_args': None, 'catkin_skip_building_tests': False, 'cmake_args': None, 'cmake_clean_cache': False, 'cmake_clean_first': False, 'cmake_force_configure': False, 'cmake_target': None, 'cmake_target_skip_unavailable': False, 'install_base': '/home/lend/work_place/Foxmax-intership/task1/ros2_homework_basic_ws/src/install/ros2_homework_basic_package', 'merge_install': False, 'path': '/home/lend/work_place/Foxmax-intership/task1/ros2_homework_basic_ws/src/ros2_homework_basic_package', 'symlink_install': False, 'test_result_base': None}
[0.259s] Level 5:colcon.colcon_core.verb:set package 'cone_map_visualization' build argument 'cmake_args' from command line to 'None'
[0.259s] Level 5:colcon.colcon_core.verb:set package 'cone_map_visualization' build argument 'cmake_target' from command line to 'None'
[0.259s] Level 5:colcon.colcon_core.verb:set package 'cone_map_visualization' build argument 'cmake_target_skip_unavailable' from command line to 'False'
[0.259s] Level 5:colcon.colcon_core.verb:set package 'cone_map_visualization' build argument 'cmake_clean_cache' from command line to 'False'
[0.259s] Level 5:colcon.colcon_core.verb:set package 'cone_map_visualization' build argument 'cmake_clean_first' from command line to 'False'
[0.259s] Level 5:colcon.colcon_core.verb:set package 'cone_map_visualization' build argument 'cmake_force_configure' from command line to 'False'
[0.259s] Level 5:colcon.colcon_core.verb:set package 'cone_map_visualization' build argument 'ament_cmake_args' from command line to 'None'
[0.259s] Level 5:colcon.colcon_core.verb:set package 'cone_map_visualization' build argument 'catkin_cmake_args' from command line to 'None'
[0.259s] Level 5:colcon.colcon_core.verb:set package 'cone_map_visualization' build argument 'catkin_skip_building_tests' from command line to 'False'
[0.259s] DEBUG:colcon.colcon_core.verb:Building package 'cone_map_visualization' with the following arguments: {'ament_cmake_args': None, 'build_base': '/home/lend/work_place/Foxmax-intership/task1/ros2_homework_basic_ws/src/build/cone_map_visualization', 'catkin_cmake_args': None, 'catkin_skip_building_tests': False, 'cmake_args': None, 'cmake_clean_cache': False, 'cmake_clean_first': False, 'cmake_force_configure': False, 'cmake_target': None, 'cmake_target_skip_unavailable': False, 'install_base': '/home/lend/work_place/Foxmax-intership/task1/ros2_homework_basic_ws/src/install/cone_map_visualization', 'merge_install': False, 'path': '/home/lend/work_place/Foxmax-intership/task1/ros2_homework_basic_ws/src/cone_map_visualization', 'symlink_install': False, 'test_result_base': None}
[0.259s] INFO:colcon.colcon_core.executor:Executing jobs using 'parallel' executor
[0.259s] DEBUG:colcon.colcon_parallel_executor.executor.parallel:run_until_complete
[0.260s] INFO:colcon.colcon_ros.task.ament_cmake.build:Building ROS package in '/home/lend/work_place/Foxmax-intership/task1/ros2_homework_basic_ws/src/fsd_common_msgs' with build type 'ament_cmake'
[0.260s] INFO:colcon.colcon_cmake.task.cmake.build:Building CMake package in '/home/lend/work_place/Foxmax-intership/task1/ros2_homework_basic_ws/src/fsd_common_msgs'
[0.262s] INFO:colcon.colcon_core.plugin_system:Skipping extension 'colcon_core.shell.bat': Not used on non-Windows systems
[0.262s] INFO:colcon.colcon_core.shell:Skip shell extension 'powershell' for command environment: Not usable outside of PowerShell
[0.262s] DEBUG:colcon.colcon_core.shell:Skip shell extension 'dsv' for command environment
[0.264s] INFO:colcon.colcon_ros.task.ament_cmake.build:Building ROS package in '/home/lend/work_place/Foxmax-intership/task1/ros2_homework_basic_ws/src/ros2_homework_basic_package' with build type 'ament_cmake'
[0.264s] INFO:colcon.colcon_cmake.task.cmake.build:Building CMake package in '/home/lend/work_place/Foxmax-intership/task1/ros2_homework_basic_ws/src/ros2_homework_basic_package'
[0.264s] INFO:colcon.colcon_core.shell:Skip shell extension 'powershell' for command environment: Not usable outside of PowerShell
[0.264s] DEBUG:colcon.colcon_core.shell:Skip shell extension 'dsv' for command environment
[0.270s] DEBUG:colcon.colcon_core.event_handler.log_command:Invoking command in '/home/lend/work_place/Foxmax-intership/task1/ros2_homework_basic_ws/src/build/fsd_common_msgs': CMAKE_PREFIX_PATH=/opt/ros/humble /usr/bin/cmake --build /home/lend/work_place/Foxmax-intership/task1/ros2_homework_basic_ws/src/build/fsd_common_msgs -- -j32 -l32
[0.273s] DEBUG:colcon.colcon_core.event_handler.log_command:Invoking command in '/home/lend/work_place/Foxmax-intership/task1/ros2_homework_basic_ws/src/build/ros2_homework_basic_package': CMAKE_PREFIX_PATH=/opt/ros/humble /usr/bin/cmake /home/lend/work_place/Foxmax-intership/task1/ros2_homework_basic_ws/src/ros2_homework_basic_package -DCMAKE_INSTALL_PREFIX=/home/lend/work_place/Foxmax-intership/task1/ros2_homework_basic_ws/src/install/ros2_homework_basic_package
[0.543s] DEBUG:colcon.colcon_core.event_handler.log_command:Invoked command in '/home/lend/work_place/Foxmax-intership/task1/ros2_homework_basic_ws/src/build/fsd_common_msgs' returned '0': CMAKE_PREFIX_PATH=/opt/ros/humble /usr/bin/cmake --build /home/lend/work_place/Foxmax-intership/task1/ros2_homework_basic_ws/src/build/fsd_common_msgs -- -j32 -l32
[0.549s] DEBUG:colcon.colcon_core.event_handler.log_command:Invoking command in '/home/lend/work_place/Foxmax-intership/task1/ros2_homework_basic_ws/src/build/fsd_common_msgs': CMAKE_PREFIX_PATH=/opt/ros/humble /usr/bin/cmake --install /home/lend/work_place/Foxmax-intership/task1/ros2_homework_basic_ws/src/build/fsd_common_msgs
[0.604s] Level 1:colcon.colcon_core.environment:create_environment_scripts_only(fsd_common_msgs)
[0.605s] DEBUG:colcon.colcon_core.event_handler.log_command:Invoked command in '/home/lend/work_place/Foxmax-intership/task1/ros2_homework_basic_ws/src/build/fsd_common_msgs' returned '0': CMAKE_PREFIX_PATH=/opt/ros/humble /usr/bin/cmake --install /home/lend/work_place/Foxmax-intership/task1/ros2_homework_basic_ws/src/build/fsd_common_msgs
[0.606s] Level 1:colcon.colcon_core.environment:checking '/home/lend/work_place/Foxmax-intership/task1/ros2_homework_basic_ws/src/install/fsd_common_msgs' for CMake module files
[0.606s] Level 1:colcon.colcon_core.environment:checking '/home/lend/work_place/Foxmax-intership/task1/ros2_homework_basic_ws/src/install/fsd_common_msgs' for CMake config files
[0.607s] Level 1:colcon.colcon_core.shell:create_environment_hook('fsd_common_msgs', 'cmake_prefix_path')
[0.607s] INFO:colcon.colcon_core.shell:Creating environment hook '/home/lend/work_place/Foxmax-intership/task1/ros2_homework_basic_ws/src/install/fsd_common_msgs/share/fsd_common_msgs/hook/cmake_prefix_path.ps1'
[0.607s] INFO:colcon.colcon_core.shell:Creating environment descriptor '/home/lend/work_place/Foxmax-intership/task1/ros2_homework_basic_ws/src/install/fsd_common_msgs/share/fsd_common_msgs/hook/cmake_prefix_path.dsv'
[0.608s] INFO:colcon.colcon_core.shell:Creating environment hook '/home/lend/work_place/Foxmax-intership/task1/ros2_homework_basic_ws/src/install/fsd_common_msgs/share/fsd_common_msgs/hook/cmake_prefix_path.sh'
[0.608s] Level 1:colcon.colcon_core.environment:checking '/home/lend/work_place/Foxmax-intership/task1/ros2_homework_basic_ws/src/install/fsd_common_msgs/lib'
[0.608s] Level 1:colcon.colcon_core.shell:create_environment_hook('fsd_common_msgs', 'ld_library_path_lib')
[0.608s] INFO:colcon.colcon_core.shell:Creating environment hook '/home/lend/work_place/Foxmax-intership/task1/ros2_homework_basic_ws/src/install/fsd_common_msgs/share/fsd_common_msgs/hook/ld_library_path_lib.ps1'
[0.608s] INFO:colcon.colcon_core.shell:Creating environment descriptor '/home/lend/work_place/Foxmax-intership/task1/ros2_homework_basic_ws/src/install/fsd_common_msgs/share/fsd_common_msgs/hook/ld_library_path_lib.dsv'
[0.609s] INFO:colcon.colcon_core.shell:Creating environment hook '/home/lend/work_place/Foxmax-intership/task1/ros2_homework_basic_ws/src/install/fsd_common_msgs/share/fsd_common_msgs/hook/ld_library_path_lib.sh'
[0.609s] Level 1:colcon.colcon_core.environment:checking '/home/lend/work_place/Foxmax-intership/task1/ros2_homework_basic_ws/src/install/fsd_common_msgs/bin'
[0.609s] Level 1:colcon.colcon_core.environment:checking '/home/lend/work_place/Foxmax-intership/task1/ros2_homework_basic_ws/src/install/fsd_common_msgs/lib/pkgconfig/fsd_common_msgs.pc'
[0.609s] Level 1:colcon.colcon_core.environment:checking '/home/lend/work_place/Foxmax-intership/task1/ros2_homework_basic_ws/src/install/fsd_common_msgs/lib/python3.10/site-packages'
[0.609s] Level 1:colcon.colcon_core.environment:checking '/home/lend/work_place/Foxmax-intership/task1/ros2_homework_basic_ws/src/install/fsd_common_msgs/bin'
[0.609s] INFO:colcon.colcon_core.shell:Creating package script '/home/lend/work_place/Foxmax-intership/task1/ros2_homework_basic_ws/src/install/fsd_common_msgs/share/fsd_common_msgs/package.ps1'
[0.610s] INFO:colcon.colcon_core.shell:Creating package descriptor '/home/lend/work_place/Foxmax-intership/task1/ros2_homework_basic_ws/src/install/fsd_common_msgs/share/fsd_common_msgs/package.dsv'
[0.610s] INFO:colcon.colcon_core.shell:Creating package script '/home/lend/work_place/Foxmax-intership/task1/ros2_homework_basic_ws/src/install/fsd_common_msgs/share/fsd_common_msgs/package.sh'
[0.611s] INFO:colcon.colcon_core.shell:Creating package script '/home/lend/work_place/Foxmax-intership/task1/ros2_homework_basic_ws/src/install/fsd_common_msgs/share/fsd_common_msgs/package.bash'
[0.611s] INFO:colcon.colcon_core.shell:Creating package script '/home/lend/work_place/Foxmax-intership/task1/ros2_homework_basic_ws/src/install/fsd_common_msgs/share/fsd_common_msgs/package.zsh'
[0.611s] Level 1:colcon.colcon_core.environment:create_file_with_runtime_dependencies(/home/lend/work_place/Foxmax-intership/task1/ros2_homework_basic_ws/src/install/fsd_common_msgs/share/colcon-core/packages/fsd_common_msgs)
[0.612s] Level 1:colcon.colcon_core.environment:create_environment_scripts_only(fsd_common_msgs)
[0.612s] Level 1:colcon.colcon_core.environment:checking '/home/lend/work_place/Foxmax-intership/task1/ros2_homework_basic_ws/src/install/fsd_common_msgs' for CMake module files
[0.612s] Level 1:colcon.colcon_core.environment:checking '/home/lend/work_place/Foxmax-intership/task1/ros2_homework_basic_ws/src/install/fsd_common_msgs' for CMake config files
[0.613s] Level 1:colcon.colcon_core.shell:create_environment_hook('fsd_common_msgs', 'cmake_prefix_path')
[0.613s] INFO:colcon.colcon_core.shell:Creating environment hook '/home/lend/work_place/Foxmax-intership/task1/ros2_homework_basic_ws/src/install/fsd_common_msgs/share/fsd_common_msgs/hook/cmake_prefix_path.ps1'
[0.613s] INFO:colcon.colcon_core.shell:Creating environment descriptor '/home/lend/work_place/Foxmax-intership/task1/ros2_homework_basic_ws/src/install/fsd_common_msgs/share/fsd_common_msgs/hook/cmake_prefix_path.dsv'
[0.613s] INFO:colcon.colcon_core.shell:Creating environment hook '/home/lend/work_place/Foxmax-intership/task1/ros2_homework_basic_ws/src/install/fsd_common_msgs/share/fsd_common_msgs/hook/cmake_prefix_path.sh'
[0.613s] Level 1:colcon.colcon_core.environment:checking '/home/lend/work_place/Foxmax-intership/task1/ros2_homework_basic_ws/src/install/fsd_common_msgs/lib'
[0.613s] Level 1:colcon.colcon_core.shell:create_environment_hook('fsd_common_msgs', 'ld_library_path_lib')
[0.614s] INFO:colcon.colcon_core.shell:Creating environment hook '/home/lend/work_place/Foxmax-intership/task1/ros2_homework_basic_ws/src/install/fsd_common_msgs/share/fsd_common_msgs/hook/ld_library_path_lib.ps1'
[0.614s] INFO:colcon.colcon_core.shell:Creating environment descriptor '/home/lend/work_place/Foxmax-intership/task1/ros2_homework_basic_ws/src/install/fsd_common_msgs/share/fsd_common_msgs/hook/ld_library_path_lib.dsv'
[0.614s] INFO:colcon.colcon_core.shell:Creating environment hook '/home/lend/work_place/Foxmax-intership/task1/ros2_homework_basic_ws/src/install/fsd_common_msgs/share/fsd_common_msgs/hook/ld_library_path_lib.sh'
[0.614s] Level 1:colcon.colcon_core.environment:checking '/home/lend/work_place/Foxmax-intership/task1/ros2_homework_basic_ws/src/install/fsd_common_msgs/bin'
[0.614s] Level 1:colcon.colcon_core.environment:checking '/home/lend/work_place/Foxmax-intership/task1/ros2_homework_basic_ws/src/install/fsd_common_msgs/lib/pkgconfig/fsd_common_msgs.pc'
[0.614s] Level 1:colcon.colcon_core.environment:checking '/home/lend/work_place/Foxmax-intership/task1/ros2_homework_basic_ws/src/install/fsd_common_msgs/lib/python3.10/site-packages'
[0.614s] Level 1:colcon.colcon_core.environment:checking '/home/lend/work_place/Foxmax-intership/task1/ros2_homework_basic_ws/src/install/fsd_common_msgs/bin'
[0.615s] INFO:colcon.colcon_core.shell:Creating package script '/home/lend/work_place/Foxmax-intership/task1/ros2_homework_basic_ws/src/install/fsd_common_msgs/share/fsd_common_msgs/package.ps1'
[0.615s] INFO:colcon.colcon_core.shell:Creating package descriptor '/home/lend/work_place/Foxmax-intership/task1/ros2_homework_basic_ws/src/install/fsd_common_msgs/share/fsd_common_msgs/package.dsv'
[0.615s] INFO:colcon.colcon_core.shell:Creating package script '/home/lend/work_place/Foxmax-intership/task1/ros2_homework_basic_ws/src/install/fsd_common_msgs/share/fsd_common_msgs/package.sh'
[0.616s] INFO:colcon.colcon_core.shell:Creating package script '/home/lend/work_place/Foxmax-intership/task1/ros2_homework_basic_ws/src/install/fsd_common_msgs/share/fsd_common_msgs/package.bash'
[0.616s] INFO:colcon.colcon_core.shell:Creating package script '/home/lend/work_place/Foxmax-intership/task1/ros2_homework_basic_ws/src/install/fsd_common_msgs/share/fsd_common_msgs/package.zsh'
[0.616s] Level 1:colcon.colcon_core.environment:create_file_with_runtime_dependencies(/home/lend/work_place/Foxmax-intership/task1/ros2_homework_basic_ws/src/install/fsd_common_msgs/share/colcon-core/packages/fsd_common_msgs)
[0.616s] INFO:colcon.colcon_ros.task.ament_cmake.build:Building ROS package in '/home/lend/work_place/Foxmax-intership/task1/ros2_homework_basic_ws/src/cone_map_visualization' with build type 'ament_cmake'
[0.616s] INFO:colcon.colcon_cmake.task.cmake.build:Building CMake package in '/home/lend/work_place/Foxmax-intership/task1/ros2_homework_basic_ws/src/cone_map_visualization'
[0.616s] INFO:colcon.colcon_core.shell:Skip shell extension 'powershell' for command environment: Not usable outside of PowerShell
[0.616s] DEBUG:colcon.colcon_core.shell:Skip shell extension 'dsv' for command environment
[0.622s] DEBUG:colcon.colcon_core.event_handler.log_command:Invoking command in '/home/lend/work_place/Foxmax-intership/task1/ros2_homework_basic_ws/src/build/cone_map_visualization': AMENT_PREFIX_PATH=/home/lend/work_place/Foxmax-intership/task1/ros2_homework_basic_ws/src/install/fsd_common_msgs:${AMENT_PREFIX_PATH} CMAKE_PREFIX_PATH=/home/lend/work_place/Foxmax-intership/task1/ros2_homework_basic_ws/src/install/fsd_common_msgs:/opt/ros/humble LD_LIBRARY_PATH=/home/lend/work_place/Foxmax-intership/task1/ros2_homework_basic_ws/src/install/fsd_common_msgs/lib:${LD_LIBRARY_PATH} PYTHONPATH=/home/lend/work_place/Foxmax-intership/task1/ros2_homework_basic_ws/src/install/fsd_common_msgs/local/lib/python3.10/dist-packages:${PYTHONPATH} /usr/bin/cmake /home/lend/work_place/Foxmax-intership/task1/ros2_homework_basic_ws/src/cone_map_visualization -DCMAKE_INSTALL_PREFIX=/home/lend/work_place/Foxmax-intership/task1/ros2_homework_basic_ws/src/install/cone_map_visualization
[1.203s] DEBUG:colcon.colcon_core.event_handler.log_command:Invoked command in '/home/lend/work_place/Foxmax-intership/task1/ros2_homework_basic_ws/src/build/ros2_homework_basic_package' returned '0': CMAKE_PREFIX_PATH=/opt/ros/humble /usr/bin/cmake /home/lend/work_place/Foxmax-intership/task1/ros2_homework_basic_ws/src/ros2_homework_basic_package -DCMAKE_INSTALL_PREFIX=/home/lend/work_place/Foxmax-intership/task1/ros2_homework_basic_ws/src/install/ros2_homework_basic_package
[1.205s] DEBUG:colcon.colcon_core.event_handler.log_command:Invoking command in '/home/lend/work_place/Foxmax-intership/task1/ros2_homework_basic_ws/src/build/ros2_homework_basic_package': CMAKE_PREFIX_PATH=/opt/ros/humble /usr/bin/cmake --build /home/lend/work_place/Foxmax-intership/task1/ros2_homework_basic_ws/src/build/ros2_homework_basic_package -- -j32 -l32
[1.493s] DEBUG:colcon.colcon_core.event_handler.log_command:Invoked command in '/home/lend/work_place/Foxmax-intership/task1/ros2_homework_basic_ws/src/build/cone_map_visualization' returned '0': AMENT_PREFIX_PATH=/home/lend/work_place/Foxmax-intership/task1/ros2_homework_basic_ws/src/install/fsd_common_msgs:${AMENT_PREFIX_PATH} CMAKE_PREFIX_PATH=/home/lend/work_place/Foxmax-intership/task1/ros2_homework_basic_ws/src/install/fsd_common_msgs:/opt/ros/humble LD_LIBRARY_PATH=/home/lend/work_place/Foxmax-intership/task1/ros2_homework_basic_ws/src/install/fsd_common_msgs/lib:${LD_LIBRARY_PATH} PYTHONPATH=/home/lend/work_place/Foxmax-intership/task1/ros2_homework_basic_ws/src/install/fsd_common_msgs/local/lib/python3.10/dist-packages:${PYTHONPATH} /usr/bin/cmake /home/lend/work_place/Foxmax-intership/task1/ros2_homework_basic_ws/src/cone_map_visualization -DCMAKE_INSTALL_PREFIX=/home/lend/work_place/Foxmax-intership/task1/ros2_homework_basic_ws/src/install/cone_map_visualization
[1.494s] DEBUG:colcon.colcon_core.event_handler.log_command:Invoking command in '/home/lend/work_place/Foxmax-intership/task1/ros2_homework_basic_ws/src/build/cone_map_visualization': AMENT_PREFIX_PATH=/home/lend/work_place/Foxmax-intership/task1/ros2_homework_basic_ws/src/install/fsd_common_msgs:${AMENT_PREFIX_PATH} CMAKE_PREFIX_PATH=/home/lend/work_place/Foxmax-intership/task1/ros2_homework_basic_ws/src/install/fsd_common_msgs:/opt/ros/humble LD_LIBRARY_PATH=/home/lend/work_place/Foxmax-intership/task1/ros2_homework_basic_ws/src/install/fsd_common_msgs/lib:${LD_LIBRARY_PATH} PYTHONPATH=/home/lend/work_place/Foxmax-intership/task1/ros2_homework_basic_ws/src/install/fsd_common_msgs/local/lib/python3.10/dist-packages:${PYTHONPATH} /usr/bin/cmake --build /home/lend/work_place/Foxmax-intership/task1/ros2_homework_basic_ws/src/build/cone_map_visualization -- -j32 -l32
[4.078s] DEBUG:colcon.colcon_core.event_handler.log_command:Invoked command in '/home/lend/work_place/Foxmax-intership/task1/ros2_homework_basic_ws/src/build/ros2_homework_basic_package' returned '0': CMAKE_PREFIX_PATH=/opt/ros/humble /usr/bin/cmake --build /home/lend/work_place/Foxmax-intership/task1/ros2_homework_basic_ws/src/build/ros2_homework_basic_package -- -j32 -l32
[4.080s] DEBUG:colcon.colcon_core.event_handler.log_command:Invoking command in '/home/lend/work_place/Foxmax-intership/task1/ros2_homework_basic_ws/src/build/ros2_homework_basic_package': CMAKE_PREFIX_PATH=/opt/ros/humble /usr/bin/cmake --install /home/lend/work_place/Foxmax-intership/task1/ros2_homework_basic_ws/src/build/ros2_homework_basic_package
[4.090s] Level 1:colcon.colcon_core.environment:create_environment_scripts_only(ros2_homework_basic_package)
[4.090s] DEBUG:colcon.colcon_core.event_handler.log_command:Invoked command in '/home/lend/work_place/Foxmax-intership/task1/ros2_homework_basic_ws/src/build/ros2_homework_basic_package' returned '0': CMAKE_PREFIX_PATH=/opt/ros/humble /usr/bin/cmake --install /home/lend/work_place/Foxmax-intership/task1/ros2_homework_basic_ws/src/build/ros2_homework_basic_package
[4.091s] Level 1:colcon.colcon_core.environment:checking '/home/lend/work_place/Foxmax-intership/task1/ros2_homework_basic_ws/src/install/ros2_homework_basic_package' for CMake module files
[4.091s] Level 1:colcon.colcon_core.environment:checking '/home/lend/work_place/Foxmax-intership/task1/ros2_homework_basic_ws/src/install/ros2_homework_basic_package' for CMake config files
[4.091s] Level 1:colcon.colcon_core.shell:create_environment_hook('ros2_homework_basic_package', 'cmake_prefix_path')
[4.091s] INFO:colcon.colcon_core.shell:Creating environment hook '/home/lend/work_place/Foxmax-intership/task1/ros2_homework_basic_ws/src/install/ros2_homework_basic_package/share/ros2_homework_basic_package/hook/cmake_prefix_path.ps1'
[4.092s] INFO:colcon.colcon_core.shell:Creating environment descriptor '/home/lend/work_place/Foxmax-intership/task1/ros2_homework_basic_ws/src/install/ros2_homework_basic_package/share/ros2_homework_basic_package/hook/cmake_prefix_path.dsv'
[4.092s] INFO:colcon.colcon_core.shell:Creating environment hook '/home/lend/work_place/Foxmax-intership/task1/ros2_homework_basic_ws/src/install/ros2_homework_basic_package/share/ros2_homework_basic_package/hook/cmake_prefix_path.sh'
[4.092s] Level 1:colcon.colcon_core.environment:checking '/home/lend/work_place/Foxmax-intership/task1/ros2_homework_basic_ws/src/install/ros2_homework_basic_package/lib'
[4.092s] Level 1:colcon.colcon_core.environment:checking '/home/lend/work_place/Foxmax-intership/task1/ros2_homework_basic_ws/src/install/ros2_homework_basic_package/bin'
[4.092s] Level 1:colcon.colcon_core.environment:checking '/home/lend/work_place/Foxmax-intership/task1/ros2_homework_basic_ws/src/install/ros2_homework_basic_package/lib/pkgconfig/ros2_homework_basic_package.pc'
[4.092s] Level 1:colcon.colcon_core.environment:checking '/home/lend/work_place/Foxmax-intership/task1/ros2_homework_basic_ws/src/install/ros2_homework_basic_package/lib/python3.10/site-packages'
[4.092s] Level 1:colcon.colcon_core.environment:checking '/home/lend/work_place/Foxmax-intership/task1/ros2_homework_basic_ws/src/install/ros2_homework_basic_package/bin'
[4.093s] INFO:colcon.colcon_core.shell:Creating package script '/home/lend/work_place/Foxmax-intership/task1/ros2_homework_basic_ws/src/install/ros2_homework_basic_package/share/ros2_homework_basic_package/package.ps1'
[4.093s] INFO:colcon.colcon_core.shell:Creating package descriptor '/home/lend/work_place/Foxmax-intership/task1/ros2_homework_basic_ws/src/install/ros2_homework_basic_package/share/ros2_homework_basic_package/package.dsv'
[4.093s] INFO:colcon.colcon_core.shell:Creating package script '/home/lend/work_place/Foxmax-intership/task1/ros2_homework_basic_ws/src/install/ros2_homework_basic_package/share/ros2_homework_basic_package/package.sh'
[4.093s] INFO:colcon.colcon_core.shell:Creating package script '/home/lend/work_place/Foxmax-intership/task1/ros2_homework_basic_ws/src/install/ros2_homework_basic_package/share/ros2_homework_basic_package/package.bash'
[4.094s] INFO:colcon.colcon_core.shell:Creating package script '/home/lend/work_place/Foxmax-intership/task1/ros2_homework_basic_ws/src/install/ros2_homework_basic_package/share/ros2_homework_basic_package/package.zsh'
[4.094s] Level 1:colcon.colcon_core.environment:create_file_with_runtime_dependencies(/home/lend/work_place/Foxmax-intership/task1/ros2_homework_basic_ws/src/install/ros2_homework_basic_package/share/colcon-core/packages/ros2_homework_basic_package)
[4.094s] Level 1:colcon.colcon_core.environment:create_environment_scripts_only(ros2_homework_basic_package)
[4.094s] Level 1:colcon.colcon_core.environment:checking '/home/lend/work_place/Foxmax-intership/task1/ros2_homework_basic_ws/src/install/ros2_homework_basic_package' for CMake module files
[4.094s] Level 1:colcon.colcon_core.environment:checking '/home/lend/work_place/Foxmax-intership/task1/ros2_homework_basic_ws/src/install/ros2_homework_basic_package' for CMake config files
[4.094s] Level 1:colcon.colcon_core.shell:create_environment_hook('ros2_homework_basic_package', 'cmake_prefix_path')
[4.095s] INFO:colcon.colcon_core.shell:Creating environment hook '/home/lend/work_place/Foxmax-intership/task1/ros2_homework_basic_ws/src/install/ros2_homework_basic_package/share/ros2_homework_basic_package/hook/cmake_prefix_path.ps1'
[4.095s] INFO:colcon.colcon_core.shell:Creating environment descriptor '/home/lend/work_place/Foxmax-intership/task1/ros2_homework_basic_ws/src/install/ros2_homework_basic_package/share/ros2_homework_basic_package/hook/cmake_prefix_path.dsv'
[4.095s] INFO:colcon.colcon_core.shell:Creating environment hook '/home/lend/work_place/Foxmax-intership/task1/ros2_homework_basic_ws/src/install/ros2_homework_basic_package/share/ros2_homework_basic_package/hook/cmake_prefix_path.sh'
[4.096s] Level 1:colcon.colcon_core.environment:checking '/home/lend/work_place/Foxmax-intership/task1/ros2_homework_basic_ws/src/install/ros2_homework_basic_package/lib'
[4.096s] Level 1:colcon.colcon_core.environment:checking '/home/lend/work_place/Foxmax-intership/task1/ros2_homework_basic_ws/src/install/ros2_homework_basic_package/bin'
[4.096s] Level 1:colcon.colcon_core.environment:checking '/home/lend/work_place/Foxmax-intership/task1/ros2_homework_basic_ws/src/install/ros2_homework_basic_package/lib/pkgconfig/ros2_homework_basic_package.pc'
[4.096s] Level 1:colcon.colcon_core.environment:checking '/home/lend/work_place/Foxmax-intership/task1/ros2_homework_basic_ws/src/install/ros2_homework_basic_package/lib/python3.10/site-packages'
[4.096s] Level 1:colcon.colcon_core.environment:checking '/home/lend/work_place/Foxmax-intership/task1/ros2_homework_basic_ws/src/install/ros2_homework_basic_package/bin'
[4.096s] INFO:colcon.colcon_core.shell:Creating package script '/home/lend/work_place/Foxmax-intership/task1/ros2_homework_basic_ws/src/install/ros2_homework_basic_package/share/ros2_homework_basic_package/package.ps1'
[4.097s] INFO:colcon.colcon_core.shell:Creating package descriptor '/home/lend/work_place/Foxmax-intership/task1/ros2_homework_basic_ws/src/install/ros2_homework_basic_package/share/ros2_homework_basic_package/package.dsv'
[4.097s] INFO:colcon.colcon_core.shell:Creating package script '/home/lend/work_place/Foxmax-intership/task1/ros2_homework_basic_ws/src/install/ros2_homework_basic_package/share/ros2_homework_basic_package/package.sh'
[4.097s] INFO:colcon.colcon_core.shell:Creating package script '/home/lend/work_place/Foxmax-intership/task1/ros2_homework_basic_ws/src/install/ros2_homework_basic_package/share/ros2_homework_basic_package/package.bash'
[4.098s] INFO:colcon.colcon_core.shell:Creating package script '/home/lend/work_place/Foxmax-intership/task1/ros2_homework_basic_ws/src/install/ros2_homework_basic_package/share/ros2_homework_basic_package/package.zsh'
[4.098s] Level 1:colcon.colcon_core.environment:create_file_with_runtime_dependencies(/home/lend/work_place/Foxmax-intership/task1/ros2_homework_basic_ws/src/install/ros2_homework_basic_package/share/colcon-core/packages/ros2_homework_basic_package)
[7.150s] DEBUG:colcon.colcon_core.event_handler.log_command:Invoked command in '/home/lend/work_place/Foxmax-intership/task1/ros2_homework_basic_ws/src/build/cone_map_visualization' returned '0': AMENT_PREFIX_PATH=/home/lend/work_place/Foxmax-intership/task1/ros2_homework_basic_ws/src/install/fsd_common_msgs:${AMENT_PREFIX_PATH} CMAKE_PREFIX_PATH=/home/lend/work_place/Foxmax-intership/task1/ros2_homework_basic_ws/src/install/fsd_common_msgs:/opt/ros/humble LD_LIBRARY_PATH=/home/lend/work_place/Foxmax-intership/task1/ros2_homework_basic_ws/src/install/fsd_common_msgs/lib:${LD_LIBRARY_PATH} PYTHONPATH=/home/lend/work_place/Foxmax-intership/task1/ros2_homework_basic_ws/src/install/fsd_common_msgs/local/lib/python3.10/dist-packages:${PYTHONPATH} /usr/bin/cmake --build /home/lend/work_place/Foxmax-intership/task1/ros2_homework_basic_ws/src/build/cone_map_visualization -- -j32 -l32
[7.151s] DEBUG:colcon.colcon_core.event_handler.log_command:Invoking command in '/home/lend/work_place/Foxmax-intership/task1/ros2_homework_basic_ws/src/build/cone_map_visualization': AMENT_PREFIX_PATH=/home/lend/work_place/Foxmax-intership/task1/ros2_homework_basic_ws/src/install/fsd_common_msgs:${AMENT_PREFIX_PATH} CMAKE_PREFIX_PATH=/home/lend/work_place/Foxmax-intership/task1/ros2_homework_basic_ws/src/install/fsd_common_msgs:/opt/ros/humble LD_LIBRARY_PATH=/home/lend/work_place/Foxmax-intership/task1/ros2_homework_basic_ws/src/install/fsd_common_msgs/lib:${LD_LIBRARY_PATH} PYTHONPATH=/home/lend/work_place/Foxmax-intership/task1/ros2_homework_basic_ws/src/install/fsd_common_msgs/local/lib/python3.10/dist-packages:${PYTHONPATH} /usr/bin/cmake --install /home/lend/work_place/Foxmax-intership/task1/ros2_homework_basic_ws/src/build/cone_map_visualization
[7.164s] Level 1:colcon.colcon_core.environment:create_environment_scripts_only(cone_map_visualization)
[7.165s] Level 1:colcon.colcon_core.environment:checking '/home/lend/work_place/Foxmax-intership/task1/ros2_homework_basic_ws/src/install/cone_map_visualization' for CMake module files
[7.165s] DEBUG:colcon.colcon_core.event_handler.log_command:Invoked command in '/home/lend/work_place/Foxmax-intership/task1/ros2_homework_basic_ws/src/build/cone_map_visualization' returned '0': AMENT_PREFIX_PATH=/home/lend/work_place/Foxmax-intership/task1/ros2_homework_basic_ws/src/install/fsd_common_msgs:${AMENT_PREFIX_PATH} CMAKE_PREFIX_PATH=/home/lend/work_place/Foxmax-intership/task1/ros2_homework_basic_ws/src/install/fsd_common_msgs:/opt/ros/humble LD_LIBRARY_PATH=/home/lend/work_place/Foxmax-intership/task1/ros2_homework_basic_ws/src/install/fsd_common_msgs/lib:${LD_LIBRARY_PATH} PYTHONPATH=/home/lend/work_place/Foxmax-intership/task1/ros2_homework_basic_ws/src/install/fsd_common_msgs/local/lib/python3.10/dist-packages:${PYTHONPATH} /usr/bin/cmake --install /home/lend/work_place/Foxmax-intership/task1/ros2_homework_basic_ws/src/build/cone_map_visualization
[7.165s] Level 1:colcon.colcon_core.environment:checking '/home/lend/work_place/Foxmax-intership/task1/ros2_homework_basic_ws/src/install/cone_map_visualization' for CMake config files
[7.165s] Level 1:colcon.colcon_core.shell:create_environment_hook('cone_map_visualization', 'cmake_prefix_path')
[7.166s] INFO:colcon.colcon_core.shell:Creating environment hook '/home/lend/work_place/Foxmax-intership/task1/ros2_homework_basic_ws/src/install/cone_map_visualization/share/cone_map_visualization/hook/cmake_prefix_path.ps1'
[7.166s] INFO:colcon.colcon_core.shell:Creating environment descriptor '/home/lend/work_place/Foxmax-intership/task1/ros2_homework_basic_ws/src/install/cone_map_visualization/share/cone_map_visualization/hook/cmake_prefix_path.dsv'
[7.166s] INFO:colcon.colcon_core.shell:Creating environment hook '/home/lend/work_place/Foxmax-intership/task1/ros2_homework_basic_ws/src/install/cone_map_visualization/share/cone_map_visualization/hook/cmake_prefix_path.sh'
[7.166s] Level 1:colcon.colcon_core.environment:checking '/home/lend/work_place/Foxmax-intership/task1/ros2_homework_basic_ws/src/install/cone_map_visualization/lib'
[7.166s] Level 1:colcon.colcon_core.environment:checking '/home/lend/work_place/Foxmax-intership/task1/ros2_homework_basic_ws/src/install/cone_map_visualization/bin'
[7.166s] Level 1:colcon.colcon_core.environment:checking '/home/lend/work_place/Foxmax-intership/task1/ros2_homework_basic_ws/src/install/cone_map_visualization/lib/pkgconfig/cone_map_visualization.pc'
[7.167s] Level 1:colcon.colcon_core.environment:checking '/home/lend/work_place/Foxmax-intership/task1/ros2_homework_basic_ws/src/install/cone_map_visualization/lib/python3.10/site-packages'
[7.167s] Level 1:colcon.colcon_core.environment:checking '/home/lend/work_place/Foxmax-intership/task1/ros2_homework_basic_ws/src/install/cone_map_visualization/bin'
[7.167s] INFO:colcon.colcon_core.shell:Creating package script '/home/lend/work_place/Foxmax-intership/task1/ros2_homework_basic_ws/src/install/cone_map_visualization/share/cone_map_visualization/package.ps1'
[7.167s] INFO:colcon.colcon_core.shell:Creating package descriptor '/home/lend/work_place/Foxmax-intership/task1/ros2_homework_basic_ws/src/install/cone_map_visualization/share/cone_map_visualization/package.dsv'
[7.168s] INFO:colcon.colcon_core.shell:Creating package script '/home/lend/work_place/Foxmax-intership/task1/ros2_homework_basic_ws/src/install/cone_map_visualization/share/cone_map_visualization/package.sh'
[7.168s] INFO:colcon.colcon_core.shell:Creating package script '/home/lend/work_place/Foxmax-intership/task1/ros2_homework_basic_ws/src/install/cone_map_visualization/share/cone_map_visualization/package.bash'
[7.168s] INFO:colcon.colcon_core.shell:Creating package script '/home/lend/work_place/Foxmax-intership/task1/ros2_homework_basic_ws/src/install/cone_map_visualization/share/cone_map_visualization/package.zsh'
[7.168s] Level 1:colcon.colcon_core.environment:create_file_with_runtime_dependencies(/home/lend/work_place/Foxmax-intership/task1/ros2_homework_basic_ws/src/install/cone_map_visualization/share/colcon-core/packages/cone_map_visualization)
[7.169s] Level 1:colcon.colcon_core.environment:create_environment_scripts_only(cone_map_visualization)
[7.169s] Level 1:colcon.colcon_core.environment:checking '/home/lend/work_place/Foxmax-intership/task1/ros2_homework_basic_ws/src/install/cone_map_visualization' for CMake module files
[7.169s] Level 1:colcon.colcon_core.environment:checking '/home/lend/work_place/Foxmax-intership/task1/ros2_homework_basic_ws/src/install/cone_map_visualization' for CMake config files
[7.169s] Level 1:colcon.colcon_core.shell:create_environment_hook('cone_map_visualization', 'cmake_prefix_path')
[7.169s] INFO:colcon.colcon_core.shell:Creating environment hook '/home/lend/work_place/Foxmax-intership/task1/ros2_homework_basic_ws/src/install/cone_map_visualization/share/cone_map_visualization/hook/cmake_prefix_path.ps1'
[7.169s] INFO:colcon.colcon_core.shell:Creating environment descriptor '/home/lend/work_place/Foxmax-intership/task1/ros2_homework_basic_ws/src/install/cone_map_visualization/share/cone_map_visualization/hook/cmake_prefix_path.dsv'
[7.170s] INFO:colcon.colcon_core.shell:Creating environment hook '/home/lend/work_place/Foxmax-intership/task1/ros2_homework_basic_ws/src/install/cone_map_visualization/share/cone_map_visualization/hook/cmake_prefix_path.sh'
[7.170s] Level 1:colcon.colcon_core.environment:checking '/home/lend/work_place/Foxmax-intership/task1/ros2_homework_basic_ws/src/install/cone_map_visualization/lib'
[7.170s] Level 1:colcon.colcon_core.environment:checking '/home/lend/work_place/Foxmax-intership/task1/ros2_homework_basic_ws/src/install/cone_map_visualization/bin'
[7.170s] Level 1:colcon.colcon_core.environment:checking '/home/lend/work_place/Foxmax-intership/task1/ros2_homework_basic_ws/src/install/cone_map_visualization/lib/pkgconfig/cone_map_visualization.pc'
[7.170s] Level 1:colcon.colcon_core.environment:checking '/home/lend/work_place/Foxmax-intership/task1/ros2_homework_basic_ws/src/install/cone_map_visualization/lib/python3.10/site-packages'
[7.170s] Level 1:colcon.colcon_core.environment:checking '/home/lend/work_place/Foxmax-intership/task1/ros2_homework_basic_ws/src/install/cone_map_visualization/bin'
[7.170s] INFO:colcon.colcon_core.shell:Creating package script '/home/lend/work_place/Foxmax-intership/task1/ros2_homework_basic_ws/src/install/cone_map_visualization/share/cone_map_visualization/package.ps1'
[7.171s] INFO:colcon.colcon_core.shell:Creating package descriptor '/home/lend/work_place/Foxmax-intership/task1/ros2_homework_basic_ws/src/install/cone_map_visualization/share/cone_map_visualization/package.dsv'
[7.171s] INFO:colcon.colcon_core.shell:Creating package script '/home/lend/work_place/Foxmax-intership/task1/ros2_homework_basic_ws/src/install/cone_map_visualization/share/cone_map_visualization/package.sh'
[7.171s] INFO:colcon.colcon_core.shell:Creating package script '/home/lend/work_place/Foxmax-intership/task1/ros2_homework_basic_ws/src/install/cone_map_visualization/share/cone_map_visualization/package.bash'
[7.171s] INFO:colcon.colcon_core.shell:Creating package script '/home/lend/work_place/Foxmax-intership/task1/ros2_homework_basic_ws/src/install/cone_map_visualization/share/cone_map_visualization/package.zsh'
[7.172s] Level 1:colcon.colcon_core.environment:create_file_with_runtime_dependencies(/home/lend/work_place/Foxmax-intership/task1/ros2_homework_basic_ws/src/install/cone_map_visualization/share/colcon-core/packages/cone_map_visualization)
[7.172s] DEBUG:colcon.colcon_parallel_executor.executor.parallel:closing loop
[7.172s] DEBUG:colcon.colcon_parallel_executor.executor.parallel:loop closed
[7.173s] DEBUG:colcon.colcon_parallel_executor.executor.parallel:run_until_complete finished with '0'
[7.173s] DEBUG:colcon.colcon_core.event_reactor:joining thread
[7.177s] INFO:colcon.colcon_core.plugin_system:Skipping extension 'colcon_notification.desktop_notification.terminal_notifier': Not used on non-Darwin systems
[7.177s] INFO:colcon.colcon_core.plugin_system:Skipping extension 'colcon_notification.desktop_notification.win32': Not used on non-Windows systems
[7.177s] INFO:colcon.colcon_notification.desktop_notification:Sending desktop notification using 'notify2'
[7.184s] DEBUG:colcon.colcon_core.event_reactor:joined thread
[7.184s] INFO:colcon.colcon_core.shell:Creating prefix script '/home/lend/work_place/Foxmax-intership/task1/ros2_homework_basic_ws/src/install/local_setup.ps1'
[7.184s] INFO:colcon.colcon_core.shell:Creating prefix util module '/home/lend/work_place/Foxmax-intership/task1/ros2_homework_basic_ws/src/install/_local_setup_util_ps1.py'
[7.185s] INFO:colcon.colcon_core.shell:Creating prefix chain script '/home/lend/work_place/Foxmax-intership/task1/ros2_homework_basic_ws/src/install/setup.ps1'
[7.186s] INFO:colcon.colcon_core.shell:Creating prefix script '/home/lend/work_place/Foxmax-intership/task1/ros2_homework_basic_ws/src/install/local_setup.sh'
[7.186s] INFO:colcon.colcon_core.shell:Creating prefix util module '/home/lend/work_place/Foxmax-intership/task1/ros2_homework_basic_ws/src/install/_local_setup_util_sh.py'
[7.186s] INFO:colcon.colcon_core.shell:Creating prefix chain script '/home/lend/work_place/Foxmax-intership/task1/ros2_homework_basic_ws/src/install/setup.sh'
[7.187s] INFO:colcon.colcon_core.shell:Creating prefix script '/home/lend/work_place/Foxmax-intership/task1/ros2_homework_basic_ws/src/install/local_setup.bash'
[7.187s] INFO:colcon.colcon_core.shell:Creating prefix chain script '/home/lend/work_place/Foxmax-intership/task1/ros2_homework_basic_ws/src/install/setup.bash'
[7.188s] INFO:colcon.colcon_core.shell:Creating prefix script '/home/lend/work_place/Foxmax-intership/task1/ros2_homework_basic_ws/src/install/local_setup.zsh'
[7.188s] INFO:colcon.colcon_core.shell:Creating prefix chain script '/home/lend/work_place/Foxmax-intership/task1/ros2_homework_basic_ws/src/install/setup.zsh'
